::1 - - [11/Jun/2024:07:52:39 +0000] "GET / HTTP/1.1" 304 - "-" "Mozilla/5.0 (Windows NT 10.0; Win64; x64) AppleWebKit/537.36 (KHTML, like Gecko) Chrome/126.0.6478.36 Electron/31.0.0 Safari/537.36"
::1 - - [11/Jun/2024:07:52:39 +0000] "GET /script.js HTTP/1.1" 304 - "http://localhost:3000/" "Mozilla/5.0 (Windows NT 10.0; Win64; x64) AppleWebKit/537.36 (KHTML, like Gecko) Chrome/126.0.6478.36 Electron/31.0.0 Safari/537.36"
::1 - - [11/Jun/2024:07:52:39 +0000] "GET /style.css HTTP/1.1" 304 - "http://localhost:3000/" "Mozilla/5.0 (Windows NT 10.0; Win64; x64) AppleWebKit/537.36 (KHTML, like Gecko) Chrome/126.0.6478.36 Electron/31.0.0 Safari/537.36"
::1 - - [11/Jun/2024:07:53:11 +0000] "GET /%22/images/branding/googlelogo/1x/googlelogo_white_background_color_272x92dp.png/%22 HTTP/1.1" 404 223 "http://localhost:3000/" "Mozilla/5.0 (Windows NT 10.0; Win64; x64) AppleWebKit/537.36 (KHTML, like Gecko) Chrome/126.0.6478.36 Electron/31.0.0 Safari/537.36"
::1 - - [11/Jun/2024:07:54:01 +0000] "GET / HTTP/1.1" 304 - "-" "Mozilla/5.0 (Windows NT 10.0; Win64; x64) AppleWebKit/537.36 (KHTML, like Gecko) Chrome/126.0.6478.36 Electron/31.0.0 Safari/537.36"
::1 - - [11/Jun/2024:07:54:06 +0000] "GET / HTTP/1.1" 304 - "-" "Mozilla/5.0 (Windows NT 10.0; Win64; x64) AppleWebKit/537.36 (KHTML, like Gecko) Chrome/126.0.6478.36 Electron/31.0.0 Safari/537.36"
::1 - - [11/Jun/2024:07:54:08 +0000] "GET / HTTP/1.1" 304 - "-" "Mozilla/5.0 (Windows NT 10.0; Win64; x64) AppleWebKit/537.36 (KHTML, like Gecko) Chrome/126.0.6478.36 Electron/31.0.0 Safari/537.36"
::1 - - [11/Jun/2024:07:54:19 +0000] "GET / HTTP/1.1" 304 - "-" "Mozilla/5.0 (Windows NT 10.0; Win64; x64) AppleWebKit/537.36 (KHTML, like Gecko) Chrome/126.0.6478.36 Electron/31.0.0 Safari/537.36"
::1 - - [11/Jun/2024:07:54:19 +0000] "GET /style.css HTTP/1.1" 304 - "http://localhost:3000/" "Mozilla/5.0 (Windows NT 10.0; Win64; x64) AppleWebKit/537.36 (KHTML, like Gecko) Chrome/126.0.6478.36 Electron/31.0.0 Safari/537.36"
::1 - - [11/Jun/2024:07:54:19 +0000] "GET /script.js HTTP/1.1" 304 - "http://localhost:3000/" "Mozilla/5.0 (Windows NT 10.0; Win64; x64) AppleWebKit/537.36 (KHTML, like Gecko) Chrome/126.0.6478.36 Electron/31.0.0 Safari/537.36"
::1 - - [11/Jun/2024:07:54:22 +0000] "GET / HTTP/1.1" 304 - "-" "Mozilla/5.0 (Windows NT 10.0; Win64; x64) AppleWebKit/537.36 (KHTML, like Gecko) Chrome/126.0.6478.36 Electron/31.0.0 Safari/537.36"
::1 - - [11/Jun/2024:07:54:22 +0000] "GET /script.js HTTP/1.1" 304 - "http://localhost:3000/" "Mozilla/5.0 (Windows NT 10.0; Win64; x64) AppleWebKit/537.36 (KHTML, like Gecko) Chrome/126.0.6478.36 Electron/31.0.0 Safari/537.36"
::1 - - [11/Jun/2024:07:54:22 +0000] "GET /style.css HTTP/1.1" 304 - "http://localhost:3000/" "Mozilla/5.0 (Windows NT 10.0; Win64; x64) AppleWebKit/537.36 (KHTML, like Gecko) Chrome/126.0.6478.36 Electron/31.0.0 Safari/537.36"
::1 - - [11/Jun/2024:07:54:24 +0000] "GET / HTTP/1.1" 304 - "-" "Mozilla/5.0 (Windows NT 10.0; Win64; x64) AppleWebKit/537.36 (KHTML, like Gecko) Chrome/126.0.6478.36 Electron/31.0.0 Safari/537.36"
::1 - - [11/Jun/2024:07:54:25 +0000] "GET /script.js HTTP/1.1" 304 - "http://localhost:3000/" "Mozilla/5.0 (Windows NT 10.0; Win64; x64) AppleWebKit/537.36 (KHTML, like Gecko) Chrome/126.0.6478.36 Electron/31.0.0 Safari/537.36"
::1 - - [11/Jun/2024:07:54:25 +0000] "GET /style.css HTTP/1.1" 304 - "http://localhost:3000/" "Mozilla/5.0 (Windows NT 10.0; Win64; x64) AppleWebKit/537.36 (KHTML, like Gecko) Chrome/126.0.6478.36 Electron/31.0.0 Safari/537.36"
::1 - - [11/Jun/2024:07:54:28 +0000] "GET / HTTP/1.1" 304 - "-" "Mozilla/5.0 (Windows NT 10.0; Win64; x64) AppleWebKit/537.36 (KHTML, like Gecko) Chrome/126.0.6478.36 Electron/31.0.0 Safari/537.36"
::1 - - [11/Jun/2024:07:54:29 +0000] "GET /style.css HTTP/1.1" 304 - "http://localhost:3000/" "Mozilla/5.0 (Windows NT 10.0; Win64; x64) AppleWebKit/537.36 (KHTML, like Gecko) Chrome/126.0.6478.36 Electron/31.0.0 Safari/537.36"
::1 - - [11/Jun/2024:07:54:29 +0000] "GET /script.js HTTP/1.1" 304 - "http://localhost:3000/" "Mozilla/5.0 (Windows NT 10.0; Win64; x64) AppleWebKit/537.36 (KHTML, like Gecko) Chrome/126.0.6478.36 Electron/31.0.0 Safari/537.36"
::1 - - [11/Jun/2024:07:54:30 +0000] "GET / HTTP/1.1" 304 - "-" "Mozilla/5.0 (Windows NT 10.0; Win64; x64) AppleWebKit/537.36 (KHTML, like Gecko) Chrome/126.0.6478.36 Electron/31.0.0 Safari/537.36"
::1 - - [11/Jun/2024:07:54:30 +0000] "GET /style.css HTTP/1.1" 304 - "http://localhost:3000/" "Mozilla/5.0 (Windows NT 10.0; Win64; x64) AppleWebKit/537.36 (KHTML, like Gecko) Chrome/126.0.6478.36 Electron/31.0.0 Safari/537.36"
::1 - - [11/Jun/2024:07:54:30 +0000] "GET /script.js HTTP/1.1" 304 - "http://localhost:3000/" "Mozilla/5.0 (Windows NT 10.0; Win64; x64) AppleWebKit/537.36 (KHTML, like Gecko) Chrome/126.0.6478.36 Electron/31.0.0 Safari/537.36"
::1 - - [11/Jun/2024:07:54:35 +0000] "GET / HTTP/1.1" 304 - "-" "Mozilla/5.0 (Windows NT 10.0; Win64; x64) AppleWebKit/537.36 (KHTML, like Gecko) Chrome/126.0.6478.36 Electron/31.0.0 Safari/537.36"
::1 - - [11/Jun/2024:07:54:35 +0000] "GET /style.css HTTP/1.1" 304 - "http://localhost:3000/" "Mozilla/5.0 (Windows NT 10.0; Win64; x64) AppleWebKit/537.36 (KHTML, like Gecko) Chrome/126.0.6478.36 Electron/31.0.0 Safari/537.36"
::1 - - [11/Jun/2024:07:54:35 +0000] "GET /script.js HTTP/1.1" 304 - "http://localhost:3000/" "Mozilla/5.0 (Windows NT 10.0; Win64; x64) AppleWebKit/537.36 (KHTML, like Gecko) Chrome/126.0.6478.36 Electron/31.0.0 Safari/537.36"
::1 - - [11/Jun/2024:07:54:43 +0000] "GET / HTTP/1.1" 200 563 "-" "Mozilla/5.0 (Windows NT 10.0; Win64; x64) AppleWebKit/537.36 (KHTML, like Gecko) Chrome/126.0.6478.36 Electron/31.0.0 Safari/537.36"
::1 - - [11/Jun/2024:07:54:43 +0000] "GET /style.css HTTP/1.1" 304 - "http://localhost:3000/" "Mozilla/5.0 (Windows NT 10.0; Win64; x64) AppleWebKit/537.36 (KHTML, like Gecko) Chrome/126.0.6478.36 Electron/31.0.0 Safari/537.36"
::1 - - [11/Jun/2024:07:54:43 +0000] "GET /script.js HTTP/1.1" 304 - "http://localhost:3000/" "Mozilla/5.0 (Windows NT 10.0; Win64; x64) AppleWebKit/537.36 (KHTML, like Gecko) Chrome/126.0.6478.36 Electron/31.0.0 Safari/537.36"
::1 - - [11/Jun/2024:07:54:46 +0000] "GET / HTTP/1.1" 304 - "-" "Mozilla/5.0 (Windows NT 10.0; Win64; x64) AppleWebKit/537.36 (KHTML, like Gecko) Chrome/126.0.6478.36 Electron/31.0.0 Safari/537.36"
::1 - - [11/Jun/2024:07:54:50 +0000] "GET / HTTP/1.1" 304 - "-" "Mozilla/5.0 (Windows NT 10.0; Win64; x64) AppleWebKit/537.36 (KHTML, like Gecko) Chrome/126.0.6478.36 Electron/31.0.0 Safari/537.36"
::1 - - [11/Jun/2024:07:54:50 +0000] "GET /style.css HTTP/1.1" 304 - "http://localhost:3000/" "Mozilla/5.0 (Windows NT 10.0; Win64; x64) AppleWebKit/537.36 (KHTML, like Gecko) Chrome/126.0.6478.36 Electron/31.0.0 Safari/537.36"
::1 - - [11/Jun/2024:07:54:50 +0000] "GET /script.js HTTP/1.1" 304 - "http://localhost:3000/" "Mozilla/5.0 (Windows NT 10.0; Win64; x64) AppleWebKit/537.36 (KHTML, like Gecko) Chrome/126.0.6478.36 Electron/31.0.0 Safari/537.36"
::1 - - [11/Jun/2024:07:55:00 +0000] "GET / HTTP/1.1" 304 - "-" "Mozilla/5.0 (Windows NT 10.0; Win64; x64) AppleWebKit/537.36 (KHTML, like Gecko) Chrome/126.0.6478.36 Electron/31.0.0 Safari/537.36"
::1 - - [11/Jun/2024:07:55:00 +0000] "GET /script.js HTTP/1.1" 304 - "http://localhost:3000/" "Mozilla/5.0 (Windows NT 10.0; Win64; x64) AppleWebKit/537.36 (KHTML, like Gecko) Chrome/126.0.6478.36 Electron/31.0.0 Safari/537.36"
::1 - - [11/Jun/2024:07:55:00 +0000] "GET /style.css HTTP/1.1" 304 - "http://localhost:3000/" "Mozilla/5.0 (Windows NT 10.0; Win64; x64) AppleWebKit/537.36 (KHTML, like Gecko) Chrome/126.0.6478.36 Electron/31.0.0 Safari/537.36"
::1 - - [11/Jun/2024:07:55:16 +0000] "GET /%22/images/branding/googlelogo/1x/googlelogo_white_background_color_272x92dp.png/%22 HTTP/1.1" 404 223 "http://localhost:3000/" "Mozilla/5.0 (Windows NT 10.0; Win64; x64) AppleWebKit/537.36 (KHTML, like Gecko) Chrome/126.0.6478.36 Electron/31.0.0 Safari/537.36"
::1 - - [11/Jun/2024:07:56:40 +0000] "GET / HTTP/1.1" 304 - "-" "Mozilla/5.0 (Windows NT 10.0; Win64; x64) AppleWebKit/537.36 (KHTML, like Gecko) Chrome/126.0.6478.36 Electron/31.0.0 Safari/537.36"
::1 - - [11/Jun/2024:07:56:40 +0000] "GET /script.js HTTP/1.1" 304 - "http://localhost:3000/" "Mozilla/5.0 (Windows NT 10.0; Win64; x64) AppleWebKit/537.36 (KHTML, like Gecko) Chrome/126.0.6478.36 Electron/31.0.0 Safari/537.36"
::1 - - [11/Jun/2024:07:56:40 +0000] "GET /style.css HTTP/1.1" 304 - "http://localhost:3000/" "Mozilla/5.0 (Windows NT 10.0; Win64; x64) AppleWebKit/537.36 (KHTML, like Gecko) Chrome/126.0.6478.36 Electron/31.0.0 Safari/537.36"
::1 - - [11/Jun/2024:07:56:48 +0000] "GET / HTTP/1.1" 304 - "-" "Mozilla/5.0 (Windows NT 10.0; Win64; x64) AppleWebKit/537.36 (KHTML, like Gecko) Chrome/126.0.6478.36 Electron/31.0.0 Safari/537.36"
::1 - - [11/Jun/2024:07:56:48 +0000] "GET /style.css HTTP/1.1" 304 - "http://localhost:3000/" "Mozilla/5.0 (Windows NT 10.0; Win64; x64) AppleWebKit/537.36 (KHTML, like Gecko) Chrome/126.0.6478.36 Electron/31.0.0 Safari/537.36"
::1 - - [11/Jun/2024:07:56:48 +0000] "GET /script.js HTTP/1.1" 304 - "http://localhost:3000/" "Mozilla/5.0 (Windows NT 10.0; Win64; x64) AppleWebKit/537.36 (KHTML, like Gecko) Chrome/126.0.6478.36 Electron/31.0.0 Safari/537.36"
::1 - - [11/Jun/2024:07:56:50 +0000] "GET / HTTP/1.1" 304 - "-" "Mozilla/5.0 (Windows NT 10.0; Win64; x64) AppleWebKit/537.36 (KHTML, like Gecko) Chrome/126.0.6478.36 Electron/31.0.0 Safari/537.36"
::1 - - [11/Jun/2024:07:56:50 +0000] "GET /style.css HTTP/1.1" 304 - "http://localhost:3000/" "Mozilla/5.0 (Windows NT 10.0; Win64; x64) AppleWebKit/537.36 (KHTML, like Gecko) Chrome/126.0.6478.36 Electron/31.0.0 Safari/537.36"
::1 - - [11/Jun/2024:07:56:50 +0000] "GET /script.js HTTP/1.1" 304 - "http://localhost:3000/" "Mozilla/5.0 (Windows NT 10.0; Win64; x64) AppleWebKit/537.36 (KHTML, like Gecko) Chrome/126.0.6478.36 Electron/31.0.0 Safari/537.36"
::1 - - [11/Jun/2024:07:57:03 +0000] "GET /%22/images/branding/googlelogo/1x/googlelogo_white_background_color_272x92dp.png/%22 HTTP/1.1" 404 223 "http://localhost:3000/" "Mozilla/5.0 (Windows NT 10.0; Win64; x64) AppleWebKit/537.36 (KHTML, like Gecko) Chrome/126.0.6478.36 Electron/31.0.0 Safari/537.36"
::1 - - [11/Jun/2024:07:58:11 +0000] "GET / HTTP/1.1" 200 563 "-" "Mozilla/5.0 (Windows NT 10.0; Win64; x64) AppleWebKit/537.36 (KHTML, like Gecko) Chrome/126.0.6478.36 Electron/31.0.0 Safari/537.36"
::1 - - [11/Jun/2024:07:58:11 +0000] "GET /style.css HTTP/1.1" 304 - "http://localhost:3000/" "Mozilla/5.0 (Windows NT 10.0; Win64; x64) AppleWebKit/537.36 (KHTML, like Gecko) Chrome/126.0.6478.36 Electron/31.0.0 Safari/537.36"
::1 - - [11/Jun/2024:07:58:11 +0000] "GET /script.js HTTP/1.1" 304 - "http://localhost:3000/" "Mozilla/5.0 (Windows NT 10.0; Win64; x64) AppleWebKit/537.36 (KHTML, like Gecko) Chrome/126.0.6478.36 Electron/31.0.0 Safari/537.36"
::1 - - [11/Jun/2024:07:58:26 +0000] "GET /%22/images/branding/googlelogo/1x/googlelogo_white_background_color_272x92dp.png/%22 HTTP/1.1" 404 223 "http://localhost:3000/" "Mozilla/5.0 (Windows NT 10.0; Win64; x64) AppleWebKit/537.36 (KHTML, like Gecko) Chrome/126.0.6478.36 Electron/31.0.0 Safari/537.36"
::1 - - [11/Jun/2024:07:59:43 +0000] "GET /proxy?url=devtools%3A%2F%2Fdevtools%2Fbundled%2Fdevtools_app.html%3FremoteBase%3Dhttps%3A%2F%2Fchrome-devtools-frontend.appspot.com%2Fserve_file%2F%400a1a1d83444b540ed34849d6e92ceea1cc9f3868%2F%26can_dock%3Dtrue%26toolbarColor%3Drgba(223%2C223%2C223%2C1)%26textColor%3Drgba(0%2C0%2C0%2C1)%26experiments%3Dtrue HTTP/1.1" 500 42 "-" "Mozilla/5.0 (Windows NT 10.0; Win64; x64) AppleWebKit/537.36 (KHTML, like Gecko) Chrome/126.0.6478.36 Electron/31.0.0 Safari/537.36"
::1 - - [11/Jun/2024:08:00:16 +0000] "GET / HTTP/1.1" 304 - "-" "Mozilla/5.0 (Windows NT 10.0; Win64; x64) AppleWebKit/537.36 (KHTML, like Gecko) Chrome/126.0.6478.36 Electron/31.0.0 Safari/537.36"
::1 - - [11/Jun/2024:08:00:16 +0000] "GET /style.css HTTP/1.1" 304 - "http://localhost:3000/" "Mozilla/5.0 (Windows NT 10.0; Win64; x64) AppleWebKit/537.36 (KHTML, like Gecko) Chrome/126.0.6478.36 Electron/31.0.0 Safari/537.36"
::1 - - [11/Jun/2024:08:00:16 +0000] "GET /script.js HTTP/1.1" 304 - "http://localhost:3000/" "Mozilla/5.0 (Windows NT 10.0; Win64; x64) AppleWebKit/537.36 (KHTML, like Gecko) Chrome/126.0.6478.36 Electron/31.0.0 Safari/537.36"
::1 - - [11/Jun/2024:08:00:18 +0000] "GET / HTTP/1.1" 304 - "-" "Mozilla/5.0 (Windows NT 10.0; Win64; x64) AppleWebKit/537.36 (KHTML, like Gecko) Chrome/126.0.6478.36 Electron/31.0.0 Safari/537.36"
::1 - - [11/Jun/2024:08:00:18 +0000] "GET /script.js HTTP/1.1" 304 - "http://localhost:3000/" "Mozilla/5.0 (Windows NT 10.0; Win64; x64) AppleWebKit/537.36 (KHTML, like Gecko) Chrome/126.0.6478.36 Electron/31.0.0 Safari/537.36"
::1 - - [11/Jun/2024:08:00:18 +0000] "GET /style.css HTTP/1.1" 304 - "http://localhost:3000/" "Mozilla/5.0 (Windows NT 10.0; Win64; x64) AppleWebKit/537.36 (KHTML, like Gecko) Chrome/126.0.6478.36 Electron/31.0.0 Safari/537.36"
::1 - - [11/Jun/2024:08:00:21 +0000] "GET / HTTP/1.1" 304 - "-" "Mozilla/5.0 (Windows NT 10.0; Win64; x64) AppleWebKit/537.36 (KHTML, like Gecko) Chrome/126.0.6478.36 Electron/31.0.0 Safari/537.36"
::1 - - [11/Jun/2024:08:00:21 +0000] "GET /style.css HTTP/1.1" 304 - "http://localhost:3000/" "Mozilla/5.0 (Windows NT 10.0; Win64; x64) AppleWebKit/537.36 (KHTML, like Gecko) Chrome/126.0.6478.36 Electron/31.0.0 Safari/537.36"
::1 - - [11/Jun/2024:08:00:21 +0000] "GET /script.js HTTP/1.1" 304 - "http://localhost:3000/" "Mozilla/5.0 (Windows NT 10.0; Win64; x64) AppleWebKit/537.36 (KHTML, like Gecko) Chrome/126.0.6478.36 Electron/31.0.0 Safari/537.36"
::1 - - [11/Jun/2024:08:00:33 +0000] "GET / HTTP/1.1" 304 - "-" "Mozilla/5.0 (Windows NT 10.0; Win64; x64) AppleWebKit/537.36 (KHTML, like Gecko) Chrome/126.0.6478.36 Electron/31.0.0 Safari/537.36"
::1 - - [11/Jun/2024:08:00:33 +0000] "GET /script.js HTTP/1.1" 304 - "http://localhost:3000/" "Mozilla/5.0 (Windows NT 10.0; Win64; x64) AppleWebKit/537.36 (KHTML, like Gecko) Chrome/126.0.6478.36 Electron/31.0.0 Safari/537.36"
::1 - - [11/Jun/2024:08:00:33 +0000] "GET /style.css HTTP/1.1" 304 - "http://localhost:3000/" "Mozilla/5.0 (Windows NT 10.0; Win64; x64) AppleWebKit/537.36 (KHTML, like Gecko) Chrome/126.0.6478.36 Electron/31.0.0 Safari/537.36"
::1 - - [11/Jun/2024:08:00:40 +0000] "GET /proxy?url=devtools%3A%2F%2Fdevtools%2Fbundled%2Fdevtools_app.html%3FremoteBase%3Dhttps%3A%2F%2Fchrome-devtools-frontend.appspot.com%2Fserve_file%2F%400a1a1d83444b540ed34849d6e92ceea1cc9f3868%2F%26can_dock%3Dtrue%26toolbarColor%3Drgba(223%2C223%2C223%2C1)%26textColor%3Drgba(0%2C0%2C0%2C1)%26experiments%3Dtrue HTTP/1.1" 500 42 "-" "Mozilla/5.0 (Windows NT 10.0; Win64; x64) AppleWebKit/537.36 (KHTML, like Gecko) Chrome/126.0.6478.36 Electron/31.0.0 Safari/537.36"
::1 - - [11/Jun/2024:08:01:35 +0000] "GET / HTTP/1.1" 304 - "-" "Mozilla/5.0 (Windows NT 10.0; Win64; x64) AppleWebKit/537.36 (KHTML, like Gecko) Chrome/126.0.6478.36 Electron/31.0.0 Safari/537.36"
::1 - - [11/Jun/2024:08:01:35 +0000] "GET /style.css HTTP/1.1" 304 - "http://localhost:3000/" "Mozilla/5.0 (Windows NT 10.0; Win64; x64) AppleWebKit/537.36 (KHTML, like Gecko) Chrome/126.0.6478.36 Electron/31.0.0 Safari/537.36"
::1 - - [11/Jun/2024:08:01:35 +0000] "GET /script.js HTTP/1.1" 304 - "http://localhost:3000/" "Mozilla/5.0 (Windows NT 10.0; Win64; x64) AppleWebKit/537.36 (KHTML, like Gecko) Chrome/126.0.6478.36 Electron/31.0.0 Safari/537.36"
::1 - - [11/Jun/2024:08:01:40 +0000] "GET / HTTP/1.1" 304 - "-" "Mozilla/5.0 (Windows NT 10.0; Win64; x64) AppleWebKit/537.36 (KHTML, like Gecko) Chrome/126.0.6478.36 Electron/31.0.0 Safari/537.36"
::1 - - [11/Jun/2024:08:01:41 +0000] "GET /style.css HTTP/1.1" 304 - "http://localhost:3000/" "Mozilla/5.0 (Windows NT 10.0; Win64; x64) AppleWebKit/537.36 (KHTML, like Gecko) Chrome/126.0.6478.36 Electron/31.0.0 Safari/537.36"
::1 - - [11/Jun/2024:08:01:41 +0000] "GET /script.js HTTP/1.1" 304 - "http://localhost:3000/" "Mozilla/5.0 (Windows NT 10.0; Win64; x64) AppleWebKit/537.36 (KHTML, like Gecko) Chrome/126.0.6478.36 Electron/31.0.0 Safari/537.36"
::1 - - [11/Jun/2024:08:03:17 +0000] "GET / HTTP/1.1" 304 - "-" "Mozilla/5.0 (Windows NT 10.0; Win64; x64) AppleWebKit/537.36 (KHTML, like Gecko) Chrome/126.0.6478.36 Electron/31.0.0 Safari/537.36"
::1 - - [11/Jun/2024:08:03:17 +0000] "GET /style.css HTTP/1.1" 304 - "http://localhost:3000/" "Mozilla/5.0 (Windows NT 10.0; Win64; x64) AppleWebKit/537.36 (KHTML, like Gecko) Chrome/126.0.6478.36 Electron/31.0.0 Safari/537.36"
::1 - - [11/Jun/2024:08:03:17 +0000] "GET /script.js HTTP/1.1" 304 - "http://localhost:3000/" "Mozilla/5.0 (Windows NT 10.0; Win64; x64) AppleWebKit/537.36 (KHTML, like Gecko) Chrome/126.0.6478.36 Electron/31.0.0 Safari/537.36"
::1 - - [11/Jun/2024:08:03:22 +0000] "GET / HTTP/1.1" 304 - "-" "Mozilla/5.0 (Windows NT 10.0; Win64; x64) AppleWebKit/537.36 (KHTML, like Gecko) Chrome/126.0.6478.36 Electron/31.0.0 Safari/537.36"
::1 - - [11/Jun/2024:08:03:30 +0000] "GET / HTTP/1.1" 304 - "-" "Mozilla/5.0 (Windows NT 10.0; Win64; x64) AppleWebKit/537.36 (KHTML, like Gecko) Chrome/126.0.6478.36 Electron/31.0.0 Safari/537.36"
::1 - - [11/Jun/2024:08:03:30 +0000] "GET /script.js HTTP/1.1" 304 - "http://localhost:3000/" "Mozilla/5.0 (Windows NT 10.0; Win64; x64) AppleWebKit/537.36 (KHTML, like Gecko) Chrome/126.0.6478.36 Electron/31.0.0 Safari/537.36"
::1 - - [11/Jun/2024:08:03:30 +0000] "GET /style.css HTTP/1.1" 304 - "http://localhost:3000/" "Mozilla/5.0 (Windows NT 10.0; Win64; x64) AppleWebKit/537.36 (KHTML, like Gecko) Chrome/126.0.6478.36 Electron/31.0.0 Safari/537.36"
::1 - - [11/Jun/2024:08:03:32 +0000] "GET / HTTP/1.1" 304 - "-" "Mozilla/5.0 (Windows NT 10.0; Win64; x64) AppleWebKit/537.36 (KHTML, like Gecko) Chrome/126.0.6478.36 Electron/31.0.0 Safari/537.36"
::1 - - [11/Jun/2024:08:03:33 +0000] "GET /style.css HTTP/1.1" 304 - "http://localhost:3000/" "Mozilla/5.0 (Windows NT 10.0; Win64; x64) AppleWebKit/537.36 (KHTML, like Gecko) Chrome/126.0.6478.36 Electron/31.0.0 Safari/537.36"
::1 - - [11/Jun/2024:08:03:33 +0000] "GET /script.js HTTP/1.1" 304 - "http://localhost:3000/" "Mozilla/5.0 (Windows NT 10.0; Win64; x64) AppleWebKit/537.36 (KHTML, like Gecko) Chrome/126.0.6478.36 Electron/31.0.0 Safari/537.36"
::1 - - [11/Jun/2024:08:03:42 +0000] "GET / HTTP/1.1" 304 - "-" "Mozilla/5.0 (Windows NT 10.0; Win64; x64) AppleWebKit/537.36 (KHTML, like Gecko) Chrome/126.0.6478.36 Electron/31.0.0 Safari/537.36"
::1 - - [11/Jun/2024:08:03:43 +0000] "GET / HTTP/1.1" 304 - "-" "Mozilla/5.0 (Windows NT 10.0; Win64; x64) AppleWebKit/537.36 (KHTML, like Gecko) Chrome/126.0.6478.36 Electron/31.0.0 Safari/537.36"
::1 - - [11/Jun/2024:08:03:43 +0000] "GET /style.css HTTP/1.1" 304 - "http://localhost:3000/" "Mozilla/5.0 (Windows NT 10.0; Win64; x64) AppleWebKit/537.36 (KHTML, like Gecko) Chrome/126.0.6478.36 Electron/31.0.0 Safari/537.36"
::1 - - [11/Jun/2024:08:03:43 +0000] "GET /script.js HTTP/1.1" 304 - "http://localhost:3000/" "Mozilla/5.0 (Windows NT 10.0; Win64; x64) AppleWebKit/537.36 (KHTML, like Gecko) Chrome/126.0.6478.36 Electron/31.0.0 Safari/537.36"
::1 - - [11/Jun/2024:08:04:40 +0000] "GET / HTTP/1.1" 304 - "-" "Mozilla/5.0 (Windows NT 10.0; Win64; x64) AppleWebKit/537.36 (KHTML, like Gecko) Chrome/126.0.6478.36 Electron/31.0.0 Safari/537.36"
::1 - - [11/Jun/2024:08:04:41 +0000] "GET /style.css HTTP/1.1" 304 - "http://localhost:3000/" "Mozilla/5.0 (Windows NT 10.0; Win64; x64) AppleWebKit/537.36 (KHTML, like Gecko) Chrome/126.0.6478.36 Electron/31.0.0 Safari/537.36"
::1 - - [11/Jun/2024:08:04:41 +0000] "GET /script.js HTTP/1.1" 304 - "http://localhost:3000/" "Mozilla/5.0 (Windows NT 10.0; Win64; x64) AppleWebKit/537.36 (KHTML, like Gecko) Chrome/126.0.6478.36 Electron/31.0.0 Safari/537.36"
::1 - - [11/Jun/2024:08:05:13 +0000] "GET /style.css HTTP/1.1" 304 - "http://localhost:3000/" "Mozilla/5.0 (Windows NT 10.0; Win64; x64) AppleWebKit/537.36 (KHTML, like Gecko) Chrome/126.0.6478.36 Electron/31.0.0 Safari/537.36"
::1 - - [11/Jun/2024:08:05:45 +0000] "GET / HTTP/1.1" 304 - "-" "Mozilla/5.0 (Windows NT 10.0; Win64; x64) AppleWebKit/537.36 (KHTML, like Gecko) Chrome/126.0.6478.36 Electron/31.0.0 Safari/537.36"
::1 - - [11/Jun/2024:08:05:46 +0000] "GET /style.css HTTP/1.1" 304 - "http://localhost:3000/" "Mozilla/5.0 (Windows NT 10.0; Win64; x64) AppleWebKit/537.36 (KHTML, like Gecko) Chrome/126.0.6478.36 Electron/31.0.0 Safari/537.36"
::1 - - [11/Jun/2024:08:05:46 +0000] "GET /script.js HTTP/1.1" 304 - "http://localhost:3000/" "Mozilla/5.0 (Windows NT 10.0; Win64; x64) AppleWebKit/537.36 (KHTML, like Gecko) Chrome/126.0.6478.36 Electron/31.0.0 Safari/537.36"
::1 - - [11/Jun/2024:08:05:51 +0000] "GET /style.css HTTP/1.1" 304 - "http://localhost:3000/" "Mozilla/5.0 (Windows NT 10.0; Win64; x64) AppleWebKit/537.36 (KHTML, like Gecko) Chrome/126.0.6478.36 Electron/31.0.0 Safari/537.36"
::1 - - [11/Jun/2024:08:06:07 +0000] "GET /%22/images/branding/googlelogo/1x/googlelogo_white_background_color_272x92dp.png/%22 HTTP/1.1" 404 223 "http://localhost:3000/" "Mozilla/5.0 (Windows NT 10.0; Win64; x64) AppleWebKit/537.36 (KHTML, like Gecko) Chrome/126.0.6478.36 Electron/31.0.0 Safari/537.36"
::1 - - [11/Jun/2024:08:07:31 +0000] "GET / HTTP/1.1" 304 - "-" "Mozilla/5.0 (Windows NT 10.0; Win64; x64) AppleWebKit/537.36 (KHTML, like Gecko) Chrome/126.0.6478.36 Electron/31.0.0 Safari/537.36"
::1 - - [11/Jun/2024:08:07:32 +0000] "GET /script.js HTTP/1.1" 304 - "http://localhost:3000/" "Mozilla/5.0 (Windows NT 10.0; Win64; x64) AppleWebKit/537.36 (KHTML, like Gecko) Chrome/126.0.6478.36 Electron/31.0.0 Safari/537.36"
::1 - - [11/Jun/2024:08:07:32 +0000] "GET /style.css HTTP/1.1" 304 - "http://localhost:3000/" "Mozilla/5.0 (Windows NT 10.0; Win64; x64) AppleWebKit/537.36 (KHTML, like Gecko) Chrome/126.0.6478.36 Electron/31.0.0 Safari/537.36"
::1 - - [11/Jun/2024:08:07:33 +0000] "GET / HTTP/1.1" 304 - "-" "Mozilla/5.0 (Windows NT 10.0; Win64; x64) AppleWebKit/537.36 (KHTML, like Gecko) Chrome/126.0.6478.36 Electron/31.0.0 Safari/537.36"
::1 - - [11/Jun/2024:08:07:33 +0000] "GET /style.css HTTP/1.1" 304 - "http://localhost:3000/" "Mozilla/5.0 (Windows NT 10.0; Win64; x64) AppleWebKit/537.36 (KHTML, like Gecko) Chrome/126.0.6478.36 Electron/31.0.0 Safari/537.36"
::1 - - [11/Jun/2024:08:07:33 +0000] "GET /script.js HTTP/1.1" 304 - "http://localhost:3000/" "Mozilla/5.0 (Windows NT 10.0; Win64; x64) AppleWebKit/537.36 (KHTML, like Gecko) Chrome/126.0.6478.36 Electron/31.0.0 Safari/537.36"
::1 - - [11/Jun/2024:08:07:49 +0000] "GET /%22/images/branding/googlelogo/1x/googlelogo_white_background_color_272x92dp.png/%22 HTTP/1.1" 404 223 "http://localhost:3000/" "Mozilla/5.0 (Windows NT 10.0; Win64; x64) AppleWebKit/537.36 (KHTML, like Gecko) Chrome/126.0.6478.36 Electron/31.0.0 Safari/537.36"
::1 - - [11/Jun/2024:08:09:00 +0000] "GET /style.css HTTP/1.1" 304 - "http://localhost:3000/" "Mozilla/5.0 (Windows NT 10.0; Win64; x64) AppleWebKit/537.36 (KHTML, like Gecko) Chrome/126.0.6478.36 Electron/31.0.0 Safari/537.36"
::1 - - [11/Jun/2024:08:12:50 +0000] "GET /%22/images/branding/googlelogo/1x/googlelogo_white_background_color_272x92dp.png/%22 HTTP/1.1" 404 223 "http://localhost:3000/" "Mozilla/5.0 (Windows NT 10.0; Win64; x64) AppleWebKit/537.36 (KHTML, like Gecko) Chrome/126.0.6478.36 Electron/31.0.0 Safari/537.36"
::1 - - [11/Jun/2024:08:13:08 +0000] "GET / HTTP/1.1" 304 - "-" "Mozilla/5.0 (Windows NT 10.0; Win64; x64) AppleWebKit/537.36 (KHTML, like Gecko) Chrome/126.0.6478.36 Electron/31.0.0 Safari/537.36"
::1 - - [11/Jun/2024:08:13:08 +0000] "GET /style.css HTTP/1.1" 304 - "http://localhost:3000/" "Mozilla/5.0 (Windows NT 10.0; Win64; x64) AppleWebKit/537.36 (KHTML, like Gecko) Chrome/126.0.6478.36 Electron/31.0.0 Safari/537.36"
::1 - - [11/Jun/2024:08:13:08 +0000] "GET /script.js HTTP/1.1" 304 - "http://localhost:3000/" "Mozilla/5.0 (Windows NT 10.0; Win64; x64) AppleWebKit/537.36 (KHTML, like Gecko) Chrome/126.0.6478.36 Electron/31.0.0 Safari/537.36"
::1 - - [11/Jun/2024:08:13:14 +0000] "GET / HTTP/1.1" 304 - "-" "Mozilla/5.0 (Windows NT 10.0; Win64; x64) AppleWebKit/537.36 (KHTML, like Gecko) Chrome/126.0.6478.36 Electron/31.0.0 Safari/537.36"
::1 - - [11/Jun/2024:08:13:14 +0000] "GET /style.css HTTP/1.1" 304 - "http://localhost:3000/" "Mozilla/5.0 (Windows NT 10.0; Win64; x64) AppleWebKit/537.36 (KHTML, like Gecko) Chrome/126.0.6478.36 Electron/31.0.0 Safari/537.36"
::1 - - [11/Jun/2024:08:13:14 +0000] "GET /script.js HTTP/1.1" 304 - "http://localhost:3000/" "Mozilla/5.0 (Windows NT 10.0; Win64; x64) AppleWebKit/537.36 (KHTML, like Gecko) Chrome/126.0.6478.36 Electron/31.0.0 Safari/537.36"
::1 - - [11/Jun/2024:08:13:42 +0000] "GET /%22/images/branding/googlelogo/1x/googlelogo_white_background_color_272x92dp.png/%22 HTTP/1.1" 404 223 "http://localhost:3000/" "Mozilla/5.0 (Windows NT 10.0; Win64; x64) AppleWebKit/537.36 (KHTML, like Gecko) Chrome/126.0.6478.36 Electron/31.0.0 Safari/537.36"
::1 - - [11/Jun/2024:08:14:23 +0000] "GET / HTTP/1.1" 304 - "-" "Mozilla/5.0 (Windows NT 10.0; Win64; x64) AppleWebKit/537.36 (KHTML, like Gecko) Chrome/126.0.6478.36 Electron/31.0.0 Safari/537.36"
::1 - - [11/Jun/2024:08:14:23 +0000] "GET /script.js HTTP/1.1" 304 - "http://localhost:3000/" "Mozilla/5.0 (Windows NT 10.0; Win64; x64) AppleWebKit/537.36 (KHTML, like Gecko) Chrome/126.0.6478.36 Electron/31.0.0 Safari/537.36"
::1 - - [11/Jun/2024:08:14:23 +0000] "GET /style.css HTTP/1.1" 304 - "http://localhost:3000/" "Mozilla/5.0 (Windows NT 10.0; Win64; x64) AppleWebKit/537.36 (KHTML, like Gecko) Chrome/126.0.6478.36 Electron/31.0.0 Safari/537.36"
::1 - - [11/Jun/2024:08:14:49 +0000] "GET /%22/images/branding/googlelogo/1x/googlelogo_white_background_color_272x92dp.png/%22 HTTP/1.1" 404 223 "http://localhost:3000/" "Mozilla/5.0 (Windows NT 10.0; Win64; x64) AppleWebKit/537.36 (KHTML, like Gecko) Chrome/126.0.6478.36 Electron/31.0.0 Safari/537.36"
::1 - - [11/Jun/2024:08:16:26 +0000] "GET / HTTP/1.1" 304 - "-" "Mozilla/5.0 (Windows NT 10.0; Win64; x64) AppleWebKit/537.36 (KHTML, like Gecko) Chrome/126.0.6478.36 Electron/31.0.0 Safari/537.36"
::1 - - [11/Jun/2024:08:16:27 +0000] "GET /style.css HTTP/1.1" 304 - "http://localhost:3000/" "Mozilla/5.0 (Windows NT 10.0; Win64; x64) AppleWebKit/537.36 (KHTML, like Gecko) Chrome/126.0.6478.36 Electron/31.0.0 Safari/537.36"
::1 - - [11/Jun/2024:08:16:27 +0000] "GET /script.js HTTP/1.1" 304 - "http://localhost:3000/" "Mozilla/5.0 (Windows NT 10.0; Win64; x64) AppleWebKit/537.36 (KHTML, like Gecko) Chrome/126.0.6478.36 Electron/31.0.0 Safari/537.36"
::1 - - [11/Jun/2024:08:16:29 +0000] "GET / HTTP/1.1" 304 - "-" "Mozilla/5.0 (Windows NT 10.0; Win64; x64) AppleWebKit/537.36 (KHTML, like Gecko) Chrome/126.0.6478.36 Electron/31.0.0 Safari/537.36"
::1 - - [11/Jun/2024:08:16:29 +0000] "GET /script.js HTTP/1.1" 304 - "http://localhost:3000/" "Mozilla/5.0 (Windows NT 10.0; Win64; x64) AppleWebKit/537.36 (KHTML, like Gecko) Chrome/126.0.6478.36 Electron/31.0.0 Safari/537.36"
::1 - - [11/Jun/2024:08:16:29 +0000] "GET /style.css HTTP/1.1" 304 - "http://localhost:3000/" "Mozilla/5.0 (Windows NT 10.0; Win64; x64) AppleWebKit/537.36 (KHTML, like Gecko) Chrome/126.0.6478.36 Electron/31.0.0 Safari/537.36"
::1 - - [11/Jun/2024:08:16:37 +0000] "GET / HTTP/1.1" 304 - "-" "Mozilla/5.0 (Windows NT 10.0; Win64; x64) AppleWebKit/537.36 (KHTML, like Gecko) Chrome/126.0.6478.36 Electron/31.0.0 Safari/537.36"
::1 - - [11/Jun/2024:08:16:37 +0000] "GET /style.css HTTP/1.1" 304 - "http://localhost:3000/" "Mozilla/5.0 (Windows NT 10.0; Win64; x64) AppleWebKit/537.36 (KHTML, like Gecko) Chrome/126.0.6478.36 Electron/31.0.0 Safari/537.36"
::1 - - [11/Jun/2024:08:16:37 +0000] "GET /script.js HTTP/1.1" 304 - "http://localhost:3000/" "Mozilla/5.0 (Windows NT 10.0; Win64; x64) AppleWebKit/537.36 (KHTML, like Gecko) Chrome/126.0.6478.36 Electron/31.0.0 Safari/537.36"
::1 - - [11/Jun/2024:08:16:40 +0000] "GET / HTTP/1.1" 304 - "-" "Mozilla/5.0 (Windows NT 10.0; Win64; x64) AppleWebKit/537.36 (KHTML, like Gecko) Chrome/126.0.6478.36 Electron/31.0.0 Safari/537.36"
::1 - - [11/Jun/2024:08:16:41 +0000] "GET /style.css HTTP/1.1" 304 - "http://localhost:3000/" "Mozilla/5.0 (Windows NT 10.0; Win64; x64) AppleWebKit/537.36 (KHTML, like Gecko) Chrome/126.0.6478.36 Electron/31.0.0 Safari/537.36"
::1 - - [11/Jun/2024:08:16:41 +0000] "GET /script.js HTTP/1.1" 304 - "http://localhost:3000/" "Mozilla/5.0 (Windows NT 10.0; Win64; x64) AppleWebKit/537.36 (KHTML, like Gecko) Chrome/126.0.6478.36 Electron/31.0.0 Safari/537.36"
::1 - - [11/Jun/2024:08:16:57 +0000] "GET / HTTP/1.1" 304 - "-" "Mozilla/5.0 (Windows NT 10.0; Win64; x64) AppleWebKit/537.36 (KHTML, like Gecko) Chrome/126.0.6478.36 Electron/31.0.0 Safari/537.36"
::1 - - [11/Jun/2024:08:16:58 +0000] "GET /style.css HTTP/1.1" 304 - "http://localhost:3000/" "Mozilla/5.0 (Windows NT 10.0; Win64; x64) AppleWebKit/537.36 (KHTML, like Gecko) Chrome/126.0.6478.36 Electron/31.0.0 Safari/537.36"
::1 - - [11/Jun/2024:08:16:58 +0000] "GET /script.js HTTP/1.1" 304 - "http://localhost:3000/" "Mozilla/5.0 (Windows NT 10.0; Win64; x64) AppleWebKit/537.36 (KHTML, like Gecko) Chrome/126.0.6478.36 Electron/31.0.0 Safari/537.36"
::1 - - [11/Jun/2024:08:16:59 +0000] "GET / HTTP/1.1" 304 - "-" "Mozilla/5.0 (Windows NT 10.0; Win64; x64) AppleWebKit/537.36 (KHTML, like Gecko) Chrome/126.0.6478.36 Electron/31.0.0 Safari/537.36"
::1 - - [11/Jun/2024:08:16:59 +0000] "GET /style.css HTTP/1.1" 304 - "http://localhost:3000/" "Mozilla/5.0 (Windows NT 10.0; Win64; x64) AppleWebKit/537.36 (KHTML, like Gecko) Chrome/126.0.6478.36 Electron/31.0.0 Safari/537.36"
::1 - - [11/Jun/2024:08:16:59 +0000] "GET /script.js HTTP/1.1" 304 - "http://localhost:3000/" "Mozilla/5.0 (Windows NT 10.0; Win64; x64) AppleWebKit/537.36 (KHTML, like Gecko) Chrome/126.0.6478.36 Electron/31.0.0 Safari/537.36"
::1 - - [11/Jun/2024:08:17:02 +0000] "GET / HTTP/1.1" 304 - "-" "Mozilla/5.0 (Windows NT 10.0; Win64; x64) AppleWebKit/537.36 (KHTML, like Gecko) Chrome/126.0.6478.36 Electron/31.0.0 Safari/537.36"
::1 - - [11/Jun/2024:08:17:03 +0000] "GET / HTTP/1.1" 304 - "-" "Mozilla/5.0 (Windows NT 10.0; Win64; x64) AppleWebKit/537.36 (KHTML, like Gecko) Chrome/126.0.6478.36 Electron/31.0.0 Safari/537.36"
::1 - - [11/Jun/2024:08:17:03 +0000] "GET /script.js HTTP/1.1" 304 - "http://localhost:3000/" "Mozilla/5.0 (Windows NT 10.0; Win64; x64) AppleWebKit/537.36 (KHTML, like Gecko) Chrome/126.0.6478.36 Electron/31.0.0 Safari/537.36"
::1 - - [11/Jun/2024:08:17:03 +0000] "GET /style.css HTTP/1.1" 304 - "http://localhost:3000/" "Mozilla/5.0 (Windows NT 10.0; Win64; x64) AppleWebKit/537.36 (KHTML, like Gecko) Chrome/126.0.6478.36 Electron/31.0.0 Safari/537.36"
::1 - - [11/Jun/2024:08:17:04 +0000] "GET / HTTP/1.1" 304 - "-" "Mozilla/5.0 (Windows NT 10.0; Win64; x64) AppleWebKit/537.36 (KHTML, like Gecko) Chrome/126.0.6478.36 Electron/31.0.0 Safari/537.36"
::1 - - [11/Jun/2024:08:17:04 +0000] "GET /script.js HTTP/1.1" 304 - "http://localhost:3000/" "Mozilla/5.0 (Windows NT 10.0; Win64; x64) AppleWebKit/537.36 (KHTML, like Gecko) Chrome/126.0.6478.36 Electron/31.0.0 Safari/537.36"
::1 - - [11/Jun/2024:08:17:04 +0000] "GET /style.css HTTP/1.1" 304 - "http://localhost:3000/" "Mozilla/5.0 (Windows NT 10.0; Win64; x64) AppleWebKit/537.36 (KHTML, like Gecko) Chrome/126.0.6478.36 Electron/31.0.0 Safari/537.36"
::1 - - [11/Jun/2024:08:17:07 +0000] "GET / HTTP/1.1" 304 - "-" "Mozilla/5.0 (Windows NT 10.0; Win64; x64) AppleWebKit/537.36 (KHTML, like Gecko) Chrome/126.0.6478.36 Electron/31.0.0 Safari/537.36"
::1 - - [11/Jun/2024:08:17:10 +0000] "GET / HTTP/1.1" 304 - "-" "Mozilla/5.0 (Windows NT 10.0; Win64; x64) AppleWebKit/537.36 (KHTML, like Gecko) Chrome/126.0.6478.36 Electron/31.0.0 Safari/537.36"
::1 - - [11/Jun/2024:08:17:11 +0000] "GET /script.js HTTP/1.1" 304 - "http://localhost:3000/" "Mozilla/5.0 (Windows NT 10.0; Win64; x64) AppleWebKit/537.36 (KHTML, like Gecko) Chrome/126.0.6478.36 Electron/31.0.0 Safari/537.36"
::1 - - [11/Jun/2024:08:17:11 +0000] "GET /style.css HTTP/1.1" 304 - "http://localhost:3000/" "Mozilla/5.0 (Windows NT 10.0; Win64; x64) AppleWebKit/537.36 (KHTML, like Gecko) Chrome/126.0.6478.36 Electron/31.0.0 Safari/537.36"
::1 - - [11/Jun/2024:08:17:12 +0000] "GET / HTTP/1.1" 304 - "-" "Mozilla/5.0 (Windows NT 10.0; Win64; x64) AppleWebKit/537.36 (KHTML, like Gecko) Chrome/126.0.6478.36 Electron/31.0.0 Safari/537.36"
::1 - - [11/Jun/2024:08:17:12 +0000] "GET /style.css HTTP/1.1" 304 - "http://localhost:3000/" "Mozilla/5.0 (Windows NT 10.0; Win64; x64) AppleWebKit/537.36 (KHTML, like Gecko) Chrome/126.0.6478.36 Electron/31.0.0 Safari/537.36"
::1 - - [11/Jun/2024:08:17:12 +0000] "GET /script.js HTTP/1.1" 304 - "http://localhost:3000/" "Mozilla/5.0 (Windows NT 10.0; Win64; x64) AppleWebKit/537.36 (KHTML, like Gecko) Chrome/126.0.6478.36 Electron/31.0.0 Safari/537.36"
::1 - - [11/Jun/2024:08:17:22 +0000] "GET / HTTP/1.1" 304 - "-" "Mozilla/5.0 (Windows NT 10.0; Win64; x64) AppleWebKit/537.36 (KHTML, like Gecko) Chrome/126.0.6478.36 Electron/31.0.0 Safari/537.36"
::1 - - [11/Jun/2024:08:17:22 +0000] "GET /script.js HTTP/1.1" 304 - "http://localhost:3000/" "Mozilla/5.0 (Windows NT 10.0; Win64; x64) AppleWebKit/537.36 (KHTML, like Gecko) Chrome/126.0.6478.36 Electron/31.0.0 Safari/537.36"
::1 - - [11/Jun/2024:08:17:22 +0000] "GET /style.css HTTP/1.1" 304 - "http://localhost:3000/" "Mozilla/5.0 (Windows NT 10.0; Win64; x64) AppleWebKit/537.36 (KHTML, like Gecko) Chrome/126.0.6478.36 Electron/31.0.0 Safari/537.36"
::1 - - [11/Jun/2024:08:17:24 +0000] "GET / HTTP/1.1" 304 - "-" "Mozilla/5.0 (Windows NT 10.0; Win64; x64) AppleWebKit/537.36 (KHTML, like Gecko) Chrome/126.0.6478.36 Electron/31.0.0 Safari/537.36"
::1 - - [11/Jun/2024:08:17:24 +0000] "GET /script.js HTTP/1.1" 304 - "http://localhost:3000/" "Mozilla/5.0 (Windows NT 10.0; Win64; x64) AppleWebKit/537.36 (KHTML, like Gecko) Chrome/126.0.6478.36 Electron/31.0.0 Safari/537.36"
::1 - - [11/Jun/2024:08:17:24 +0000] "GET /style.css HTTP/1.1" 304 - "http://localhost:3000/" "Mozilla/5.0 (Windows NT 10.0; Win64; x64) AppleWebKit/537.36 (KHTML, like Gecko) Chrome/126.0.6478.36 Electron/31.0.0 Safari/537.36"
::1 - - [11/Jun/2024:08:17:29 +0000] "GET / HTTP/1.1" 304 - "-" "Mozilla/5.0 (Windows NT 10.0; Win64; x64) AppleWebKit/537.36 (KHTML, like Gecko) Chrome/126.0.6478.36 Electron/31.0.0 Safari/537.36"
::1 - - [11/Jun/2024:08:17:30 +0000] "GET / HTTP/1.1" 304 - "-" "Mozilla/5.0 (Windows NT 10.0; Win64; x64) AppleWebKit/537.36 (KHTML, like Gecko) Chrome/126.0.6478.36 Electron/31.0.0 Safari/537.36"
::1 - - [11/Jun/2024:08:17:31 +0000] "GET /script.js HTTP/1.1" 304 - "http://localhost:3000/" "Mozilla/5.0 (Windows NT 10.0; Win64; x64) AppleWebKit/537.36 (KHTML, like Gecko) Chrome/126.0.6478.36 Electron/31.0.0 Safari/537.36"
::1 - - [11/Jun/2024:08:17:31 +0000] "GET /style.css HTTP/1.1" 304 - "http://localhost:3000/" "Mozilla/5.0 (Windows NT 10.0; Win64; x64) AppleWebKit/537.36 (KHTML, like Gecko) Chrome/126.0.6478.36 Electron/31.0.0 Safari/537.36"
::1 - - [11/Jun/2024:08:17:42 +0000] "GET / HTTP/1.1" 304 - "-" "Mozilla/5.0 (Windows NT 10.0; Win64; x64) AppleWebKit/537.36 (KHTML, like Gecko) Chrome/126.0.6478.36 Electron/31.0.0 Safari/537.36"
::1 - - [11/Jun/2024:08:17:42 +0000] "GET /style.css HTTP/1.1" 304 - "http://localhost:3000/" "Mozilla/5.0 (Windows NT 10.0; Win64; x64) AppleWebKit/537.36 (KHTML, like Gecko) Chrome/126.0.6478.36 Electron/31.0.0 Safari/537.36"
::1 - - [11/Jun/2024:08:17:42 +0000] "GET /script.js HTTP/1.1" 304 - "http://localhost:3000/" "Mozilla/5.0 (Windows NT 10.0; Win64; x64) AppleWebKit/537.36 (KHTML, like Gecko) Chrome/126.0.6478.36 Electron/31.0.0 Safari/537.36"
::1 - - [11/Jun/2024:08:17:45 +0000] "GET / HTTP/1.1" 304 - "-" "Mozilla/5.0 (Windows NT 10.0; Win64; x64) AppleWebKit/537.36 (KHTML, like Gecko) Chrome/126.0.6478.36 Electron/31.0.0 Safari/537.36"
::1 - - [11/Jun/2024:08:17:45 +0000] "GET /style.css HTTP/1.1" 304 - "http://localhost:3000/" "Mozilla/5.0 (Windows NT 10.0; Win64; x64) AppleWebKit/537.36 (KHTML, like Gecko) Chrome/126.0.6478.36 Electron/31.0.0 Safari/537.36"
::1 - - [11/Jun/2024:08:17:45 +0000] "GET /script.js HTTP/1.1" 304 - "http://localhost:3000/" "Mozilla/5.0 (Windows NT 10.0; Win64; x64) AppleWebKit/537.36 (KHTML, like Gecko) Chrome/126.0.6478.36 Electron/31.0.0 Safari/537.36"
::1 - - [11/Jun/2024:08:17:59 +0000] "GET /%22/images/branding/googlelogo/1x/googlelogo_white_background_color_272x92dp.png/%22 HTTP/1.1" 404 223 "http://localhost:3000/" "Mozilla/5.0 (Windows NT 10.0; Win64; x64) AppleWebKit/537.36 (KHTML, like Gecko) Chrome/126.0.6478.36 Electron/31.0.0 Safari/537.36"
::1 - - [11/Jun/2024:08:18:48 +0000] "GET / HTTP/1.1" 304 - "-" "Mozilla/5.0 (Windows NT 10.0; Win64; x64) AppleWebKit/537.36 (KHTML, like Gecko) Chrome/126.0.6478.36 Electron/31.0.0 Safari/537.36"
::1 - - [11/Jun/2024:08:18:49 +0000] "GET /style.css HTTP/1.1" 304 - "http://localhost:3000/" "Mozilla/5.0 (Windows NT 10.0; Win64; x64) AppleWebKit/537.36 (KHTML, like Gecko) Chrome/126.0.6478.36 Electron/31.0.0 Safari/537.36"
::1 - - [11/Jun/2024:08:18:49 +0000] "GET /script.js HTTP/1.1" 304 - "http://localhost:3000/" "Mozilla/5.0 (Windows NT 10.0; Win64; x64) AppleWebKit/537.36 (KHTML, like Gecko) Chrome/126.0.6478.36 Electron/31.0.0 Safari/537.36"
::1 - - [11/Jun/2024:08:18:51 +0000] "GET / HTTP/1.1" 304 - "-" "Mozilla/5.0 (Windows NT 10.0; Win64; x64) AppleWebKit/537.36 (KHTML, like Gecko) Chrome/126.0.6478.36 Electron/31.0.0 Safari/537.36"
::1 - - [11/Jun/2024:08:18:51 +0000] "GET /style.css HTTP/1.1" 304 - "http://localhost:3000/" "Mozilla/5.0 (Windows NT 10.0; Win64; x64) AppleWebKit/537.36 (KHTML, like Gecko) Chrome/126.0.6478.36 Electron/31.0.0 Safari/537.36"
::1 - - [11/Jun/2024:08:18:51 +0000] "GET /script.js HTTP/1.1" 304 - "http://localhost:3000/" "Mozilla/5.0 (Windows NT 10.0; Win64; x64) AppleWebKit/537.36 (KHTML, like Gecko) Chrome/126.0.6478.36 Electron/31.0.0 Safari/537.36"
::1 - - [11/Jun/2024:08:19:02 +0000] "GET /%22/images/branding/googlelogo/1x/googlelogo_white_background_color_272x92dp.png/%22 HTTP/1.1" 404 223 "http://localhost:3000/" "Mozilla/5.0 (Windows NT 10.0; Win64; x64) AppleWebKit/537.36 (KHTML, like Gecko) Chrome/126.0.6478.36 Electron/31.0.0 Safari/537.36"
::1 - - [11/Jun/2024:08:19:37 +0000] "GET / HTTP/1.1" 304 - "-" "Mozilla/5.0 (Windows NT 10.0; Win64; x64) AppleWebKit/537.36 (KHTML, like Gecko) Chrome/126.0.6478.36 Electron/31.0.0 Safari/537.36"
::1 - - [11/Jun/2024:08:19:37 +0000] "GET /style.css HTTP/1.1" 304 - "http://localhost:3000/" "Mozilla/5.0 (Windows NT 10.0; Win64; x64) AppleWebKit/537.36 (KHTML, like Gecko) Chrome/126.0.6478.36 Electron/31.0.0 Safari/537.36"
::1 - - [11/Jun/2024:08:19:37 +0000] "GET /script.js HTTP/1.1" 304 - "http://localhost:3000/" "Mozilla/5.0 (Windows NT 10.0; Win64; x64) AppleWebKit/537.36 (KHTML, like Gecko) Chrome/126.0.6478.36 Electron/31.0.0 Safari/537.36"
::1 - - [11/Jun/2024:08:20:00 +0000] "GET / HTTP/1.1" 304 - "-" "Mozilla/5.0 (Windows NT 10.0; Win64; x64) AppleWebKit/537.36 (KHTML, like Gecko) Chrome/126.0.6478.36 Electron/31.0.0 Safari/537.36"
::1 - - [11/Jun/2024:08:20:00 +0000] "GET /style.css HTTP/1.1" 304 - "http://localhost:3000/" "Mozilla/5.0 (Windows NT 10.0; Win64; x64) AppleWebKit/537.36 (KHTML, like Gecko) Chrome/126.0.6478.36 Electron/31.0.0 Safari/537.36"
::1 - - [11/Jun/2024:08:20:00 +0000] "GET /script.js HTTP/1.1" 304 - "http://localhost:3000/" "Mozilla/5.0 (Windows NT 10.0; Win64; x64) AppleWebKit/537.36 (KHTML, like Gecko) Chrome/126.0.6478.36 Electron/31.0.0 Safari/537.36"
::1 - - [11/Jun/2024:08:20:05 +0000] "GET / HTTP/1.1" 304 - "-" "Mozilla/5.0 (Windows NT 10.0; Win64; x64) AppleWebKit/537.36 (KHTML, like Gecko) Chrome/126.0.6478.36 Electron/31.0.0 Safari/537.36"
::1 - - [11/Jun/2024:08:20:11 +0000] "GET / HTTP/1.1" 304 - "-" "Mozilla/5.0 (Windows NT 10.0; Win64; x64) AppleWebKit/537.36 (KHTML, like Gecko) Chrome/126.0.6478.36 Electron/31.0.0 Safari/537.36"
::1 - - [11/Jun/2024:08:20:11 +0000] "GET /script.js HTTP/1.1" 304 - "http://localhost:3000/" "Mozilla/5.0 (Windows NT 10.0; Win64; x64) AppleWebKit/537.36 (KHTML, like Gecko) Chrome/126.0.6478.36 Electron/31.0.0 Safari/537.36"
::1 - - [11/Jun/2024:08:20:11 +0000] "GET /style.css HTTP/1.1" 304 - "http://localhost:3000/" "Mozilla/5.0 (Windows NT 10.0; Win64; x64) AppleWebKit/537.36 (KHTML, like Gecko) Chrome/126.0.6478.36 Electron/31.0.0 Safari/537.36"
::1 - - [11/Jun/2024:08:20:14 +0000] "GET / HTTP/1.1" 304 - "-" "Mozilla/5.0 (Windows NT 10.0; Win64; x64) AppleWebKit/537.36 (KHTML, like Gecko) Chrome/126.0.6478.36 Electron/31.0.0 Safari/537.36"
::1 - - [11/Jun/2024:08:20:15 +0000] "GET /script.js HTTP/1.1" 304 - "http://localhost:3000/" "Mozilla/5.0 (Windows NT 10.0; Win64; x64) AppleWebKit/537.36 (KHTML, like Gecko) Chrome/126.0.6478.36 Electron/31.0.0 Safari/537.36"
::1 - - [11/Jun/2024:08:20:15 +0000] "GET /style.css HTTP/1.1" 304 - "http://localhost:3000/" "Mozilla/5.0 (Windows NT 10.0; Win64; x64) AppleWebKit/537.36 (KHTML, like Gecko) Chrome/126.0.6478.36 Electron/31.0.0 Safari/537.36"
::1 - - [11/Jun/2024:08:20:17 +0000] "GET / HTTP/1.1" 304 - "-" "Mozilla/5.0 (Windows NT 10.0; Win64; x64) AppleWebKit/537.36 (KHTML, like Gecko) Chrome/126.0.6478.36 Electron/31.0.0 Safari/537.36"
::1 - - [11/Jun/2024:08:20:17 +0000] "GET /style.css HTTP/1.1" 304 - "http://localhost:3000/" "Mozilla/5.0 (Windows NT 10.0; Win64; x64) AppleWebKit/537.36 (KHTML, like Gecko) Chrome/126.0.6478.36 Electron/31.0.0 Safari/537.36"
::1 - - [11/Jun/2024:08:20:17 +0000] "GET /script.js HTTP/1.1" 304 - "http://localhost:3000/" "Mozilla/5.0 (Windows NT 10.0; Win64; x64) AppleWebKit/537.36 (KHTML, like Gecko) Chrome/126.0.6478.36 Electron/31.0.0 Safari/537.36"
::1 - - [11/Jun/2024:08:20:36 +0000] "GET /proxy?url=nullimages%2Fbranding%2Fgooglelogo%2F1x%2Fgooglelogo_white_background_color_272x92dp.png%2F%2522 HTTP/1.1" 500 12 "-" "Mozilla/5.0 (Windows NT 10.0; Win64; x64) AppleWebKit/537.36 (KHTML, like Gecko) Chrome/126.0.6478.36 Electron/31.0.0 Safari/537.36"
::1 - - [11/Jun/2024:08:21:49 +0000] "GET / HTTP/1.1" 304 - "-" "Mozilla/5.0 (Windows NT 10.0; Win64; x64) AppleWebKit/537.36 (KHTML, like Gecko) Chrome/126.0.6478.36 Electron/31.0.0 Safari/537.36"
::1 - - [11/Jun/2024:08:21:50 +0000] "GET /style.css HTTP/1.1" 304 - "http://localhost:3000/" "Mozilla/5.0 (Windows NT 10.0; Win64; x64) AppleWebKit/537.36 (KHTML, like Gecko) Chrome/126.0.6478.36 Electron/31.0.0 Safari/537.36"
::1 - - [11/Jun/2024:08:21:50 +0000] "GET /script.js HTTP/1.1" 304 - "http://localhost:3000/" "Mozilla/5.0 (Windows NT 10.0; Win64; x64) AppleWebKit/537.36 (KHTML, like Gecko) Chrome/126.0.6478.36 Electron/31.0.0 Safari/537.36"
::1 - - [11/Jun/2024:08:22:04 +0000] "GET /proxy?url=null%2Fimages%2Fbranding%2Fgooglelogo%2F1x%2Fgooglelogo_white_background_color_272x92dp.png%2F%2522 HTTP/1.1" 500 12 "-" "Mozilla/5.0 (Windows NT 10.0; Win64; x64) AppleWebKit/537.36 (KHTML, like Gecko) Chrome/126.0.6478.36 Electron/31.0.0 Safari/537.36"
::1 - - [11/Jun/2024:08:22:37 +0000] "GET / HTTP/1.1" 304 - "-" "Mozilla/5.0 (Windows NT 10.0; Win64; x64) AppleWebKit/537.36 (KHTML, like Gecko) Chrome/126.0.6478.36 Electron/31.0.0 Safari/537.36"
::1 - - [11/Jun/2024:08:22:37 +0000] "GET /style.css HTTP/1.1" 304 - "http://localhost:3000/" "Mozilla/5.0 (Windows NT 10.0; Win64; x64) AppleWebKit/537.36 (KHTML, like Gecko) Chrome/126.0.6478.36 Electron/31.0.0 Safari/537.36"
::1 - - [11/Jun/2024:08:22:37 +0000] "GET /script.js HTTP/1.1" 304 - "http://localhost:3000/" "Mozilla/5.0 (Windows NT 10.0; Win64; x64) AppleWebKit/537.36 (KHTML, like Gecko) Chrome/126.0.6478.36 Electron/31.0.0 Safari/537.36"
::1 - - [11/Jun/2024:08:22:44 +0000] "GET / HTTP/1.1" 304 - "-" "Mozilla/5.0 (Windows NT 10.0; Win64; x64) AppleWebKit/537.36 (KHTML, like Gecko) Chrome/126.0.6478.36 Electron/31.0.0 Safari/537.36"
::1 - - [11/Jun/2024:08:22:45 +0000] "GET /style.css HTTP/1.1" 304 - "http://localhost:3000/" "Mozilla/5.0 (Windows NT 10.0; Win64; x64) AppleWebKit/537.36 (KHTML, like Gecko) Chrome/126.0.6478.36 Electron/31.0.0 Safari/537.36"
::1 - - [11/Jun/2024:08:22:45 +0000] "GET /script.js HTTP/1.1" 304 - "http://localhost:3000/" "Mozilla/5.0 (Windows NT 10.0; Win64; x64) AppleWebKit/537.36 (KHTML, like Gecko) Chrome/126.0.6478.36 Electron/31.0.0 Safari/537.36"
::1 - - [11/Jun/2024:08:23:02 +0000] "GET / HTTP/1.1" 304 - "-" "Mozilla/5.0 (Windows NT 10.0; Win64; x64) AppleWebKit/537.36 (KHTML, like Gecko) Chrome/126.0.6478.36 Electron/31.0.0 Safari/537.36"
::1 - - [11/Jun/2024:08:23:05 +0000] "GET / HTTP/1.1" 304 - "-" "Mozilla/5.0 (Windows NT 10.0; Win64; x64) AppleWebKit/537.36 (KHTML, like Gecko) Chrome/126.0.6478.36 Electron/31.0.0 Safari/537.36"
::1 - - [11/Jun/2024:08:23:05 +0000] "GET /style.css HTTP/1.1" 304 - "http://localhost:3000/" "Mozilla/5.0 (Windows NT 10.0; Win64; x64) AppleWebKit/537.36 (KHTML, like Gecko) Chrome/126.0.6478.36 Electron/31.0.0 Safari/537.36"
::1 - - [11/Jun/2024:08:23:05 +0000] "GET /script.js HTTP/1.1" 304 - "http://localhost:3000/" "Mozilla/5.0 (Windows NT 10.0; Win64; x64) AppleWebKit/537.36 (KHTML, like Gecko) Chrome/126.0.6478.36 Electron/31.0.0 Safari/537.36"
::1 - - [11/Jun/2024:08:23:11 +0000] "GET / HTTP/1.1" 304 - "-" "Mozilla/5.0 (Windows NT 10.0; Win64; x64) AppleWebKit/537.36 (KHTML, like Gecko) Chrome/126.0.6478.36 Electron/31.0.0 Safari/537.36"
::1 - - [11/Jun/2024:08:23:11 +0000] "GET /script.js HTTP/1.1" 304 - "http://localhost:3000/" "Mozilla/5.0 (Windows NT 10.0; Win64; x64) AppleWebKit/537.36 (KHTML, like Gecko) Chrome/126.0.6478.36 Electron/31.0.0 Safari/537.36"
::1 - - [11/Jun/2024:08:23:11 +0000] "GET /style.css HTTP/1.1" 304 - "http://localhost:3000/" "Mozilla/5.0 (Windows NT 10.0; Win64; x64) AppleWebKit/537.36 (KHTML, like Gecko) Chrome/126.0.6478.36 Electron/31.0.0 Safari/537.36"
::1 - - [11/Jun/2024:08:23:24 +0000] "GET / HTTP/1.1" 200 563 "-" "Mozilla/5.0 (Windows NT 10.0; Win64; x64) AppleWebKit/537.36 (KHTML, like Gecko) Chrome/126.0.6478.36 Electron/31.0.0 Safari/537.36"
::1 - - [11/Jun/2024:08:23:24 +0000] "GET /script.js HTTP/1.1" 304 - "http://localhost:3000/" "Mozilla/5.0 (Windows NT 10.0; Win64; x64) AppleWebKit/537.36 (KHTML, like Gecko) Chrome/126.0.6478.36 Electron/31.0.0 Safari/537.36"
::1 - - [11/Jun/2024:08:23:24 +0000] "GET /style.css HTTP/1.1" 304 - "http://localhost:3000/" "Mozilla/5.0 (Windows NT 10.0; Win64; x64) AppleWebKit/537.36 (KHTML, like Gecko) Chrome/126.0.6478.36 Electron/31.0.0 Safari/537.36"
::1 - - [11/Jun/2024:08:23:41 +0000] "GET /proxy?url=undefined%2Fimages%2Fbranding%2Fgooglelogo%2F1x%2Fgooglelogo_white_background_color_272x92dp.png%2F%2522 HTTP/1.1" 500 12 "-" "Mozilla/5.0 (Windows NT 10.0; Win64; x64) AppleWebKit/537.36 (KHTML, like Gecko) Chrome/126.0.6478.36 Electron/31.0.0 Safari/537.36"
::1 - - [11/Jun/2024:08:24:18 +0000] "GET / HTTP/1.1" 304 - "-" "Mozilla/5.0 (Windows NT 10.0; Win64; x64) AppleWebKit/537.36 (KHTML, like Gecko) Chrome/126.0.6478.36 Electron/31.0.0 Safari/537.36"
::1 - - [11/Jun/2024:08:24:18 +0000] "GET /style.css HTTP/1.1" 304 - "http://localhost:3000/" "Mozilla/5.0 (Windows NT 10.0; Win64; x64) AppleWebKit/537.36 (KHTML, like Gecko) Chrome/126.0.6478.36 Electron/31.0.0 Safari/537.36"
::1 - - [11/Jun/2024:08:24:18 +0000] "GET /script.js HTTP/1.1" 304 - "http://localhost:3000/" "Mozilla/5.0 (Windows NT 10.0; Win64; x64) AppleWebKit/537.36 (KHTML, like Gecko) Chrome/126.0.6478.36 Electron/31.0.0 Safari/537.36"
::1 - - [11/Jun/2024:08:24:33 +0000] "GET /proxy?url=undefined%2Fimages%2Fbranding%2Fgooglelogo%2F1x%2Fgooglelogo_white_background_color_272x92dp.png%2F%2522 HTTP/1.1" 500 12 "-" "Mozilla/5.0 (Windows NT 10.0; Win64; x64) AppleWebKit/537.36 (KHTML, like Gecko) Chrome/126.0.6478.36 Electron/31.0.0 Safari/537.36"
::1 - - [11/Jun/2024:08:25:23 +0000] "GET / HTTP/1.1" 304 - "-" "Mozilla/5.0 (Windows NT 10.0; Win64; x64) AppleWebKit/537.36 (KHTML, like Gecko) Chrome/126.0.6478.36 Electron/31.0.0 Safari/537.36"
::1 - - [11/Jun/2024:08:25:24 +0000] "GET /script.js HTTP/1.1" 304 - "http://localhost:3000/" "Mozilla/5.0 (Windows NT 10.0; Win64; x64) AppleWebKit/537.36 (KHTML, like Gecko) Chrome/126.0.6478.36 Electron/31.0.0 Safari/537.36"
::1 - - [11/Jun/2024:08:25:24 +0000] "GET /style.css HTTP/1.1" 304 - "http://localhost:3000/" "Mozilla/5.0 (Windows NT 10.0; Win64; x64) AppleWebKit/537.36 (KHTML, like Gecko) Chrome/126.0.6478.36 Electron/31.0.0 Safari/537.36"
::1 - - [11/Jun/2024:08:25:36 +0000] "GET /proxy?url=https%3A%2F%2Fgoogle.com%2Fimages%2Fbranding%2Fgooglelogo%2F1x%2Fgooglelogo_white_background_color_272x92dp.png%2F%2522 HTTP/1.1" 500 47 "-" "Mozilla/5.0 (Windows NT 10.0; Win64; x64) AppleWebKit/537.36 (KHTML, like Gecko) Chrome/126.0.6478.36 Electron/31.0.0 Safari/537.36"
::1 - - [11/Jun/2024:08:26:24 +0000] "GET / HTTP/1.1" 304 - "-" "Mozilla/5.0 (Windows NT 10.0; Win64; x64) AppleWebKit/537.36 (KHTML, like Gecko) Chrome/126.0.6478.36 Electron/31.0.0 Safari/537.36"
::1 - - [11/Jun/2024:08:26:24 +0000] "GET /style.css HTTP/1.1" 304 - "http://localhost:3000/" "Mozilla/5.0 (Windows NT 10.0; Win64; x64) AppleWebKit/537.36 (KHTML, like Gecko) Chrome/126.0.6478.36 Electron/31.0.0 Safari/537.36"
::1 - - [11/Jun/2024:08:26:24 +0000] "GET /script.js HTTP/1.1" 304 - "http://localhost:3000/" "Mozilla/5.0 (Windows NT 10.0; Win64; x64) AppleWebKit/537.36 (KHTML, like Gecko) Chrome/126.0.6478.36 Electron/31.0.0 Safari/537.36"
::1 - - [11/Jun/2024:08:26:52 +0000] "GET /proxy?url=https%3A%2F%2Fgoogle.com%2Fimages%2Fbranding%2Fgooglelogo%2F1x%2Fgooglelogo_white_background_color_272x92dp.png%2F%2522 HTTP/1.1" 500 47 "-" "Mozilla/5.0 (Windows NT 10.0; Win64; x64) AppleWebKit/537.36 (KHTML, like Gecko) Chrome/126.0.6478.36 Electron/31.0.0 Safari/537.36"
::1 - - [11/Jun/2024:08:28:05 +0000] "GET / HTTP/1.1" 304 - "-" "Mozilla/5.0 (Windows NT 10.0; Win64; x64) AppleWebKit/537.36 (KHTML, like Gecko) Chrome/126.0.6478.36 Electron/31.0.0 Safari/537.36"
::1 - - [11/Jun/2024:08:28:05 +0000] "GET /style.css HTTP/1.1" 304 - "http://localhost:3000/" "Mozilla/5.0 (Windows NT 10.0; Win64; x64) AppleWebKit/537.36 (KHTML, like Gecko) Chrome/126.0.6478.36 Electron/31.0.0 Safari/537.36"
::1 - - [11/Jun/2024:08:28:05 +0000] "GET /script.js HTTP/1.1" 304 - "http://localhost:3000/" "Mozilla/5.0 (Windows NT 10.0; Win64; x64) AppleWebKit/537.36 (KHTML, like Gecko) Chrome/126.0.6478.36 Electron/31.0.0 Safari/537.36"
::1 - - [11/Jun/2024:08:28:30 +0000] "GET /proxy?url=https%3A%2F%2Fgoogle.com%2Fimages%2Fbranding%2Fgooglelogo%2F1x%2Fgooglelogo_white_background_color_272x92dp.png%2F%2522 HTTP/1.1" 500 47 "-" "Mozilla/5.0 (Windows NT 10.0; Win64; x64) AppleWebKit/537.36 (KHTML, like Gecko) Chrome/126.0.6478.36 Electron/31.0.0 Safari/537.36"
::1 - - [11/Jun/2024:08:30:09 +0000] "GET / HTTP/1.1" 304 - "-" "Mozilla/5.0 (Windows NT 10.0; Win64; x64) AppleWebKit/537.36 (KHTML, like Gecko) Chrome/126.0.6478.36 Electron/31.0.0 Safari/537.36"
::1 - - [11/Jun/2024:08:30:09 +0000] "GET /style.css HTTP/1.1" 304 - "http://localhost:3000/" "Mozilla/5.0 (Windows NT 10.0; Win64; x64) AppleWebKit/537.36 (KHTML, like Gecko) Chrome/126.0.6478.36 Electron/31.0.0 Safari/537.36"
::1 - - [11/Jun/2024:08:30:09 +0000] "GET /script.js HTTP/1.1" 304 - "http://localhost:3000/" "Mozilla/5.0 (Windows NT 10.0; Win64; x64) AppleWebKit/537.36 (KHTML, like Gecko) Chrome/126.0.6478.36 Electron/31.0.0 Safari/537.36"
::1 - - [11/Jun/2024:08:30:22 +0000] "GET / HTTP/1.1" 304 - "-" "Mozilla/5.0 (Windows NT 10.0; Win64; x64) AppleWebKit/537.36 (KHTML, like Gecko) Chrome/126.0.6478.36 Electron/31.0.0 Safari/537.36"
::1 - - [11/Jun/2024:08:30:22 +0000] "GET /script.js HTTP/1.1" 304 - "http://localhost:3000/" "Mozilla/5.0 (Windows NT 10.0; Win64; x64) AppleWebKit/537.36 (KHTML, like Gecko) Chrome/126.0.6478.36 Electron/31.0.0 Safari/537.36"
::1 - - [11/Jun/2024:08:30:22 +0000] "GET /style.css HTTP/1.1" 304 - "http://localhost:3000/" "Mozilla/5.0 (Windows NT 10.0; Win64; x64) AppleWebKit/537.36 (KHTML, like Gecko) Chrome/126.0.6478.36 Electron/31.0.0 Safari/537.36"
::1 - - [11/Jun/2024:08:30:26 +0000] "GET / HTTP/1.1" 304 - "-" "Mozilla/5.0 (Windows NT 10.0; Win64; x64) AppleWebKit/537.36 (KHTML, like Gecko) Chrome/126.0.6478.36 Electron/31.0.0 Safari/537.36"
::1 - - [11/Jun/2024:08:30:27 +0000] "GET /style.css HTTP/1.1" 304 - "http://localhost:3000/" "Mozilla/5.0 (Windows NT 10.0; Win64; x64) AppleWebKit/537.36 (KHTML, like Gecko) Chrome/126.0.6478.36 Electron/31.0.0 Safari/537.36"
::1 - - [11/Jun/2024:08:30:27 +0000] "GET /script.js HTTP/1.1" 304 - "http://localhost:3000/" "Mozilla/5.0 (Windows NT 10.0; Win64; x64) AppleWebKit/537.36 (KHTML, like Gecko) Chrome/126.0.6478.36 Electron/31.0.0 Safari/537.36"
::1 - - [11/Jun/2024:08:30:31 +0000] "GET / HTTP/1.1" 304 - "-" "Mozilla/5.0 (Windows NT 10.0; Win64; x64) AppleWebKit/537.36 (KHTML, like Gecko) Chrome/126.0.6478.36 Electron/31.0.0 Safari/537.36"
::1 - - [11/Jun/2024:08:30:32 +0000] "GET /style.css HTTP/1.1" 304 - "http://localhost:3000/" "Mozilla/5.0 (Windows NT 10.0; Win64; x64) AppleWebKit/537.36 (KHTML, like Gecko) Chrome/126.0.6478.36 Electron/31.0.0 Safari/537.36"
::1 - - [11/Jun/2024:08:30:32 +0000] "GET /script.js HTTP/1.1" 304 - "http://localhost:3000/" "Mozilla/5.0 (Windows NT 10.0; Win64; x64) AppleWebKit/537.36 (KHTML, like Gecko) Chrome/126.0.6478.36 Electron/31.0.0 Safari/537.36"
::1 - - [11/Jun/2024:08:30:33 +0000] "GET / HTTP/1.1" 304 - "-" "Mozilla/5.0 (Windows NT 10.0; Win64; x64) AppleWebKit/537.36 (KHTML, like Gecko) Chrome/126.0.6478.36 Electron/31.0.0 Safari/537.36"
::1 - - [11/Jun/2024:08:30:33 +0000] "GET /style.css HTTP/1.1" 304 - "http://localhost:3000/" "Mozilla/5.0 (Windows NT 10.0; Win64; x64) AppleWebKit/537.36 (KHTML, like Gecko) Chrome/126.0.6478.36 Electron/31.0.0 Safari/537.36"
::1 - - [11/Jun/2024:08:30:33 +0000] "GET /script.js HTTP/1.1" 304 - "http://localhost:3000/" "Mozilla/5.0 (Windows NT 10.0; Win64; x64) AppleWebKit/537.36 (KHTML, like Gecko) Chrome/126.0.6478.36 Electron/31.0.0 Safari/537.36"
::1 - - [11/Jun/2024:08:30:49 +0000] "GET /proxy?url=https%3A%2F%2Fgoogle.com%2Fimages%2Fbranding%2Fgooglelogo%2F1x%2Fgooglelogo_white_background_color_272x92dp.png%2F%2522 HTTP/1.1" 500 71 "-" "Mozilla/5.0 (Windows NT 10.0; Win64; x64) AppleWebKit/537.36 (KHTML, like Gecko) Chrome/126.0.6478.36 Electron/31.0.0 Safari/537.36"
::1 - - [11/Jun/2024:08:31:14 +0000] "GET /style.css HTTP/1.1" 304 - "http://localhost:3000/" "Mozilla/5.0 (Windows NT 10.0; Win64; x64) AppleWebKit/537.36 (KHTML, like Gecko) Chrome/126.0.6478.36 Electron/31.0.0 Safari/537.36"
::1 - - [11/Jun/2024:08:31:47 +0000] "GET /proxy?url=https%3A%2F%2Fgoogle.com%2Fimages%2Fbranding%2Fgooglelogo%2F1x%2Fgooglelogo_white_background_color_272x92dp.png%2F%2522 HTTP/1.1" 500 71 "-" "Mozilla/5.0 (Windows NT 10.0; Win64; x64) AppleWebKit/537.36 (KHTML, like Gecko) Chrome/126.0.6478.36 Electron/31.0.0 Safari/537.36"
::1 - - [11/Jun/2024:08:32:20 +0000] "GET / HTTP/1.1" 304 - "-" "Mozilla/5.0 (Windows NT 10.0; Win64; x64) AppleWebKit/537.36 (KHTML, like Gecko) Chrome/126.0.6478.36 Electron/31.0.0 Safari/537.36"
::1 - - [11/Jun/2024:08:32:20 +0000] "GET /style.css HTTP/1.1" 304 - "http://localhost:3000/" "Mozilla/5.0 (Windows NT 10.0; Win64; x64) AppleWebKit/537.36 (KHTML, like Gecko) Chrome/126.0.6478.36 Electron/31.0.0 Safari/537.36"
::1 - - [11/Jun/2024:08:32:20 +0000] "GET /script.js HTTP/1.1" 304 - "http://localhost:3000/" "Mozilla/5.0 (Windows NT 10.0; Win64; x64) AppleWebKit/537.36 (KHTML, like Gecko) Chrome/126.0.6478.36 Electron/31.0.0 Safari/537.36"
::1 - - [11/Jun/2024:08:32:25 +0000] "GET / HTTP/1.1" 304 - "-" "Mozilla/5.0 (Windows NT 10.0; Win64; x64) AppleWebKit/537.36 (KHTML, like Gecko) Chrome/126.0.6478.36 Electron/31.0.0 Safari/537.36"
::1 - - [11/Jun/2024:08:32:25 +0000] "GET /script.js HTTP/1.1" 304 - "http://localhost:3000/" "Mozilla/5.0 (Windows NT 10.0; Win64; x64) AppleWebKit/537.36 (KHTML, like Gecko) Chrome/126.0.6478.36 Electron/31.0.0 Safari/537.36"
::1 - - [11/Jun/2024:08:32:25 +0000] "GET /style.css HTTP/1.1" 304 - "http://localhost:3000/" "Mozilla/5.0 (Windows NT 10.0; Win64; x64) AppleWebKit/537.36 (KHTML, like Gecko) Chrome/126.0.6478.36 Electron/31.0.0 Safari/537.36"
::1 - - [11/Jun/2024:08:32:38 +0000] "GET /proxy?url=https%3A%2F%2Fgoogle.com%2Fimages%2Fbranding%2Fgooglelogo%2F1x%2Fgooglelogo_white_background_color_272x92dp.png%2F%2522 HTTP/1.1" 500 71 "-" "Mozilla/5.0 (Windows NT 10.0; Win64; x64) AppleWebKit/537.36 (KHTML, like Gecko) Chrome/126.0.6478.36 Electron/31.0.0 Safari/537.36"
::1 - - [11/Jun/2024:08:33:17 +0000] "GET / HTTP/1.1" 304 - "-" "Mozilla/5.0 (Windows NT 10.0; Win64; x64) AppleWebKit/537.36 (KHTML, like Gecko) Chrome/126.0.6478.36 Electron/31.0.0 Safari/537.36"
::1 - - [11/Jun/2024:08:33:17 +0000] "GET /style.css HTTP/1.1" 304 - "http://localhost:3000/" "Mozilla/5.0 (Windows NT 10.0; Win64; x64) AppleWebKit/537.36 (KHTML, like Gecko) Chrome/126.0.6478.36 Electron/31.0.0 Safari/537.36"
::1 - - [11/Jun/2024:08:33:17 +0000] "GET /script.js HTTP/1.1" 304 - "http://localhost:3000/" "Mozilla/5.0 (Windows NT 10.0; Win64; x64) AppleWebKit/537.36 (KHTML, like Gecko) Chrome/126.0.6478.36 Electron/31.0.0 Safari/537.36"
::1 - - [11/Jun/2024:08:33:31 +0000] "GET /proxy?url=https%3A%2F%2Fgoogle.com%2Fimages%2Fbranding%2Fgooglelogo%2F1x%2Fgooglelogo_white_background_color_272x92dp.png%2F%2522 HTTP/1.1" 500 71 "-" "Mozilla/5.0 (Windows NT 10.0; Win64; x64) AppleWebKit/537.36 (KHTML, like Gecko) Chrome/126.0.6478.36 Electron/31.0.0 Safari/537.36"
::1 - - [11/Jun/2024:08:33:57 +0000] "GET / HTTP/1.1" 304 - "-" "Mozilla/5.0 (Windows NT 10.0; Win64; x64) AppleWebKit/537.36 (KHTML, like Gecko) Chrome/126.0.6478.36 Electron/31.0.0 Safari/537.36"
::1 - - [11/Jun/2024:08:33:57 +0000] "GET /style.css HTTP/1.1" 304 - "http://localhost:3000/" "Mozilla/5.0 (Windows NT 10.0; Win64; x64) AppleWebKit/537.36 (KHTML, like Gecko) Chrome/126.0.6478.36 Electron/31.0.0 Safari/537.36"
::1 - - [11/Jun/2024:08:33:57 +0000] "GET /script.js HTTP/1.1" 304 - "http://localhost:3000/" "Mozilla/5.0 (Windows NT 10.0; Win64; x64) AppleWebKit/537.36 (KHTML, like Gecko) Chrome/126.0.6478.36 Electron/31.0.0 Safari/537.36"
::1 - - [11/Jun/2024:08:34:13 +0000] "GET /proxy?url=https%3A%2F%2Fgoogle.com%2Fimages%2Fbranding%2Fgooglelogo%2F1x%2Fgooglelogo_white_background_color_272x92dp.png%2F%2522 HTTP/1.1" 500 47 "-" "Mozilla/5.0 (Windows NT 10.0; Win64; x64) AppleWebKit/537.36 (KHTML, like Gecko) Chrome/126.0.6478.36 Electron/31.0.0 Safari/537.36"
::1 - - [11/Jun/2024:08:35:25 +0000] "GET / HTTP/1.1" 304 - "-" "Mozilla/5.0 (Windows NT 10.0; Win64; x64) AppleWebKit/537.36 (KHTML, like Gecko) Chrome/126.0.6478.36 Electron/31.0.0 Safari/537.36"
::1 - - [11/Jun/2024:08:35:26 +0000] "GET / HTTP/1.1" 304 - "-" "Mozilla/5.0 (Windows NT 10.0; Win64; x64) AppleWebKit/537.36 (KHTML, like Gecko) Chrome/126.0.6478.36 Electron/31.0.0 Safari/537.36"
::1 - - [11/Jun/2024:08:35:28 +0000] "GET / HTTP/1.1" 304 - "-" "Mozilla/5.0 (Windows NT 10.0; Win64; x64) AppleWebKit/537.36 (KHTML, like Gecko) Chrome/126.0.6478.36 Electron/31.0.0 Safari/537.36"
::1 - - [11/Jun/2024:08:35:28 +0000] "GET /script.js HTTP/1.1" 304 - "http://localhost:3000/" "Mozilla/5.0 (Windows NT 10.0; Win64; x64) AppleWebKit/537.36 (KHTML, like Gecko) Chrome/126.0.6478.36 Electron/31.0.0 Safari/537.36"
::1 - - [11/Jun/2024:08:35:28 +0000] "GET /style.css HTTP/1.1" 304 - "http://localhost:3000/" "Mozilla/5.0 (Windows NT 10.0; Win64; x64) AppleWebKit/537.36 (KHTML, like Gecko) Chrome/126.0.6478.36 Electron/31.0.0 Safari/537.36"
::1 - - [11/Jun/2024:08:35:37 +0000] "GET / HTTP/1.1" 304 - "-" "Mozilla/5.0 (Windows NT 10.0; Win64; x64) AppleWebKit/537.36 (KHTML, like Gecko) Chrome/126.0.6478.36 Electron/31.0.0 Safari/537.36"
::1 - - [11/Jun/2024:08:35:38 +0000] "GET /style.css HTTP/1.1" 304 - "http://localhost:3000/" "Mozilla/5.0 (Windows NT 10.0; Win64; x64) AppleWebKit/537.36 (KHTML, like Gecko) Chrome/126.0.6478.36 Electron/31.0.0 Safari/537.36"
::1 - - [11/Jun/2024:08:35:38 +0000] "GET /script.js HTTP/1.1" 304 - "http://localhost:3000/" "Mozilla/5.0 (Windows NT 10.0; Win64; x64) AppleWebKit/537.36 (KHTML, like Gecko) Chrome/126.0.6478.36 Electron/31.0.0 Safari/537.36"
::1 - - [11/Jun/2024:08:35:54 +0000] "GET / HTTP/1.1" 304 - "-" "Mozilla/5.0 (Windows NT 10.0; Win64; x64) AppleWebKit/537.36 (KHTML, like Gecko) Chrome/126.0.6478.36 Electron/31.0.0 Safari/537.36"
::1 - - [11/Jun/2024:08:35:54 +0000] "GET /style.css HTTP/1.1" 304 - "http://localhost:3000/" "Mozilla/5.0 (Windows NT 10.0; Win64; x64) AppleWebKit/537.36 (KHTML, like Gecko) Chrome/126.0.6478.36 Electron/31.0.0 Safari/537.36"
::1 - - [11/Jun/2024:08:35:54 +0000] "GET /script.js HTTP/1.1" 304 - "http://localhost:3000/" "Mozilla/5.0 (Windows NT 10.0; Win64; x64) AppleWebKit/537.36 (KHTML, like Gecko) Chrome/126.0.6478.36 Electron/31.0.0 Safari/537.36"
::1 - - [11/Jun/2024:08:36:05 +0000] "GET / HTTP/1.1" 304 - "-" "Mozilla/5.0 (Windows NT 10.0; Win64; x64) AppleWebKit/537.36 (KHTML, like Gecko) Chrome/126.0.6478.36 Electron/31.0.0 Safari/537.36"
::1 - - [11/Jun/2024:08:36:05 +0000] "GET /style.css HTTP/1.1" 304 - "http://localhost:3000/" "Mozilla/5.0 (Windows NT 10.0; Win64; x64) AppleWebKit/537.36 (KHTML, like Gecko) Chrome/126.0.6478.36 Electron/31.0.0 Safari/537.36"
::1 - - [11/Jun/2024:08:36:05 +0000] "GET /script.js HTTP/1.1" 304 - "http://localhost:3000/" "Mozilla/5.0 (Windows NT 10.0; Win64; x64) AppleWebKit/537.36 (KHTML, like Gecko) Chrome/126.0.6478.36 Electron/31.0.0 Safari/537.36"
::1 - - [11/Jun/2024:08:36:31 +0000] "GET / HTTP/1.1" 304 - "-" "Mozilla/5.0 (Windows NT 10.0; Win64; x64) AppleWebKit/537.36 (KHTML, like Gecko) Chrome/126.0.6478.36 Electron/31.0.0 Safari/537.36"
::1 - - [11/Jun/2024:08:36:31 +0000] "GET /style.css HTTP/1.1" 304 - "http://localhost:3000/" "Mozilla/5.0 (Windows NT 10.0; Win64; x64) AppleWebKit/537.36 (KHTML, like Gecko) Chrome/126.0.6478.36 Electron/31.0.0 Safari/537.36"
::1 - - [11/Jun/2024:08:36:31 +0000] "GET /script.js HTTP/1.1" 304 - "http://localhost:3000/" "Mozilla/5.0 (Windows NT 10.0; Win64; x64) AppleWebKit/537.36 (KHTML, like Gecko) Chrome/126.0.6478.36 Electron/31.0.0 Safari/537.36"
::1 - - [11/Jun/2024:08:36:34 +0000] "GET / HTTP/1.1" 304 - "-" "Mozilla/5.0 (Windows NT 10.0; Win64; x64) AppleWebKit/537.36 (KHTML, like Gecko) Chrome/126.0.6478.36 Electron/31.0.0 Safari/537.36"
::1 - - [11/Jun/2024:08:36:34 +0000] "GET /style.css HTTP/1.1" 304 - "http://localhost:3000/" "Mozilla/5.0 (Windows NT 10.0; Win64; x64) AppleWebKit/537.36 (KHTML, like Gecko) Chrome/126.0.6478.36 Electron/31.0.0 Safari/537.36"
::1 - - [11/Jun/2024:08:36:34 +0000] "GET /script.js HTTP/1.1" 304 - "http://localhost:3000/" "Mozilla/5.0 (Windows NT 10.0; Win64; x64) AppleWebKit/537.36 (KHTML, like Gecko) Chrome/126.0.6478.36 Electron/31.0.0 Safari/537.36"
::1 - - [11/Jun/2024:08:36:40 +0000] "GET / HTTP/1.1" 304 - "-" "Mozilla/5.0 (Windows NT 10.0; Win64; x64) AppleWebKit/537.36 (KHTML, like Gecko) Chrome/126.0.6478.36 Electron/31.0.0 Safari/537.36"
::1 - - [11/Jun/2024:08:36:41 +0000] "GET /style.css HTTP/1.1" 304 - "http://localhost:3000/" "Mozilla/5.0 (Windows NT 10.0; Win64; x64) AppleWebKit/537.36 (KHTML, like Gecko) Chrome/126.0.6478.36 Electron/31.0.0 Safari/537.36"
::1 - - [11/Jun/2024:08:36:41 +0000] "GET /script.js HTTP/1.1" 304 - "http://localhost:3000/" "Mozilla/5.0 (Windows NT 10.0; Win64; x64) AppleWebKit/537.36 (KHTML, like Gecko) Chrome/126.0.6478.36 Electron/31.0.0 Safari/537.36"
::1 - - [11/Jun/2024:08:36:42 +0000] "GET / HTTP/1.1" 304 - "-" "Mozilla/5.0 (Windows NT 10.0; Win64; x64) AppleWebKit/537.36 (KHTML, like Gecko) Chrome/126.0.6478.36 Electron/31.0.0 Safari/537.36"
::1 - - [11/Jun/2024:08:36:42 +0000] "GET /script.js HTTP/1.1" 304 - "http://localhost:3000/" "Mozilla/5.0 (Windows NT 10.0; Win64; x64) AppleWebKit/537.36 (KHTML, like Gecko) Chrome/126.0.6478.36 Electron/31.0.0 Safari/537.36"
::1 - - [11/Jun/2024:08:36:42 +0000] "GET /style.css HTTP/1.1" 304 - "http://localhost:3000/" "Mozilla/5.0 (Windows NT 10.0; Win64; x64) AppleWebKit/537.36 (KHTML, like Gecko) Chrome/126.0.6478.36 Electron/31.0.0 Safari/537.36"
::1 - - [11/Jun/2024:08:36:44 +0000] "GET / HTTP/1.1" 304 - "-" "Mozilla/5.0 (Windows NT 10.0; Win64; x64) AppleWebKit/537.36 (KHTML, like Gecko) Chrome/126.0.6478.36 Electron/31.0.0 Safari/537.36"
::1 - - [11/Jun/2024:08:36:44 +0000] "GET /style.css HTTP/1.1" 304 - "http://localhost:3000/" "Mozilla/5.0 (Windows NT 10.0; Win64; x64) AppleWebKit/537.36 (KHTML, like Gecko) Chrome/126.0.6478.36 Electron/31.0.0 Safari/537.36"
::1 - - [11/Jun/2024:08:36:44 +0000] "GET /script.js HTTP/1.1" 304 - "http://localhost:3000/" "Mozilla/5.0 (Windows NT 10.0; Win64; x64) AppleWebKit/537.36 (KHTML, like Gecko) Chrome/126.0.6478.36 Electron/31.0.0 Safari/537.36"
::1 - - [11/Jun/2024:08:36:46 +0000] "GET / HTTP/1.1" 304 - "-" "Mozilla/5.0 (Windows NT 10.0; Win64; x64) AppleWebKit/537.36 (KHTML, like Gecko) Chrome/126.0.6478.36 Electron/31.0.0 Safari/537.36"
::1 - - [11/Jun/2024:08:36:46 +0000] "GET /script.js HTTP/1.1" 304 - "http://localhost:3000/" "Mozilla/5.0 (Windows NT 10.0; Win64; x64) AppleWebKit/537.36 (KHTML, like Gecko) Chrome/126.0.6478.36 Electron/31.0.0 Safari/537.36"
::1 - - [11/Jun/2024:08:36:46 +0000] "GET /style.css HTTP/1.1" 304 - "http://localhost:3000/" "Mozilla/5.0 (Windows NT 10.0; Win64; x64) AppleWebKit/537.36 (KHTML, like Gecko) Chrome/126.0.6478.36 Electron/31.0.0 Safari/537.36"
::1 - - [11/Jun/2024:08:36:47 +0000] "GET / HTTP/1.1" 304 - "-" "Mozilla/5.0 (Windows NT 10.0; Win64; x64) AppleWebKit/537.36 (KHTML, like Gecko) Chrome/126.0.6478.36 Electron/31.0.0 Safari/537.36"
::1 - - [11/Jun/2024:08:36:47 +0000] "GET /style.css HTTP/1.1" 304 - "http://localhost:3000/" "Mozilla/5.0 (Windows NT 10.0; Win64; x64) AppleWebKit/537.36 (KHTML, like Gecko) Chrome/126.0.6478.36 Electron/31.0.0 Safari/537.36"
::1 - - [11/Jun/2024:08:36:47 +0000] "GET /script.js HTTP/1.1" 304 - "http://localhost:3000/" "Mozilla/5.0 (Windows NT 10.0; Win64; x64) AppleWebKit/537.36 (KHTML, like Gecko) Chrome/126.0.6478.36 Electron/31.0.0 Safari/537.36"
::1 - - [11/Jun/2024:08:36:51 +0000] "GET / HTTP/1.1" 304 - "-" "Mozilla/5.0 (Windows NT 10.0; Win64; x64) AppleWebKit/537.36 (KHTML, like Gecko) Chrome/126.0.6478.36 Electron/31.0.0 Safari/537.36"
::1 - - [11/Jun/2024:08:36:51 +0000] "GET /style.css HTTP/1.1" 304 - "http://localhost:3000/" "Mozilla/5.0 (Windows NT 10.0; Win64; x64) AppleWebKit/537.36 (KHTML, like Gecko) Chrome/126.0.6478.36 Electron/31.0.0 Safari/537.36"
::1 - - [11/Jun/2024:08:36:51 +0000] "GET /script.js HTTP/1.1" 304 - "http://localhost:3000/" "Mozilla/5.0 (Windows NT 10.0; Win64; x64) AppleWebKit/537.36 (KHTML, like Gecko) Chrome/126.0.6478.36 Electron/31.0.0 Safari/537.36"
::1 - - [11/Jun/2024:08:36:54 +0000] "GET / HTTP/1.1" 304 - "-" "Mozilla/5.0 (Windows NT 10.0; Win64; x64) AppleWebKit/537.36 (KHTML, like Gecko) Chrome/126.0.6478.36 Electron/31.0.0 Safari/537.36"
::1 - - [11/Jun/2024:08:36:54 +0000] "GET /style.css HTTP/1.1" 304 - "http://localhost:3000/" "Mozilla/5.0 (Windows NT 10.0; Win64; x64) AppleWebKit/537.36 (KHTML, like Gecko) Chrome/126.0.6478.36 Electron/31.0.0 Safari/537.36"
::1 - - [11/Jun/2024:08:36:54 +0000] "GET /script.js HTTP/1.1" 304 - "http://localhost:3000/" "Mozilla/5.0 (Windows NT 10.0; Win64; x64) AppleWebKit/537.36 (KHTML, like Gecko) Chrome/126.0.6478.36 Electron/31.0.0 Safari/537.36"
::1 - - [11/Jun/2024:08:37:09 +0000] "GET /proxy?url=https%3A%2F%2Fgoogle.com%2Fimages%2Fbranding%2Fgooglelogo%2F1x%2Fgooglelogo_white_background_color_272x92dp.png%2F%2522 HTTP/1.1" 500 41 "-" "Mozilla/5.0 (Windows NT 10.0; Win64; x64) AppleWebKit/537.36 (KHTML, like Gecko) Chrome/126.0.6478.36 Electron/31.0.0 Safari/537.36"
::1 - - [11/Jun/2024:08:37:27 +0000] "GET / HTTP/1.1" 304 - "-" "Mozilla/5.0 (Windows NT 10.0; Win64; x64) AppleWebKit/537.36 (KHTML, like Gecko) Chrome/126.0.6478.36 Electron/31.0.0 Safari/537.36"
::1 - - [11/Jun/2024:08:37:27 +0000] "GET /style.css HTTP/1.1" 304 - "http://localhost:3000/" "Mozilla/5.0 (Windows NT 10.0; Win64; x64) AppleWebKit/537.36 (KHTML, like Gecko) Chrome/126.0.6478.36 Electron/31.0.0 Safari/537.36"
::1 - - [11/Jun/2024:08:37:27 +0000] "GET /script.js HTTP/1.1" 304 - "http://localhost:3000/" "Mozilla/5.0 (Windows NT 10.0; Win64; x64) AppleWebKit/537.36 (KHTML, like Gecko) Chrome/126.0.6478.36 Electron/31.0.0 Safari/537.36"
::1 - - [11/Jun/2024:08:37:38 +0000] "GET /proxy?url=https%3A%2F%2Fgoogle.com%2Fimages%2Fbranding%2Fgooglelogo%2F1x%2Fgooglelogo_white_background_color_272x92dp.png%2F%2522 HTTP/1.1" 500 41 "-" "Mozilla/5.0 (Windows NT 10.0; Win64; x64) AppleWebKit/537.36 (KHTML, like Gecko) Chrome/126.0.6478.36 Electron/31.0.0 Safari/537.36"
::1 - - [11/Jun/2024:08:38:02 +0000] "GET / HTTP/1.1" 304 - "-" "Mozilla/5.0 (Windows NT 10.0; Win64; x64) AppleWebKit/537.36 (KHTML, like Gecko) Chrome/126.0.6478.36 Electron/31.0.0 Safari/537.36"
::1 - - [11/Jun/2024:08:38:02 +0000] "GET /script.js HTTP/1.1" 304 - "http://localhost:3000/" "Mozilla/5.0 (Windows NT 10.0; Win64; x64) AppleWebKit/537.36 (KHTML, like Gecko) Chrome/126.0.6478.36 Electron/31.0.0 Safari/537.36"
::1 - - [11/Jun/2024:08:38:02 +0000] "GET /style.css HTTP/1.1" 304 - "http://localhost:3000/" "Mozilla/5.0 (Windows NT 10.0; Win64; x64) AppleWebKit/537.36 (KHTML, like Gecko) Chrome/126.0.6478.36 Electron/31.0.0 Safari/537.36"
::1 - - [11/Jun/2024:08:38:07 +0000] "GET / HTTP/1.1" 304 - "-" "Mozilla/5.0 (Windows NT 10.0; Win64; x64) AppleWebKit/537.36 (KHTML, like Gecko) Chrome/126.0.6478.36 Electron/31.0.0 Safari/537.36"
::1 - - [11/Jun/2024:08:38:07 +0000] "GET /script.js HTTP/1.1" 304 - "http://localhost:3000/" "Mozilla/5.0 (Windows NT 10.0; Win64; x64) AppleWebKit/537.36 (KHTML, like Gecko) Chrome/126.0.6478.36 Electron/31.0.0 Safari/537.36"
::1 - - [11/Jun/2024:08:38:07 +0000] "GET /style.css HTTP/1.1" 304 - "http://localhost:3000/" "Mozilla/5.0 (Windows NT 10.0; Win64; x64) AppleWebKit/537.36 (KHTML, like Gecko) Chrome/126.0.6478.36 Electron/31.0.0 Safari/537.36"
::1 - - [11/Jun/2024:08:38:11 +0000] "GET / HTTP/1.1" 304 - "-" "Mozilla/5.0 (Windows NT 10.0; Win64; x64) AppleWebKit/537.36 (KHTML, like Gecko) Chrome/126.0.6478.36 Electron/31.0.0 Safari/537.36"
::1 - - [11/Jun/2024:08:38:12 +0000] "GET /script.js HTTP/1.1" 304 - "http://localhost:3000/" "Mozilla/5.0 (Windows NT 10.0; Win64; x64) AppleWebKit/537.36 (KHTML, like Gecko) Chrome/126.0.6478.36 Electron/31.0.0 Safari/537.36"
::1 - - [11/Jun/2024:08:38:12 +0000] "GET /style.css HTTP/1.1" 304 - "http://localhost:3000/" "Mozilla/5.0 (Windows NT 10.0; Win64; x64) AppleWebKit/537.36 (KHTML, like Gecko) Chrome/126.0.6478.36 Electron/31.0.0 Safari/537.36"
::1 - - [11/Jun/2024:08:38:13 +0000] "GET / HTTP/1.1" 304 - "-" "Mozilla/5.0 (Windows NT 10.0; Win64; x64) AppleWebKit/537.36 (KHTML, like Gecko) Chrome/126.0.6478.36 Electron/31.0.0 Safari/537.36"
::1 - - [11/Jun/2024:08:38:13 +0000] "GET /style.css HTTP/1.1" 304 - "http://localhost:3000/" "Mozilla/5.0 (Windows NT 10.0; Win64; x64) AppleWebKit/537.36 (KHTML, like Gecko) Chrome/126.0.6478.36 Electron/31.0.0 Safari/537.36"
::1 - - [11/Jun/2024:08:38:13 +0000] "GET /script.js HTTP/1.1" 304 - "http://localhost:3000/" "Mozilla/5.0 (Windows NT 10.0; Win64; x64) AppleWebKit/537.36 (KHTML, like Gecko) Chrome/126.0.6478.36 Electron/31.0.0 Safari/537.36"
::1 - - [11/Jun/2024:08:38:16 +0000] "GET / HTTP/1.1" 304 - "-" "Mozilla/5.0 (Windows NT 10.0; Win64; x64) AppleWebKit/537.36 (KHTML, like Gecko) Chrome/126.0.6478.36 Electron/31.0.0 Safari/537.36"
::1 - - [11/Jun/2024:08:38:16 +0000] "GET /style.css HTTP/1.1" 304 - "http://localhost:3000/" "Mozilla/5.0 (Windows NT 10.0; Win64; x64) AppleWebKit/537.36 (KHTML, like Gecko) Chrome/126.0.6478.36 Electron/31.0.0 Safari/537.36"
::1 - - [11/Jun/2024:08:38:16 +0000] "GET /script.js HTTP/1.1" 304 - "http://localhost:3000/" "Mozilla/5.0 (Windows NT 10.0; Win64; x64) AppleWebKit/537.36 (KHTML, like Gecko) Chrome/126.0.6478.36 Electron/31.0.0 Safari/537.36"
::1 - - [11/Jun/2024:08:38:32 +0000] "GET /proxy?url=https%3A%2F%2Fgoogle.com%2Fimages%2Fbranding%2Fgooglelogo%2F1x%2Fgooglelogo_white_background_color_272x92dp.png%2F%2522 HTTP/1.1" 500 41 "-" "Mozilla/5.0 (Windows NT 10.0; Win64; x64) AppleWebKit/537.36 (KHTML, like Gecko) Chrome/126.0.6478.36 Electron/31.0.0 Safari/537.36"
::1 - - [11/Jun/2024:08:38:51 +0000] "GET / HTTP/1.1" 304 - "-" "Mozilla/5.0 (Windows NT 10.0; Win64; x64) AppleWebKit/537.36 (KHTML, like Gecko) Chrome/126.0.6478.36 Electron/31.0.0 Safari/537.36"
::1 - - [11/Jun/2024:08:38:51 +0000] "GET /style.css HTTP/1.1" 304 - "http://localhost:3000/" "Mozilla/5.0 (Windows NT 10.0; Win64; x64) AppleWebKit/537.36 (KHTML, like Gecko) Chrome/126.0.6478.36 Electron/31.0.0 Safari/537.36"
::1 - - [11/Jun/2024:08:38:51 +0000] "GET /script.js HTTP/1.1" 304 - "http://localhost:3000/" "Mozilla/5.0 (Windows NT 10.0; Win64; x64) AppleWebKit/537.36 (KHTML, like Gecko) Chrome/126.0.6478.36 Electron/31.0.0 Safari/537.36"
::1 - - [11/Jun/2024:08:38:55 +0000] "GET / HTTP/1.1" 304 - "-" "Mozilla/5.0 (Windows NT 10.0; Win64; x64) AppleWebKit/537.36 (KHTML, like Gecko) Chrome/126.0.6478.36 Electron/31.0.0 Safari/537.36"
::1 - - [11/Jun/2024:08:38:57 +0000] "GET / HTTP/1.1" 304 - "-" "Mozilla/5.0 (Windows NT 10.0; Win64; x64) AppleWebKit/537.36 (KHTML, like Gecko) Chrome/126.0.6478.36 Electron/31.0.0 Safari/537.36"
::1 - - [11/Jun/2024:08:38:57 +0000] "GET /style.css HTTP/1.1" 304 - "http://localhost:3000/" "Mozilla/5.0 (Windows NT 10.0; Win64; x64) AppleWebKit/537.36 (KHTML, like Gecko) Chrome/126.0.6478.36 Electron/31.0.0 Safari/537.36"
::1 - - [11/Jun/2024:08:38:57 +0000] "GET /script.js HTTP/1.1" 304 - "http://localhost:3000/" "Mozilla/5.0 (Windows NT 10.0; Win64; x64) AppleWebKit/537.36 (KHTML, like Gecko) Chrome/126.0.6478.36 Electron/31.0.0 Safari/537.36"
::1 - - [11/Jun/2024:08:39:00 +0000] "GET / HTTP/1.1" 304 - "-" "Mozilla/5.0 (Windows NT 10.0; Win64; x64) AppleWebKit/537.36 (KHTML, like Gecko) Chrome/126.0.6478.36 Electron/31.0.0 Safari/537.36"
::1 - - [11/Jun/2024:08:39:00 +0000] "GET /script.js HTTP/1.1" 304 - "http://localhost:3000/" "Mozilla/5.0 (Windows NT 10.0; Win64; x64) AppleWebKit/537.36 (KHTML, like Gecko) Chrome/126.0.6478.36 Electron/31.0.0 Safari/537.36"
::1 - - [11/Jun/2024:08:39:00 +0000] "GET /style.css HTTP/1.1" 304 - "http://localhost:3000/" "Mozilla/5.0 (Windows NT 10.0; Win64; x64) AppleWebKit/537.36 (KHTML, like Gecko) Chrome/126.0.6478.36 Electron/31.0.0 Safari/537.36"
::1 - - [11/Jun/2024:08:39:04 +0000] "GET / HTTP/1.1" 304 - "-" "Mozilla/5.0 (Windows NT 10.0; Win64; x64) AppleWebKit/537.36 (KHTML, like Gecko) Chrome/126.0.6478.36 Electron/31.0.0 Safari/537.36"
::1 - - [11/Jun/2024:08:39:04 +0000] "GET /style.css HTTP/1.1" 304 - "http://localhost:3000/" "Mozilla/5.0 (Windows NT 10.0; Win64; x64) AppleWebKit/537.36 (KHTML, like Gecko) Chrome/126.0.6478.36 Electron/31.0.0 Safari/537.36"
::1 - - [11/Jun/2024:08:39:04 +0000] "GET /script.js HTTP/1.1" 304 - "http://localhost:3000/" "Mozilla/5.0 (Windows NT 10.0; Win64; x64) AppleWebKit/537.36 (KHTML, like Gecko) Chrome/126.0.6478.36 Electron/31.0.0 Safari/537.36"
::1 - - [11/Jun/2024:08:39:06 +0000] "GET / HTTP/1.1" 304 - "-" "Mozilla/5.0 (Windows NT 10.0; Win64; x64) AppleWebKit/537.36 (KHTML, like Gecko) Chrome/126.0.6478.36 Electron/31.0.0 Safari/537.36"
::1 - - [11/Jun/2024:08:39:06 +0000] "GET /style.css HTTP/1.1" 304 - "http://localhost:3000/" "Mozilla/5.0 (Windows NT 10.0; Win64; x64) AppleWebKit/537.36 (KHTML, like Gecko) Chrome/126.0.6478.36 Electron/31.0.0 Safari/537.36"
::1 - - [11/Jun/2024:08:39:06 +0000] "GET /script.js HTTP/1.1" 304 - "http://localhost:3000/" "Mozilla/5.0 (Windows NT 10.0; Win64; x64) AppleWebKit/537.36 (KHTML, like Gecko) Chrome/126.0.6478.36 Electron/31.0.0 Safari/537.36"
::1 - - [11/Jun/2024:08:39:19 +0000] "GET /proxy?url=https%3A%2F%2Fgoogle.com%2Fimages%2Fbranding%2Fgooglelogo%2F1x%2Fgooglelogo_white_background_color_272x92dp.png%2F%2522 HTTP/1.1" 500 12 "-" "Mozilla/5.0 (Windows NT 10.0; Win64; x64) AppleWebKit/537.36 (KHTML, like Gecko) Chrome/126.0.6478.36 Electron/31.0.0 Safari/537.36"
::1 - - [11/Jun/2024:08:40:47 +0000] "GET / HTTP/1.1" 304 - "-" "Mozilla/5.0 (Windows NT 10.0; Win64; x64) AppleWebKit/537.36 (KHTML, like Gecko) Chrome/126.0.6478.36 Electron/31.0.0 Safari/537.36"
::1 - - [11/Jun/2024:08:40:48 +0000] "GET /style.css HTTP/1.1" 304 - "http://localhost:3000/" "Mozilla/5.0 (Windows NT 10.0; Win64; x64) AppleWebKit/537.36 (KHTML, like Gecko) Chrome/126.0.6478.36 Electron/31.0.0 Safari/537.36"
::1 - - [11/Jun/2024:08:40:48 +0000] "GET /script.js HTTP/1.1" 304 - "http://localhost:3000/" "Mozilla/5.0 (Windows NT 10.0; Win64; x64) AppleWebKit/537.36 (KHTML, like Gecko) Chrome/126.0.6478.36 Electron/31.0.0 Safari/537.36"
::1 - - [11/Jun/2024:08:40:50 +0000] "GET / HTTP/1.1" 304 - "-" "Mozilla/5.0 (Windows NT 10.0; Win64; x64) AppleWebKit/537.36 (KHTML, like Gecko) Chrome/126.0.6478.36 Electron/31.0.0 Safari/537.36"
::1 - - [11/Jun/2024:08:40:50 +0000] "GET /script.js HTTP/1.1" 304 - "http://localhost:3000/" "Mozilla/5.0 (Windows NT 10.0; Win64; x64) AppleWebKit/537.36 (KHTML, like Gecko) Chrome/126.0.6478.36 Electron/31.0.0 Safari/537.36"
::1 - - [11/Jun/2024:08:40:50 +0000] "GET /style.css HTTP/1.1" 304 - "http://localhost:3000/" "Mozilla/5.0 (Windows NT 10.0; Win64; x64) AppleWebKit/537.36 (KHTML, like Gecko) Chrome/126.0.6478.36 Electron/31.0.0 Safari/537.36"
::1 - - [11/Jun/2024:08:40:53 +0000] "GET / HTTP/1.1" 304 - "-" "Mozilla/5.0 (Windows NT 10.0; Win64; x64) AppleWebKit/537.36 (KHTML, like Gecko) Chrome/126.0.6478.36 Electron/31.0.0 Safari/537.36"
::1 - - [11/Jun/2024:08:40:53 +0000] "GET /style.css HTTP/1.1" 304 - "http://localhost:3000/" "Mozilla/5.0 (Windows NT 10.0; Win64; x64) AppleWebKit/537.36 (KHTML, like Gecko) Chrome/126.0.6478.36 Electron/31.0.0 Safari/537.36"
::1 - - [11/Jun/2024:08:40:53 +0000] "GET /script.js HTTP/1.1" 304 - "http://localhost:3000/" "Mozilla/5.0 (Windows NT 10.0; Win64; x64) AppleWebKit/537.36 (KHTML, like Gecko) Chrome/126.0.6478.36 Electron/31.0.0 Safari/537.36"
::1 - - [11/Jun/2024:08:41:06 +0000] "GET /proxy?url=https%3A%2F%2Fgoogle.com%2Fimages%2Fbranding%2Fgooglelogo%2F1x%2Fgooglelogo_white_background_color_272x92dp.png%2F%2522 HTTP/1.1" 500 12 "-" "Mozilla/5.0 (Windows NT 10.0; Win64; x64) AppleWebKit/537.36 (KHTML, like Gecko) Chrome/126.0.6478.36 Electron/31.0.0 Safari/537.36"
::1 - - [11/Jun/2024:08:42:30 +0000] "GET / HTTP/1.1" 304 - "-" "Mozilla/5.0 (Windows NT 10.0; Win64; x64) AppleWebKit/537.36 (KHTML, like Gecko) Chrome/126.0.6478.36 Electron/31.0.0 Safari/537.36"
::1 - - [11/Jun/2024:08:42:30 +0000] "GET /style.css HTTP/1.1" 304 - "http://localhost:3000/" "Mozilla/5.0 (Windows NT 10.0; Win64; x64) AppleWebKit/537.36 (KHTML, like Gecko) Chrome/126.0.6478.36 Electron/31.0.0 Safari/537.36"
::1 - - [11/Jun/2024:08:42:30 +0000] "GET /script.js HTTP/1.1" 304 - "http://localhost:3000/" "Mozilla/5.0 (Windows NT 10.0; Win64; x64) AppleWebKit/537.36 (KHTML, like Gecko) Chrome/126.0.6478.36 Electron/31.0.0 Safari/537.36"
::1 - - [11/Jun/2024:08:42:43 +0000] "GET / HTTP/1.1" 304 - "-" "Mozilla/5.0 (Windows NT 10.0; Win64; x64) AppleWebKit/537.36 (KHTML, like Gecko) Chrome/126.0.6478.36 Electron/31.0.0 Safari/537.36"
::1 - - [11/Jun/2024:08:42:43 +0000] "GET /style.css HTTP/1.1" 304 - "http://localhost:3000/" "Mozilla/5.0 (Windows NT 10.0; Win64; x64) AppleWebKit/537.36 (KHTML, like Gecko) Chrome/126.0.6478.36 Electron/31.0.0 Safari/537.36"
::1 - - [11/Jun/2024:08:42:43 +0000] "GET /script.js HTTP/1.1" 304 - "http://localhost:3000/" "Mozilla/5.0 (Windows NT 10.0; Win64; x64) AppleWebKit/537.36 (KHTML, like Gecko) Chrome/126.0.6478.36 Electron/31.0.0 Safari/537.36"
::1 - - [11/Jun/2024:08:42:46 +0000] "GET / HTTP/1.1" 304 - "-" "Mozilla/5.0 (Windows NT 10.0; Win64; x64) AppleWebKit/537.36 (KHTML, like Gecko) Chrome/126.0.6478.36 Electron/31.0.0 Safari/537.36"
::1 - - [11/Jun/2024:08:42:46 +0000] "GET /style.css HTTP/1.1" 304 - "http://localhost:3000/" "Mozilla/5.0 (Windows NT 10.0; Win64; x64) AppleWebKit/537.36 (KHTML, like Gecko) Chrome/126.0.6478.36 Electron/31.0.0 Safari/537.36"
::1 - - [11/Jun/2024:08:42:46 +0000] "GET /script.js HTTP/1.1" 304 - "http://localhost:3000/" "Mozilla/5.0 (Windows NT 10.0; Win64; x64) AppleWebKit/537.36 (KHTML, like Gecko) Chrome/126.0.6478.36 Electron/31.0.0 Safari/537.36"
::1 - - [11/Jun/2024:08:42:50 +0000] "GET / HTTP/1.1" 304 - "-" "Mozilla/5.0 (Windows NT 10.0; Win64; x64) AppleWebKit/537.36 (KHTML, like Gecko) Chrome/126.0.6478.36 Electron/31.0.0 Safari/537.36"
::1 - - [11/Jun/2024:08:42:50 +0000] "GET /style.css HTTP/1.1" 304 - "http://localhost:3000/" "Mozilla/5.0 (Windows NT 10.0; Win64; x64) AppleWebKit/537.36 (KHTML, like Gecko) Chrome/126.0.6478.36 Electron/31.0.0 Safari/537.36"
::1 - - [11/Jun/2024:08:42:50 +0000] "GET /script.js HTTP/1.1" 304 - "http://localhost:3000/" "Mozilla/5.0 (Windows NT 10.0; Win64; x64) AppleWebKit/537.36 (KHTML, like Gecko) Chrome/126.0.6478.36 Electron/31.0.0 Safari/537.36"
::1 - - [11/Jun/2024:08:43:02 +0000] "GET / HTTP/1.1" 304 - "-" "Mozilla/5.0 (Windows NT 10.0; Win64; x64) AppleWebKit/537.36 (KHTML, like Gecko) Chrome/126.0.6478.36 Electron/31.0.0 Safari/537.36"
::1 - - [11/Jun/2024:08:43:02 +0000] "GET /style.css HTTP/1.1" 304 - "http://localhost:3000/" "Mozilla/5.0 (Windows NT 10.0; Win64; x64) AppleWebKit/537.36 (KHTML, like Gecko) Chrome/126.0.6478.36 Electron/31.0.0 Safari/537.36"
::1 - - [11/Jun/2024:08:43:02 +0000] "GET /script.js HTTP/1.1" 304 - "http://localhost:3000/" "Mozilla/5.0 (Windows NT 10.0; Win64; x64) AppleWebKit/537.36 (KHTML, like Gecko) Chrome/126.0.6478.36 Electron/31.0.0 Safari/537.36"
::1 - - [11/Jun/2024:08:43:35 +0000] "GET /proxy?url=https%3A%2F%2Fgoogle.com%2Fimages%2Fbranding%2Fgooglelogo%2F1x%2Fgooglelogo_white_background_color_272x92dp.png%2F%2522 HTTP/1.1" 500 12 "-" "Mozilla/5.0 (Windows NT 10.0; Win64; x64) AppleWebKit/537.36 (KHTML, like Gecko) Chrome/126.0.6478.36 Electron/31.0.0 Safari/537.36"
::1 - - [11/Jun/2024:08:43:58 +0000] "GET / HTTP/1.1" 304 - "-" "Mozilla/5.0 (Windows NT 10.0; Win64; x64) AppleWebKit/537.36 (KHTML, like Gecko) Chrome/126.0.6478.36 Electron/31.0.0 Safari/537.36"
::1 - - [11/Jun/2024:08:43:58 +0000] "GET /script.js HTTP/1.1" 304 - "http://localhost:3000/" "Mozilla/5.0 (Windows NT 10.0; Win64; x64) AppleWebKit/537.36 (KHTML, like Gecko) Chrome/126.0.6478.36 Electron/31.0.0 Safari/537.36"
::1 - - [11/Jun/2024:08:43:58 +0000] "GET /style.css HTTP/1.1" 304 - "http://localhost:3000/" "Mozilla/5.0 (Windows NT 10.0; Win64; x64) AppleWebKit/537.36 (KHTML, like Gecko) Chrome/126.0.6478.36 Electron/31.0.0 Safari/537.36"
::1 - - [11/Jun/2024:08:44:11 +0000] "GET /proxy?url=https%3A%2F%2Fgoogle.com%2Fimages%2Fbranding%2Fgooglelogo%2F1x%2Fgooglelogo_white_background_color_272x92dp.png%2F%2522 HTTP/1.1" 500 47 "-" "Mozilla/5.0 (Windows NT 10.0; Win64; x64) AppleWebKit/537.36 (KHTML, like Gecko) Chrome/126.0.6478.36 Electron/31.0.0 Safari/537.36"
::1 - - [11/Jun/2024:08:44:38 +0000] "GET / HTTP/1.1" 304 - "-" "Mozilla/5.0 (Windows NT 10.0; Win64; x64) AppleWebKit/537.36 (KHTML, like Gecko) Chrome/126.0.6478.36 Electron/31.0.0 Safari/537.36"
::1 - - [11/Jun/2024:08:44:38 +0000] "GET /script.js HTTP/1.1" 304 - "http://localhost:3000/" "Mozilla/5.0 (Windows NT 10.0; Win64; x64) AppleWebKit/537.36 (KHTML, like Gecko) Chrome/126.0.6478.36 Electron/31.0.0 Safari/537.36"
::1 - - [11/Jun/2024:08:44:38 +0000] "GET /style.css HTTP/1.1" 304 - "http://localhost:3000/" "Mozilla/5.0 (Windows NT 10.0; Win64; x64) AppleWebKit/537.36 (KHTML, like Gecko) Chrome/126.0.6478.36 Electron/31.0.0 Safari/537.36"
::1 - - [11/Jun/2024:08:44:48 +0000] "GET / HTTP/1.1" 304 - "-" "Mozilla/5.0 (Windows NT 10.0; Win64; x64) AppleWebKit/537.36 (KHTML, like Gecko) Chrome/126.0.6478.36 Electron/31.0.0 Safari/537.36"
::1 - - [11/Jun/2024:08:44:48 +0000] "GET /style.css HTTP/1.1" 304 - "http://localhost:3000/" "Mozilla/5.0 (Windows NT 10.0; Win64; x64) AppleWebKit/537.36 (KHTML, like Gecko) Chrome/126.0.6478.36 Electron/31.0.0 Safari/537.36"
::1 - - [11/Jun/2024:08:44:48 +0000] "GET /script.js HTTP/1.1" 304 - "http://localhost:3000/" "Mozilla/5.0 (Windows NT 10.0; Win64; x64) AppleWebKit/537.36 (KHTML, like Gecko) Chrome/126.0.6478.36 Electron/31.0.0 Safari/537.36"
::1 - - [11/Jun/2024:08:44:55 +0000] "GET / HTTP/1.1" 304 - "-" "Mozilla/5.0 (Windows NT 10.0; Win64; x64) AppleWebKit/537.36 (KHTML, like Gecko) Chrome/126.0.6478.36 Electron/31.0.0 Safari/537.36"
::1 - - [11/Jun/2024:08:44:55 +0000] "GET /style.css HTTP/1.1" 304 - "http://localhost:3000/" "Mozilla/5.0 (Windows NT 10.0; Win64; x64) AppleWebKit/537.36 (KHTML, like Gecko) Chrome/126.0.6478.36 Electron/31.0.0 Safari/537.36"
::1 - - [11/Jun/2024:08:44:55 +0000] "GET /script.js HTTP/1.1" 304 - "http://localhost:3000/" "Mozilla/5.0 (Windows NT 10.0; Win64; x64) AppleWebKit/537.36 (KHTML, like Gecko) Chrome/126.0.6478.36 Electron/31.0.0 Safari/537.36"
::1 - - [11/Jun/2024:08:44:59 +0000] "GET / HTTP/1.1" 304 - "-" "Mozilla/5.0 (Windows NT 10.0; Win64; x64) AppleWebKit/537.36 (KHTML, like Gecko) Chrome/126.0.6478.36 Electron/31.0.0 Safari/537.36"
::1 - - [11/Jun/2024:08:44:59 +0000] "GET /style.css HTTP/1.1" 304 - "http://localhost:3000/" "Mozilla/5.0 (Windows NT 10.0; Win64; x64) AppleWebKit/537.36 (KHTML, like Gecko) Chrome/126.0.6478.36 Electron/31.0.0 Safari/537.36"
::1 - - [11/Jun/2024:08:44:59 +0000] "GET /script.js HTTP/1.1" 304 - "http://localhost:3000/" "Mozilla/5.0 (Windows NT 10.0; Win64; x64) AppleWebKit/537.36 (KHTML, like Gecko) Chrome/126.0.6478.36 Electron/31.0.0 Safari/537.36"
::1 - - [11/Jun/2024:08:45:11 +0000] "GET /proxy?url=https%3A%2F%2Fgoogle.com%2Fimages%2Fbranding%2Fgooglelogo%2F1x%2Fgooglelogo_white_background_color_272x92dp.png%2F%2522 HTTP/1.1" 500 47 "-" "Mozilla/5.0 (Windows NT 10.0; Win64; x64) AppleWebKit/537.36 (KHTML, like Gecko) Chrome/126.0.6478.36 Electron/31.0.0 Safari/537.36"
::1 - - [11/Jun/2024:08:45:57 +0000] "GET / HTTP/1.1" 304 - "-" "Mozilla/5.0 (Windows NT 10.0; Win64; x64) AppleWebKit/537.36 (KHTML, like Gecko) Chrome/126.0.6478.36 Electron/31.0.0 Safari/537.36"
::1 - - [11/Jun/2024:08:45:57 +0000] "GET /style.css HTTP/1.1" 304 - "http://localhost:3000/" "Mozilla/5.0 (Windows NT 10.0; Win64; x64) AppleWebKit/537.36 (KHTML, like Gecko) Chrome/126.0.6478.36 Electron/31.0.0 Safari/537.36"
::1 - - [11/Jun/2024:08:45:57 +0000] "GET /script.js HTTP/1.1" 304 - "http://localhost:3000/" "Mozilla/5.0 (Windows NT 10.0; Win64; x64) AppleWebKit/537.36 (KHTML, like Gecko) Chrome/126.0.6478.36 Electron/31.0.0 Safari/537.36"
::1 - - [11/Jun/2024:08:46:12 +0000] "GET /proxy?url=https%3A%2F%2Fgoogle.com%2Fimages%2Fbranding%2Fgooglelogo%2F1x%2Fgooglelogo_white_background_color_272x92dp.png%2F%2522 HTTP/1.1" 500 47 "-" "Mozilla/5.0 (Windows NT 10.0; Win64; x64) AppleWebKit/537.36 (KHTML, like Gecko) Chrome/126.0.6478.36 Electron/31.0.0 Safari/537.36"
::1 - - [11/Jun/2024:08:48:52 +0000] "GET / HTTP/1.1" 304 - "-" "Mozilla/5.0 (Windows NT 10.0; Win64; x64) AppleWebKit/537.36 (KHTML, like Gecko) Chrome/126.0.6478.36 Electron/31.0.0 Safari/537.36"
::1 - - [11/Jun/2024:08:48:52 +0000] "GET /script.js HTTP/1.1" 304 - "http://localhost:3000/" "Mozilla/5.0 (Windows NT 10.0; Win64; x64) AppleWebKit/537.36 (KHTML, like Gecko) Chrome/126.0.6478.36 Electron/31.0.0 Safari/537.36"
::1 - - [11/Jun/2024:08:48:52 +0000] "GET /style.css HTTP/1.1" 304 - "http://localhost:3000/" "Mozilla/5.0 (Windows NT 10.0; Win64; x64) AppleWebKit/537.36 (KHTML, like Gecko) Chrome/126.0.6478.36 Electron/31.0.0 Safari/537.36"
::1 - - [11/Jun/2024:08:49:03 +0000] "GET /proxy?url=https%3A%2F%2Fgoogle.com%2Fimages%2Fbranding%2Fgooglelogo%2F1x%2Fgooglelogo_white_background_color_272x92dp.png%2F%2522 HTTP/1.1" 500 47 "-" "Mozilla/5.0 (Windows NT 10.0; Win64; x64) AppleWebKit/537.36 (KHTML, like Gecko) Chrome/126.0.6478.36 Electron/31.0.0 Safari/537.36"
::1 - - [11/Jun/2024:08:49:35 +0000] "GET / HTTP/1.1" 304 - "-" "Mozilla/5.0 (Windows NT 10.0; Win64; x64) AppleWebKit/537.36 (KHTML, like Gecko) Chrome/126.0.6478.36 Electron/31.0.0 Safari/537.36"
::1 - - [11/Jun/2024:08:49:35 +0000] "GET /style.css HTTP/1.1" 304 - "http://localhost:3000/" "Mozilla/5.0 (Windows NT 10.0; Win64; x64) AppleWebKit/537.36 (KHTML, like Gecko) Chrome/126.0.6478.36 Electron/31.0.0 Safari/537.36"
::1 - - [11/Jun/2024:08:49:35 +0000] "GET /script.js HTTP/1.1" 304 - "http://localhost:3000/" "Mozilla/5.0 (Windows NT 10.0; Win64; x64) AppleWebKit/537.36 (KHTML, like Gecko) Chrome/126.0.6478.36 Electron/31.0.0 Safari/537.36"
::1 - - [11/Jun/2024:08:49:47 +0000] "GET /proxy?url=https%3A%2F%2Fgoogle.com%2Fimages%2Fbranding%2Fgooglelogo%2F1x%2Fgooglelogo_white_background_color_272x92dp.png%2F%2522 HTTP/1.1" 500 47 "-" "Mozilla/5.0 (Windows NT 10.0; Win64; x64) AppleWebKit/537.36 (KHTML, like Gecko) Chrome/126.0.6478.36 Electron/31.0.0 Safari/537.36"
::1 - - [11/Jun/2024:08:50:48 +0000] "GET / HTTP/1.1" 304 - "-" "Mozilla/5.0 (Windows NT 10.0; Win64; x64) AppleWebKit/537.36 (KHTML, like Gecko) Chrome/126.0.6478.36 Electron/31.0.0 Safari/537.36"
::1 - - [11/Jun/2024:08:50:48 +0000] "GET /style.css HTTP/1.1" 304 - "http://localhost:3000/" "Mozilla/5.0 (Windows NT 10.0; Win64; x64) AppleWebKit/537.36 (KHTML, like Gecko) Chrome/126.0.6478.36 Electron/31.0.0 Safari/537.36"
::1 - - [11/Jun/2024:08:50:48 +0000] "GET /script.js HTTP/1.1" 304 - "http://localhost:3000/" "Mozilla/5.0 (Windows NT 10.0; Win64; x64) AppleWebKit/537.36 (KHTML, like Gecko) Chrome/126.0.6478.36 Electron/31.0.0 Safari/537.36"
::1 - - [11/Jun/2024:08:51:02 +0000] "GET /proxy?url=https%3A%2F%2Fgoogle.com%2Fimages%2Fbranding%2Fgooglelogo%2F1x%2Fgooglelogo_white_background_color_272x92dp.png%2F%2522 HTTP/1.1" 500 47 "-" "Mozilla/5.0 (Windows NT 10.0; Win64; x64) AppleWebKit/537.36 (KHTML, like Gecko) Chrome/126.0.6478.36 Electron/31.0.0 Safari/537.36"
::1 - - [11/Jun/2024:08:51:28 +0000] "GET / HTTP/1.1" 304 - "-" "Mozilla/5.0 (Windows NT 10.0; Win64; x64) AppleWebKit/537.36 (KHTML, like Gecko) Chrome/126.0.6478.36 Electron/31.0.0 Safari/537.36"
::1 - - [11/Jun/2024:08:51:28 +0000] "GET /style.css HTTP/1.1" 304 - "http://localhost:3000/" "Mozilla/5.0 (Windows NT 10.0; Win64; x64) AppleWebKit/537.36 (KHTML, like Gecko) Chrome/126.0.6478.36 Electron/31.0.0 Safari/537.36"
::1 - - [11/Jun/2024:08:51:28 +0000] "GET /script.js HTTP/1.1" 304 - "http://localhost:3000/" "Mozilla/5.0 (Windows NT 10.0; Win64; x64) AppleWebKit/537.36 (KHTML, like Gecko) Chrome/126.0.6478.36 Electron/31.0.0 Safari/537.36"
::1 - - [11/Jun/2024:08:51:41 +0000] "GET /proxy?url=https%3A%2F%2Fgoogle.com%2Fimages%2Fbranding%2Fgooglelogo%2F1x%2Fgooglelogo_white_background_color_272x92dp.png%2F%2522 HTTP/1.1" 500 47 "-" "Mozilla/5.0 (Windows NT 10.0; Win64; x64) AppleWebKit/537.36 (KHTML, like Gecko) Chrome/126.0.6478.36 Electron/31.0.0 Safari/537.36"
::1 - - [11/Jun/2024:08:53:18 +0000] "GET / HTTP/1.1" 304 - "-" "Mozilla/5.0 (Windows NT 10.0; Win64; x64) AppleWebKit/537.36 (KHTML, like Gecko) Chrome/126.0.6478.36 Electron/31.0.0 Safari/537.36"
::1 - - [11/Jun/2024:08:53:18 +0000] "GET /script.js HTTP/1.1" 304 - "http://localhost:3000/" "Mozilla/5.0 (Windows NT 10.0; Win64; x64) AppleWebKit/537.36 (KHTML, like Gecko) Chrome/126.0.6478.36 Electron/31.0.0 Safari/537.36"
::1 - - [11/Jun/2024:08:53:18 +0000] "GET /style.css HTTP/1.1" 304 - "http://localhost:3000/" "Mozilla/5.0 (Windows NT 10.0; Win64; x64) AppleWebKit/537.36 (KHTML, like Gecko) Chrome/126.0.6478.36 Electron/31.0.0 Safari/537.36"
::1 - - [11/Jun/2024:08:53:35 +0000] "GET /proxy?url=https%3A%2F%2Fgoogle.com%2Fimages%2Fbranding%2Fgooglelogo%2F1x%2Fgooglelogo_white_background_color_272x92dp.png%2F%2522 HTTP/1.1" 500 47 "-" "Mozilla/5.0 (Windows NT 10.0; Win64; x64) AppleWebKit/537.36 (KHTML, like Gecko) Chrome/126.0.6478.36 Electron/31.0.0 Safari/537.36"
::1 - - [11/Jun/2024:08:54:55 +0000] "GET / HTTP/1.1" 304 - "-" "Mozilla/5.0 (Windows NT 10.0; Win64; x64) AppleWebKit/537.36 (KHTML, like Gecko) Chrome/126.0.6478.36 Electron/31.0.0 Safari/537.36"
::1 - - [11/Jun/2024:08:54:55 +0000] "GET /style.css HTTP/1.1" 304 - "http://localhost:3000/" "Mozilla/5.0 (Windows NT 10.0; Win64; x64) AppleWebKit/537.36 (KHTML, like Gecko) Chrome/126.0.6478.36 Electron/31.0.0 Safari/537.36"
::1 - - [11/Jun/2024:08:54:55 +0000] "GET /script.js HTTP/1.1" 304 - "http://localhost:3000/" "Mozilla/5.0 (Windows NT 10.0; Win64; x64) AppleWebKit/537.36 (KHTML, like Gecko) Chrome/126.0.6478.36 Electron/31.0.0 Safari/537.36"
::1 - - [11/Jun/2024:08:55:06 +0000] "GET /proxy?url=https%3A%2F%2Fgoogle.com%2Fimages%2Fbranding%2Fgooglelogo%2F1x%2Fgooglelogo_white_background_color_272x92dp.png%2F%2522 HTTP/1.1" 500 47 "-" "Mozilla/5.0 (Windows NT 10.0; Win64; x64) AppleWebKit/537.36 (KHTML, like Gecko) Chrome/126.0.6478.36 Electron/31.0.0 Safari/537.36"
::1 - - [13/Jun/2024:06:44:49 +0000] "GET / HTTP/1.1" 304 - "-" "Mozilla/5.0 (Windows NT 10.0; Win64; x64) AppleWebKit/537.36 (KHTML, like Gecko) Chrome/126.0.6478.36 Electron/31.0.0 Safari/537.36"
::1 - - [13/Jun/2024:06:44:50 +0000] "GET /style.css HTTP/1.1" 304 - "http://localhost:3000/" "Mozilla/5.0 (Windows NT 10.0; Win64; x64) AppleWebKit/537.36 (KHTML, like Gecko) Chrome/126.0.6478.36 Electron/31.0.0 Safari/537.36"
::1 - - [13/Jun/2024:06:44:50 +0000] "GET /script.js HTTP/1.1" 304 - "http://localhost:3000/" "Mozilla/5.0 (Windows NT 10.0; Win64; x64) AppleWebKit/537.36 (KHTML, like Gecko) Chrome/126.0.6478.36 Electron/31.0.0 Safari/537.36"
::1 - - [13/Jun/2024:06:53:22 +0000] "GET / HTTP/1.1" 304 - "-" "Mozilla/5.0 (Windows NT 10.0; Win64; x64) AppleWebKit/537.36 (KHTML, like Gecko) Chrome/126.0.6478.36 Electron/31.0.0 Safari/537.36"
::1 - - [13/Jun/2024:06:53:23 +0000] "GET /style.css HTTP/1.1" 304 - "http://localhost:3000/" "Mozilla/5.0 (Windows NT 10.0; Win64; x64) AppleWebKit/537.36 (KHTML, like Gecko) Chrome/126.0.6478.36 Electron/31.0.0 Safari/537.36"
::1 - - [13/Jun/2024:06:53:23 +0000] "GET /script.js HTTP/1.1" 304 - "http://localhost:3000/" "Mozilla/5.0 (Windows NT 10.0; Win64; x64) AppleWebKit/537.36 (KHTML, like Gecko) Chrome/126.0.6478.36 Electron/31.0.0 Safari/537.36"
::1 - - [13/Jun/2024:07:02:02 +0000] "GET / HTTP/1.1" 304 - "-" "Mozilla/5.0 (Windows NT 10.0; Win64; x64) AppleWebKit/537.36 (KHTML, like Gecko) Chrome/126.0.6478.36 Electron/31.0.0 Safari/537.36"
::1 - - [13/Jun/2024:07:02:03 +0000] "GET /style.css HTTP/1.1" 304 - "http://localhost:3000/" "Mozilla/5.0 (Windows NT 10.0; Win64; x64) AppleWebKit/537.36 (KHTML, like Gecko) Chrome/126.0.6478.36 Electron/31.0.0 Safari/537.36"
::1 - - [13/Jun/2024:07:02:03 +0000] "GET /script.js HTTP/1.1" 304 - "http://localhost:3000/" "Mozilla/5.0 (Windows NT 10.0; Win64; x64) AppleWebKit/537.36 (KHTML, like Gecko) Chrome/126.0.6478.36 Electron/31.0.0 Safari/537.36"
::1 - - [13/Jun/2024:07:03:03 +0000] "GET / HTTP/1.1" 304 - "-" "Mozilla/5.0 (Windows NT 10.0; Win64; x64) AppleWebKit/537.36 (KHTML, like Gecko) Chrome/126.0.6478.36 Electron/31.0.0 Safari/537.36"
::1 - - [13/Jun/2024:07:03:03 +0000] "GET /script.js HTTP/1.1" 304 - "http://localhost:3000/" "Mozilla/5.0 (Windows NT 10.0; Win64; x64) AppleWebKit/537.36 (KHTML, like Gecko) Chrome/126.0.6478.36 Electron/31.0.0 Safari/537.36"
::1 - - [13/Jun/2024:07:03:03 +0000] "GET /style.css HTTP/1.1" 304 - "http://localhost:3000/" "Mozilla/5.0 (Windows NT 10.0; Win64; x64) AppleWebKit/537.36 (KHTML, like Gecko) Chrome/126.0.6478.36 Electron/31.0.0 Safari/537.36"
::1 - - [13/Jun/2024:07:04:22 +0000] "GET / HTTP/1.1" 304 - "-" "Mozilla/5.0 (Windows NT 10.0; Win64; x64) AppleWebKit/537.36 (KHTML, like Gecko) Chrome/126.0.6478.36 Electron/31.0.0 Safari/537.36"
::1 - - [13/Jun/2024:07:04:23 +0000] "GET /style.css HTTP/1.1" 304 - "http://localhost:3000/" "Mozilla/5.0 (Windows NT 10.0; Win64; x64) AppleWebKit/537.36 (KHTML, like Gecko) Chrome/126.0.6478.36 Electron/31.0.0 Safari/537.36"
::1 - - [13/Jun/2024:07:04:23 +0000] "GET /script.js HTTP/1.1" 304 - "http://localhost:3000/" "Mozilla/5.0 (Windows NT 10.0; Win64; x64) AppleWebKit/537.36 (KHTML, like Gecko) Chrome/126.0.6478.36 Electron/31.0.0 Safari/537.36"
::1 - - [13/Jun/2024:07:05:43 +0000] "GET / HTTP/1.1" 304 - "-" "Mozilla/5.0 (Windows NT 10.0; Win64; x64) AppleWebKit/537.36 (KHTML, like Gecko) Chrome/126.0.6478.36 Electron/31.0.0 Safari/537.36"
::1 - - [13/Jun/2024:07:05:44 +0000] "GET /style.css HTTP/1.1" 304 - "http://localhost:3000/" "Mozilla/5.0 (Windows NT 10.0; Win64; x64) AppleWebKit/537.36 (KHTML, like Gecko) Chrome/126.0.6478.36 Electron/31.0.0 Safari/537.36"
::1 - - [13/Jun/2024:07:05:44 +0000] "GET /script.js HTTP/1.1" 304 - "http://localhost:3000/" "Mozilla/5.0 (Windows NT 10.0; Win64; x64) AppleWebKit/537.36 (KHTML, like Gecko) Chrome/126.0.6478.36 Electron/31.0.0 Safari/537.36"
::1 - - [13/Jun/2024:07:06:17 +0000] "GET / HTTP/1.1" 304 - "-" "Mozilla/5.0 (Windows NT 10.0; Win64; x64) AppleWebKit/537.36 (KHTML, like Gecko) Chrome/126.0.6478.36 Electron/31.0.0 Safari/537.36"
::1 - - [13/Jun/2024:07:06:17 +0000] "GET /script.js HTTP/1.1" 304 - "http://localhost:3000/" "Mozilla/5.0 (Windows NT 10.0; Win64; x64) AppleWebKit/537.36 (KHTML, like Gecko) Chrome/126.0.6478.36 Electron/31.0.0 Safari/537.36"
::1 - - [13/Jun/2024:07:06:17 +0000] "GET /style.css HTTP/1.1" 304 - "http://localhost:3000/" "Mozilla/5.0 (Windows NT 10.0; Win64; x64) AppleWebKit/537.36 (KHTML, like Gecko) Chrome/126.0.6478.36 Electron/31.0.0 Safari/537.36"
