::1 - - [13/Jun/2024:07:08:56 +0000] "GET /proxy?url=file%3A%2F%2F%2FD%3A%2Fbrowser%2Ffront-end%2Findex.html HTTP/1.1" 500 29 "-" "axios/1.7.2"
::1 - - [13/Jun/2024:07:10:09 +0000] "GET / HTTP/1.1" 304 - "-" "Mozilla/5.0 (Windows NT 10.0; Win64; x64) AppleWebKit/537.36 (KHTML, like Gecko) Chrome/126.0.6478.36 Electron/31.0.0 Safari/537.36"
::1 - - [13/Jun/2024:07:10:11 +0000] "GET / HTTP/1.1" 304 - "-" "Mozilla/5.0 (Windows NT 10.0; Win64; x64) AppleWebKit/537.36 (KHTML, like Gecko) Chrome/126.0.6478.36 Electron/31.0.0 Safari/537.36"
::1 - - [13/Jun/2024:07:10:11 +0000] "GET /script.js HTTP/1.1" 304 - "http://localhost:3000/" "Mozilla/5.0 (Windows NT 10.0; Win64; x64) AppleWebKit/537.36 (KHTML, like Gecko) Chrome/126.0.6478.36 Electron/31.0.0 Safari/537.36"
::1 - - [13/Jun/2024:07:10:11 +0000] "GET /style.css HTTP/1.1" 304 - "http://localhost:3000/" "Mozilla/5.0 (Windows NT 10.0; Win64; x64) AppleWebKit/537.36 (KHTML, like Gecko) Chrome/126.0.6478.36 Electron/31.0.0 Safari/537.36"
::1 - - [13/Jun/2024:07:10:18 +0000] "GET /public HTTP/1.1" 404 145 "-" "Mozilla/5.0 (Windows NT 10.0; Win64; x64) AppleWebKit/537.36 (KHTML, like Gecko) Chrome/126.0.6478.36 Electron/31.0.0 Safari/537.36"
::1 - - [13/Jun/2024:07:10:25 +0000] "GET /public/index HTTP/1.1" 404 151 "-" "Mozilla/5.0 (Windows NT 10.0; Win64; x64) AppleWebKit/537.36 (KHTML, like Gecko) Chrome/126.0.6478.36 Electron/31.0.0 Safari/537.36"
::1 - - [13/Jun/2024:07:10:28 +0000] "GET /public/index.html HTTP/1.1" 404 156 "-" "Mozilla/5.0 (Windows NT 10.0; Win64; x64) AppleWebKit/537.36 (KHTML, like Gecko) Chrome/126.0.6478.36 Electron/31.0.0 Safari/537.36"
::1 - - [13/Jun/2024:07:10:58 +0000] "GET /public/index.html HTTP/1.1" 404 156 "-" "Mozilla/5.0 (Windows NT 10.0; Win64; x64) AppleWebKit/537.36 (KHTML, like Gecko) Chrome/126.0.6478.36 Electron/31.0.0 Safari/537.36"
::1 - - [13/Jun/2024:07:11:16 +0000] "GET /public/index.html HTTP/1.1" 404 156 "-" "Mozilla/5.0 (Windows NT 10.0; Win64; x64) AppleWebKit/537.36 (KHTML, like Gecko) Chrome/126.0.6478.36 Electron/31.0.0 Safari/537.36"
::1 - - [13/Jun/2024:07:12:38 +0000] "GET /public/index.html HTTP/1.1" 404 156 "-" "Mozilla/5.0 (Windows NT 10.0; Win64; x64) AppleWebKit/537.36 (KHTML, like Gecko) Chrome/126.0.6478.36 Electron/31.0.0 Safari/537.36"
::1 - - [13/Jun/2024:07:13:11 +0000] "GET /public/index.html HTTP/1.1" 404 156 "-" "Mozilla/5.0 (Windows NT 10.0; Win64; x64) AppleWebKit/537.36 (KHTML, like Gecko) Chrome/126.0.6478.36 Electron/31.0.0 Safari/537.36"
::1 - - [13/Jun/2024:07:13:16 +0000] "GET /public/index.html HTTP/1.1" 404 156 "-" "Mozilla/5.0 (Windows NT 10.0; Win64; x64) AppleWebKit/537.36 (KHTML, like Gecko) Chrome/126.0.6478.36 Electron/31.0.0 Safari/537.36"
::1 - - [13/Jun/2024:07:13:18 +0000] "GET /public/index.html HTTP/1.1" 404 156 "-" "Mozilla/5.0 (Windows NT 10.0; Win64; x64) AppleWebKit/537.36 (KHTML, like Gecko) Chrome/126.0.6478.36 Electron/31.0.0 Safari/537.36"
::1 - - [13/Jun/2024:07:13:20 +0000] "GET /public/index.html HTTP/1.1" 404 156 "-" "Mozilla/5.0 (Windows NT 10.0; Win64; x64) AppleWebKit/537.36 (KHTML, like Gecko) Chrome/126.0.6478.36 Electron/31.0.0 Safari/537.36"
::1 - - [13/Jun/2024:07:13:25 +0000] "GET /public/index.html HTTP/1.1" 404 156 "-" "Mozilla/5.0 (Windows NT 10.0; Win64; x64) AppleWebKit/537.36 (KHTML, like Gecko) Chrome/126.0.6478.36 Electron/31.0.0 Safari/537.36"
::1 - - [13/Jun/2024:07:13:30 +0000] "GET /public/index.html HTTP/1.1" 404 156 "-" "Mozilla/5.0 (Windows NT 10.0; Win64; x64) AppleWebKit/537.36 (KHTML, like Gecko) Chrome/126.0.6478.36 Electron/31.0.0 Safari/537.36"
::1 - - [13/Jun/2024:07:13:53 +0000] "GET /public/index.html HTTP/1.1" 404 156 "-" "Mozilla/5.0 (Windows NT 10.0; Win64; x64) AppleWebKit/537.36 (KHTML, like Gecko) Chrome/126.0.6478.36 Electron/31.0.0 Safari/537.36"
::1 - - [13/Jun/2024:07:13:57 +0000] "GET /public/index.html HTTP/1.1" 404 156 "-" "Mozilla/5.0 (Windows NT 10.0; Win64; x64) AppleWebKit/537.36 (KHTML, like Gecko) Chrome/126.0.6478.36 Electron/31.0.0 Safari/537.36"
::1 - - [13/Jun/2024:07:13:58 +0000] "GET /public/index.html HTTP/1.1" 404 156 "-" "Mozilla/5.0 (Windows NT 10.0; Win64; x64) AppleWebKit/537.36 (KHTML, like Gecko) Chrome/126.0.6478.36 Electron/31.0.0 Safari/537.36"
::1 - - [13/Jun/2024:07:14:00 +0000] "GET /public/index.html HTTP/1.1" 404 156 "-" "Mozilla/5.0 (Windows NT 10.0; Win64; x64) AppleWebKit/537.36 (KHTML, like Gecko) Chrome/126.0.6478.36 Electron/31.0.0 Safari/537.36"
::1 - - [13/Jun/2024:07:14:02 +0000] "GET /public/index.html HTTP/1.1" 404 156 "-" "Mozilla/5.0 (Windows NT 10.0; Win64; x64) AppleWebKit/537.36 (KHTML, like Gecko) Chrome/126.0.6478.36 Electron/31.0.0 Safari/537.36"
::1 - - [13/Jun/2024:07:14:26 +0000] "GET /public/index.html HTTP/1.1" 404 156 "-" "Mozilla/5.0 (Windows NT 10.0; Win64; x64) AppleWebKit/537.36 (KHTML, like Gecko) Chrome/126.0.6478.36 Electron/31.0.0 Safari/537.36"
::1 - - [13/Jun/2024:07:14:45 +0000] "GET /index.html HTTP/1.1" 200 194665 "-" "Mozilla/5.0 (Windows NT 10.0; Win64; x64) AppleWebKit/537.36 (KHTML, like Gecko) Chrome/126.0.6478.36 Electron/31.0.0 Safari/537.36"
::1 - - [13/Jun/2024:07:14:45 +0000] "GET /proxy?url=https%3A%2F%2Fabs.twimg.com%2Fresponsive-web%2Fclient-web-legacy%2Fpolyfills.7a06a8da.js HTTP/1.1" 200 3676 "-" "axios/1.7.2"
::1 - - [13/Jun/2024:07:14:46 +0000] "GET /proxy?url=https%3A%2F%2Fabs.twimg.com%2Fresponsive-web%2Fclient-web-legacy%2Fvendor.c062106a.js HTTP/1.1" 200 667054 "-" "axios/1.7.2"
::1 - - [13/Jun/2024:07:14:46 +0000] "GET /proxy?url=https%3A%2F%2Fabs.twimg.com%2Fresponsive-web%2Fclient-web-legacy%2Fi18n%2Fen.f517610a.js HTTP/1.1" 200 420382 "-" "axios/1.7.2"
::1 - - [13/Jun/2024:07:14:46 +0000] "GET /proxy?url=https%3A%2F%2Fabs.twimg.com%2Fresponsive-web%2Fclient-web-legacy%2Fmain.5f441b5a.js HTTP/1.1" 200 2969862 "-" "axios/1.7.2"
::1 - - [13/Jun/2024:07:15:05 +0000] "GET /index.html?failedScript=polyfills HTTP/1.1" 200 194665 "http://localhost:3000/index.html" "Mozilla/5.0 (Windows NT 10.0; Win64; x64) AppleWebKit/537.36 (KHTML, like Gecko) Chrome/126.0.6478.36 Electron/31.0.0 Safari/537.36"
::1 - - [13/Jun/2024:07:15:05 +0000] "GET /proxy?url=https%3A%2F%2Fabs.twimg.com%2Fresponsive-web%2Fclient-web-legacy%2Fpolyfills.7a06a8da.js HTTP/1.1" 200 3676 "-" "axios/1.7.2"
::1 - - [13/Jun/2024:07:15:05 +0000] "GET /proxy?url=https%3A%2F%2Fabs.twimg.com%2Fresponsive-web%2Fclient-web-legacy%2Fvendor.c062106a.js HTTP/1.1" 200 667054 "-" "axios/1.7.2"
::1 - - [13/Jun/2024:07:15:05 +0000] "GET /proxy?url=https%3A%2F%2Fabs.twimg.com%2Fresponsive-web%2Fclient-web-legacy%2Fi18n%2Fen.f517610a.js HTTP/1.1" 200 420382 "-" "axios/1.7.2"
::1 - - [13/Jun/2024:07:15:06 +0000] "GET /proxy?url=https%3A%2F%2Fabs.twimg.com%2Fresponsive-web%2Fclient-web-legacy%2Fmain.5f441b5a.js HTTP/1.1" 200 2969862 "-" "axios/1.7.2"
::1 - - [13/Jun/2024:07:15:10 +0000] "GET /index.html?failedScript=polyfills HTTP/1.1" 304 - "http://localhost:3000/index.html?failedScript=polyfills" "Mozilla/5.0 (Windows NT 10.0; Win64; x64) AppleWebKit/537.36 (KHTML, like Gecko) Chrome/126.0.6478.36 Electron/31.0.0 Safari/537.36"
::1 - - [13/Jun/2024:07:15:10 +0000] "GET /proxy?url=https%3A%2F%2Fabs.twimg.com%2Fresponsive-web%2Fclient-web-legacy%2Fpolyfills.7a06a8da.js HTTP/1.1" 200 3676 "-" "axios/1.7.2"
::1 - - [13/Jun/2024:07:15:10 +0000] "GET /proxy?url=https%3A%2F%2Fabs.twimg.com%2Fresponsive-web%2Fclient-web-legacy%2Fi18n%2Fen.f517610a.js HTTP/1.1" 200 420382 "-" "axios/1.7.2"
::1 - - [13/Jun/2024:07:15:10 +0000] "GET /proxy?url=https%3A%2F%2Fabs.twimg.com%2Fresponsive-web%2Fclient-web-legacy%2Fvendor.c062106a.js HTTP/1.1" 200 667054 "-" "axios/1.7.2"
::1 - - [13/Jun/2024:07:15:10 +0000] "GET /proxy?url=https%3A%2F%2Fabs.twimg.com%2Fresponsive-web%2Fclient-web-legacy%2Fmain.5f441b5a.js HTTP/1.1" 200 2969862 "-" "axios/1.7.2"
::1 - - [13/Jun/2024:07:15:11 +0000] "GET /index.html?failedScript=polyfills HTTP/1.1" 304 - "http://localhost:3000/index.html?failedScript=polyfills" "Mozilla/5.0 (Windows NT 10.0; Win64; x64) AppleWebKit/537.36 (KHTML, like Gecko) Chrome/126.0.6478.36 Electron/31.0.0 Safari/537.36"
::1 - - [13/Jun/2024:07:15:11 +0000] "GET /proxy?url=https%3A%2F%2Fabs.twimg.com%2Fresponsive-web%2Fclient-web-legacy%2Fpolyfills.7a06a8da.js HTTP/1.1" 200 3676 "-" "axios/1.7.2"
::1 - - [13/Jun/2024:07:15:11 +0000] "GET /proxy?url=https%3A%2F%2Fabs.twimg.com%2Fresponsive-web%2Fclient-web-legacy%2Fi18n%2Fen.f517610a.js HTTP/1.1" 200 420382 "-" "axios/1.7.2"
::1 - - [13/Jun/2024:07:15:11 +0000] "GET /proxy?url=https%3A%2F%2Fabs.twimg.com%2Fresponsive-web%2Fclient-web-legacy%2Fvendor.c062106a.js HTTP/1.1" 200 667054 "-" "axios/1.7.2"
::1 - - [13/Jun/2024:07:15:12 +0000] "GET /proxy?url=https%3A%2F%2Fabs.twimg.com%2Fresponsive-web%2Fclient-web-legacy%2Fmain.5f441b5a.js HTTP/1.1" 200 2969862 "-" "axios/1.7.2"
::1 - - [13/Jun/2024:07:15:18 +0000] "GET /index.html?failedScript=polyfills HTTP/1.1" 304 - "http://localhost:3000/index.html?failedScript=polyfills" "Mozilla/5.0 (Windows NT 10.0; Win64; x64) AppleWebKit/537.36 (KHTML, like Gecko) Chrome/126.0.6478.36 Electron/31.0.0 Safari/537.36"
::1 - - [13/Jun/2024:07:15:18 +0000] "GET /proxy?url=https%3A%2F%2Fabs.twimg.com%2Fresponsive-web%2Fclient-web-legacy%2Fpolyfills.7a06a8da.js HTTP/1.1" 200 3676 "-" "axios/1.7.2"
::1 - - [13/Jun/2024:07:15:18 +0000] "GET /proxy?url=https%3A%2F%2Fabs.twimg.com%2Fresponsive-web%2Fclient-web-legacy%2Fi18n%2Fen.f517610a.js HTTP/1.1" 200 420382 "-" "axios/1.7.2"
::1 - - [13/Jun/2024:07:15:18 +0000] "GET /proxy?url=https%3A%2F%2Fabs.twimg.com%2Fresponsive-web%2Fclient-web-legacy%2Fvendor.c062106a.js HTTP/1.1" 200 667054 "-" "axios/1.7.2"
::1 - - [13/Jun/2024:07:15:18 +0000] "GET /proxy?url=https%3A%2F%2Fabs.twimg.com%2Fresponsive-web%2Fclient-web-legacy%2Fmain.5f441b5a.js HTTP/1.1" 200 2969862 "-" "axios/1.7.2"
::1 - - [13/Jun/2024:07:16:12 +0000] "GET /index.html HTTP/1.1" 304 - "-" "Mozilla/5.0 (Windows NT 10.0; Win64; x64) AppleWebKit/537.36 (KHTML, like Gecko) Chrome/126.0.6478.36 Electron/31.0.0 Safari/537.36"
::1 - - [13/Jun/2024:07:16:12 +0000] "GET /proxy?url=https%3A%2F%2Fabs.twimg.com%2Fresponsive-web%2Fclient-web-legacy%2Fpolyfills.7a06a8da.js HTTP/1.1" 200 3676 "-" "axios/1.7.2"
::1 - - [13/Jun/2024:07:16:12 +0000] "GET /proxy?url=https%3A%2F%2Fabs.twimg.com%2Fresponsive-web%2Fclient-web-legacy%2Fi18n%2Fen.f517610a.js HTTP/1.1" 200 420382 "-" "axios/1.7.2"
::1 - - [13/Jun/2024:07:16:12 +0000] "GET /proxy?url=https%3A%2F%2Fabs.twimg.com%2Fresponsive-web%2Fclient-web-legacy%2Fvendor.c062106a.js HTTP/1.1" 200 667054 "-" "axios/1.7.2"
::1 - - [13/Jun/2024:07:16:13 +0000] "GET /proxy?url=https%3A%2F%2Fabs.twimg.com%2Fresponsive-web%2Fclient-web-legacy%2Fmain.5f441b5a.js HTTP/1.1" 200 2969862 "-" "axios/1.7.2"
::1 - - [13/Jun/2024:07:16:16 +0000] "GET /index.html HTTP/1.1" 304 - "-" "Mozilla/5.0 (Windows NT 10.0; Win64; x64) AppleWebKit/537.36 (KHTML, like Gecko) Chrome/126.0.6478.36 Electron/31.0.0 Safari/537.36"
::1 - - [13/Jun/2024:07:16:17 +0000] "GET /proxy?url=https%3A%2F%2Fabs.twimg.com%2Fresponsive-web%2Fclient-web-legacy%2Fpolyfills.7a06a8da.js HTTP/1.1" 200 3676 "-" "axios/1.7.2"
::1 - - [13/Jun/2024:07:16:17 +0000] "GET /proxy?url=https%3A%2F%2Fabs.twimg.com%2Fresponsive-web%2Fclient-web-legacy%2Fvendor.c062106a.js HTTP/1.1" 200 667054 "-" "axios/1.7.2"
::1 - - [13/Jun/2024:07:16:17 +0000] "GET /proxy?url=https%3A%2F%2Fabs.twimg.com%2Fresponsive-web%2Fclient-web-legacy%2Fi18n%2Fen.f517610a.js HTTP/1.1" 200 420382 "-" "axios/1.7.2"
::1 - - [13/Jun/2024:07:16:17 +0000] "GET /proxy?url=https%3A%2F%2Fabs.twimg.com%2Fresponsive-web%2Fclient-web-legacy%2Fmain.5f441b5a.js HTTP/1.1" 200 2969862 "-" "axios/1.7.2"
::1 - - [13/Jun/2024:07:16:21 +0000] "GET /index.html HTTP/1.1" 304 - "-" "Mozilla/5.0 (Windows NT 10.0; Win64; x64) AppleWebKit/537.36 (KHTML, like Gecko) Chrome/126.0.6478.36 Electron/31.0.0 Safari/537.36"
::1 - - [13/Jun/2024:07:16:21 +0000] "GET /proxy?url=https%3A%2F%2Fabs.twimg.com%2Fresponsive-web%2Fclient-web-legacy%2Fpolyfills.7a06a8da.js HTTP/1.1" 200 3676 "-" "axios/1.7.2"
::1 - - [13/Jun/2024:07:16:21 +0000] "GET /proxy?url=https%3A%2F%2Fabs.twimg.com%2Fresponsive-web%2Fclient-web-legacy%2Fi18n%2Fen.f517610a.js HTTP/1.1" 200 420382 "-" "axios/1.7.2"
::1 - - [13/Jun/2024:07:16:21 +0000] "GET /proxy?url=https%3A%2F%2Fabs.twimg.com%2Fresponsive-web%2Fclient-web-legacy%2Fvendor.c062106a.js HTTP/1.1" 200 667054 "-" "axios/1.7.2"
::1 - - [13/Jun/2024:07:16:21 +0000] "GET /proxy?url=https%3A%2F%2Fabs.twimg.com%2Fresponsive-web%2Fclient-web-legacy%2Fmain.5f441b5a.js HTTP/1.1" 200 2969862 "-" "axios/1.7.2"
::1 - - [13/Jun/2024:07:16:32 +0000] "GET /proxy?url=devtools%3A%2F%2Fdevtools%2Fbundled%2Fdevtools_app.html%3FremoteBase%3Dhttps%3A%2F%2Fchrome-devtools-frontend.appspot.com%2Fserve_file%2F%400a1a1d83444b540ed34849d6e92ceea1cc9f3868%2F%26can_dock%3Dtrue%26toolbarColor%3Drgba(223%2C223%2C223%2C1)%26textColor%3Drgba(0%2C0%2C0%2C1)%26experiments%3Dtrue HTTP/1.1" 500 42 "-" "axios/1.7.2"
::1 - - [13/Jun/2024:07:17:48 +0000] "GET /index.html HTTP/1.1" 304 - "-" "Mozilla/5.0 (Windows NT 10.0; Win64; x64) AppleWebKit/537.36 (KHTML, like Gecko) Chrome/126.0.6478.36 Electron/31.0.0 Safari/537.36"
::1 - - [13/Jun/2024:07:17:51 +0000] "GET /index.html HTTP/1.1" 304 - "-" "Mozilla/5.0 (Windows NT 10.0; Win64; x64) AppleWebKit/537.36 (KHTML, like Gecko) Chrome/126.0.6478.36 Electron/31.0.0 Safari/537.36"
::1 - - [13/Jun/2024:07:17:51 +0000] "GET /proxy?url=https%3A%2F%2Fabs.twimg.com%2Fresponsive-web%2Fclient-web-legacy%2Fpolyfills.7a06a8da.js HTTP/1.1" 200 3676 "-" "axios/1.7.2"
::1 - - [13/Jun/2024:07:17:51 +0000] "GET /proxy?url=https%3A%2F%2Fabs.twimg.com%2Fresponsive-web%2Fclient-web-legacy%2Fvendor.c062106a.js HTTP/1.1" 200 667054 "-" "axios/1.7.2"
::1 - - [13/Jun/2024:07:17:51 +0000] "GET /proxy?url=https%3A%2F%2Fabs.twimg.com%2Fresponsive-web%2Fclient-web-legacy%2Fi18n%2Fen.f517610a.js HTTP/1.1" 200 420382 "-" "axios/1.7.2"
::1 - - [13/Jun/2024:07:17:51 +0000] "GET /proxy?url=https%3A%2F%2Fabs.twimg.com%2Fresponsive-web%2Fclient-web-legacy%2Fmain.5f441b5a.js HTTP/1.1" 200 2969862 "-" "axios/1.7.2"
::1 - - [13/Jun/2024:07:17:57 +0000] "GET /index.html HTTP/1.1" 304 - "-" "Mozilla/5.0 (Windows NT 10.0; Win64; x64) AppleWebKit/537.36 (KHTML, like Gecko) Chrome/126.0.6478.36 Electron/31.0.0 Safari/537.36"
::1 - - [13/Jun/2024:07:17:58 +0000] "GET /index.html HTTP/1.1" 304 - "-" "Mozilla/5.0 (Windows NT 10.0; Win64; x64) AppleWebKit/537.36 (KHTML, like Gecko) Chrome/126.0.6478.36 Electron/31.0.0 Safari/537.36"
::1 - - [13/Jun/2024:07:17:58 +0000] "GET /proxy?url=https%3A%2F%2Fabs.twimg.com%2Fresponsive-web%2Fclient-web-legacy%2Fpolyfills.7a06a8da.js HTTP/1.1" 200 3676 "-" "axios/1.7.2"
::1 - - [13/Jun/2024:07:17:59 +0000] "GET /proxy?url=https%3A%2F%2Fabs.twimg.com%2Fresponsive-web%2Fclient-web-legacy%2Fi18n%2Fen.f517610a.js HTTP/1.1" 200 420382 "-" "axios/1.7.2"
::1 - - [13/Jun/2024:07:17:59 +0000] "GET /proxy?url=https%3A%2F%2Fabs.twimg.com%2Fresponsive-web%2Fclient-web-legacy%2Fvendor.c062106a.js HTTP/1.1" 200 667054 "-" "axios/1.7.2"
::1 - - [13/Jun/2024:07:17:59 +0000] "GET /proxy?url=https%3A%2F%2Fabs.twimg.com%2Fresponsive-web%2Fclient-web-legacy%2Fmain.5f441b5a.js HTTP/1.1" 200 2969862 "-" "axios/1.7.2"
::1 - - [13/Jun/2024:07:18:02 +0000] "GET /index.html HTTP/1.1" 304 - "-" "Mozilla/5.0 (Windows NT 10.0; Win64; x64) AppleWebKit/537.36 (KHTML, like Gecko) Chrome/126.0.6478.36 Electron/31.0.0 Safari/537.36"
::1 - - [13/Jun/2024:07:18:02 +0000] "GET /proxy?url=https%3A%2F%2Fabs.twimg.com%2Fresponsive-web%2Fclient-web-legacy%2Fpolyfills.7a06a8da.js HTTP/1.1" 200 3676 "-" "axios/1.7.2"
::1 - - [13/Jun/2024:07:18:02 +0000] "GET /proxy?url=https%3A%2F%2Fabs.twimg.com%2Fresponsive-web%2Fclient-web-legacy%2Fvendor.c062106a.js HTTP/1.1" 200 667054 "-" "axios/1.7.2"
::1 - - [13/Jun/2024:07:18:02 +0000] "GET /proxy?url=https%3A%2F%2Fabs.twimg.com%2Fresponsive-web%2Fclient-web-legacy%2Fi18n%2Fen.f517610a.js HTTP/1.1" 200 420382 "-" "axios/1.7.2"
::1 - - [13/Jun/2024:07:18:02 +0000] "GET /proxy?url=https%3A%2F%2Fabs.twimg.com%2Fresponsive-web%2Fclient-web-legacy%2Fmain.5f441b5a.js HTTP/1.1" 200 2969862 "-" "axios/1.7.2"
::1 - - [13/Jun/2024:07:18:05 +0000] "GET /index.html HTTP/1.1" 304 - "-" "Mozilla/5.0 (Windows NT 10.0; Win64; x64) AppleWebKit/537.36 (KHTML, like Gecko) Chrome/126.0.6478.36 Electron/31.0.0 Safari/537.36"
::1 - - [13/Jun/2024:07:18:05 +0000] "GET /proxy?url=https%3A%2F%2Fabs.twimg.com%2Fresponsive-web%2Fclient-web-legacy%2Fpolyfills.7a06a8da.js HTTP/1.1" 200 3676 "-" "axios/1.7.2"
::1 - - [13/Jun/2024:07:18:05 +0000] "GET /proxy?url=https%3A%2F%2Fabs.twimg.com%2Fresponsive-web%2Fclient-web-legacy%2Fi18n%2Fen.f517610a.js HTTP/1.1" 200 420382 "-" "axios/1.7.2"
::1 - - [13/Jun/2024:07:18:05 +0000] "GET /proxy?url=https%3A%2F%2Fabs.twimg.com%2Fresponsive-web%2Fclient-web-legacy%2Fvendor.c062106a.js HTTP/1.1" 200 667054 "-" "axios/1.7.2"
::1 - - [13/Jun/2024:07:18:05 +0000] "GET /proxy?url=https%3A%2F%2Fabs.twimg.com%2Fresponsive-web%2Fclient-web-legacy%2Fmain.5f441b5a.js HTTP/1.1" 200 2969862 "-" "axios/1.7.2"
::1 - - [13/Jun/2024:07:18:08 +0000] "GET /index.html HTTP/1.1" 304 - "-" "Mozilla/5.0 (Windows NT 10.0; Win64; x64) AppleWebKit/537.36 (KHTML, like Gecko) Chrome/126.0.6478.36 Electron/31.0.0 Safari/537.36"
::1 - - [13/Jun/2024:07:18:09 +0000] "GET /proxy?url=https%3A%2F%2Fabs.twimg.com%2Fresponsive-web%2Fclient-web-legacy%2Fpolyfills.7a06a8da.js HTTP/1.1" 200 3676 "-" "axios/1.7.2"
::1 - - [13/Jun/2024:07:18:09 +0000] "GET /proxy?url=https%3A%2F%2Fabs.twimg.com%2Fresponsive-web%2Fclient-web-legacy%2Fvendor.c062106a.js HTTP/1.1" 200 667054 "-" "axios/1.7.2"
::1 - - [13/Jun/2024:07:18:09 +0000] "GET /proxy?url=https%3A%2F%2Fabs.twimg.com%2Fresponsive-web%2Fclient-web-legacy%2Fi18n%2Fen.f517610a.js HTTP/1.1" 200 420382 "-" "axios/1.7.2"
::1 - - [13/Jun/2024:07:18:12 +0000] "GET /proxy?url=https%3A%2F%2Fabs.twimg.com%2Fresponsive-web%2Fclient-web-legacy%2Fmain.5f441b5a.js HTTP/1.1" 200 2969862 "-" "axios/1.7.2"
::1 - - [13/Jun/2024:07:18:17 +0000] "GET /proxy?url=devtools%3A%2F%2Fdevtools%2Fbundled%2Fdevtools_app.html%3FremoteBase%3Dhttps%3A%2F%2Fchrome-devtools-frontend.appspot.com%2Fserve_file%2F%400a1a1d83444b540ed34849d6e92ceea1cc9f3868%2F%26can_dock%3Dtrue%26toolbarColor%3Drgba(223%2C223%2C223%2C1)%26textColor%3Drgba(0%2C0%2C0%2C1)%26experiments%3Dtrue HTTP/1.1" 500 42 "-" "axios/1.7.2"
::1 - - [13/Jun/2024:07:18:33 +0000] "GET /index.html HTTP/1.1" 304 - "-" "Mozilla/5.0 (Windows NT 10.0; Win64; x64) AppleWebKit/537.36 (KHTML, like Gecko) Chrome/126.0.6478.36 Electron/31.0.0 Safari/537.36"
::1 - - [13/Jun/2024:07:18:33 +0000] "GET /proxy?url=https%3A%2F%2Fabs.twimg.com%2Fresponsive-web%2Fclient-web-legacy%2Fi18n%2Fen.f517610a.js HTTP/1.1" 200 420382 "-" "axios/1.7.2"
::1 - - [13/Jun/2024:07:18:33 +0000] "GET /proxy?url=https%3A%2F%2Fabs.twimg.com%2Fresponsive-web%2Fclient-web-legacy%2Fpolyfills.7a06a8da.js HTTP/1.1" 200 3676 "-" "axios/1.7.2"
::1 - - [13/Jun/2024:07:18:33 +0000] "GET /proxy?url=https%3A%2F%2Fabs.twimg.com%2Fresponsive-web%2Fclient-web-legacy%2Fvendor.c062106a.js HTTP/1.1" 200 667054 "-" "axios/1.7.2"
::1 - - [13/Jun/2024:07:18:39 +0000] "GET /index.html HTTP/1.1" 304 - "-" "Mozilla/5.0 (Windows NT 10.0; Win64; x64) AppleWebKit/537.36 (KHTML, like Gecko) Chrome/126.0.6478.36 Electron/31.0.0 Safari/537.36"
::1 - - [13/Jun/2024:07:18:39 +0000] "GET /proxy?url=https%3A%2F%2Fabs.twimg.com%2Fresponsive-web%2Fclient-web-legacy%2Fpolyfills.7a06a8da.js HTTP/1.1" 200 3676 "-" "axios/1.7.2"
::1 - - [13/Jun/2024:07:18:39 +0000] "GET /proxy?url=https%3A%2F%2Fabs.twimg.com%2Fresponsive-web%2Fclient-web-legacy%2Fi18n%2Fen.f517610a.js HTTP/1.1" 200 420382 "-" "axios/1.7.2"
::1 - - [13/Jun/2024:07:18:39 +0000] "GET /proxy?url=https%3A%2F%2Fabs.twimg.com%2Fresponsive-web%2Fclient-web-legacy%2Fvendor.c062106a.js HTTP/1.1" 200 667054 "-" "axios/1.7.2"
::1 - - [13/Jun/2024:07:18:39 +0000] "GET /proxy?url=https%3A%2F%2Fabs.twimg.com%2Fresponsive-web%2Fclient-web-legacy%2Fmain.5f441b5a.js HTTP/1.1" 200 2969862 "-" "axios/1.7.2"
::1 - - [13/Jun/2024:07:18:43 +0000] "GET /index.html HTTP/1.1" 304 - "-" "Mozilla/5.0 (Windows NT 10.0; Win64; x64) AppleWebKit/537.36 (KHTML, like Gecko) Chrome/126.0.6478.36 Electron/31.0.0 Safari/537.36"
::1 - - [13/Jun/2024:07:18:44 +0000] "GET /proxy?url=https%3A%2F%2Fabs.twimg.com%2Fresponsive-web%2Fclient-web-legacy%2Fpolyfills.7a06a8da.js HTTP/1.1" 200 3676 "-" "axios/1.7.2"
::1 - - [13/Jun/2024:07:18:44 +0000] "GET /proxy?url=https%3A%2F%2Fabs.twimg.com%2Fresponsive-web%2Fclient-web-legacy%2Fi18n%2Fen.f517610a.js HTTP/1.1" 200 420382 "-" "axios/1.7.2"
::1 - - [13/Jun/2024:07:18:44 +0000] "GET /proxy?url=https%3A%2F%2Fabs.twimg.com%2Fresponsive-web%2Fclient-web-legacy%2Fvendor.c062106a.js HTTP/1.1" 200 667054 "-" "axios/1.7.2"
::1 - - [13/Jun/2024:07:18:44 +0000] "GET /proxy?url=https%3A%2F%2Fabs.twimg.com%2Fresponsive-web%2Fclient-web-legacy%2Fmain.5f441b5a.js HTTP/1.1" 200 2969862 "-" "axios/1.7.2"
::1 - - [13/Jun/2024:07:18:46 +0000] "GET /index.html HTTP/1.1" 304 - "-" "Mozilla/5.0 (Windows NT 10.0; Win64; x64) AppleWebKit/537.36 (KHTML, like Gecko) Chrome/126.0.6478.36 Electron/31.0.0 Safari/537.36"
::1 - - [13/Jun/2024:07:18:46 +0000] "GET /proxy?url=https%3A%2F%2Fabs.twimg.com%2Fresponsive-web%2Fclient-web-legacy%2Fpolyfills.7a06a8da.js HTTP/1.1" 200 3676 "-" "axios/1.7.2"
::1 - - [13/Jun/2024:07:18:46 +0000] "GET /proxy?url=https%3A%2F%2Fabs.twimg.com%2Fresponsive-web%2Fclient-web-legacy%2Fi18n%2Fen.f517610a.js HTTP/1.1" 200 420382 "-" "axios/1.7.2"
::1 - - [13/Jun/2024:07:18:46 +0000] "GET /proxy?url=https%3A%2F%2Fabs.twimg.com%2Fresponsive-web%2Fclient-web-legacy%2Fvendor.c062106a.js HTTP/1.1" 200 667054 "-" "axios/1.7.2"
::1 - - [13/Jun/2024:07:18:46 +0000] "GET /proxy?url=https%3A%2F%2Fabs.twimg.com%2Fresponsive-web%2Fclient-web-legacy%2Fmain.5f441b5a.js HTTP/1.1" 200 2969862 "-" "axios/1.7.2"
::1 - - [13/Jun/2024:07:18:49 +0000] "GET /index.html HTTP/1.1" 304 - "-" "Mozilla/5.0 (Windows NT 10.0; Win64; x64) AppleWebKit/537.36 (KHTML, like Gecko) Chrome/126.0.6478.36 Electron/31.0.0 Safari/537.36"
::1 - - [13/Jun/2024:07:18:49 +0000] "GET /proxy?url=https%3A%2F%2Fabs.twimg.com%2Fresponsive-web%2Fclient-web-legacy%2Fpolyfills.7a06a8da.js HTTP/1.1" 200 3676 "-" "axios/1.7.2"
::1 - - [13/Jun/2024:07:18:49 +0000] "GET /proxy?url=https%3A%2F%2Fabs.twimg.com%2Fresponsive-web%2Fclient-web-legacy%2Fvendor.c062106a.js HTTP/1.1" 200 667054 "-" "axios/1.7.2"
::1 - - [13/Jun/2024:07:18:50 +0000] "GET /proxy?url=https%3A%2F%2Fabs.twimg.com%2Fresponsive-web%2Fclient-web-legacy%2Fi18n%2Fen.f517610a.js HTTP/1.1" 200 420382 "-" "axios/1.7.2"
::1 - - [13/Jun/2024:07:18:50 +0000] "GET /proxy?url=https%3A%2F%2Fabs.twimg.com%2Fresponsive-web%2Fclient-web-legacy%2Fmain.5f441b5a.js HTTP/1.1" 200 2969862 "-" "axios/1.7.2"
::1 - - [13/Jun/2024:07:19:29 +0000] "GET /index.html HTTP/1.1" 304 - "-" "Mozilla/5.0 (Windows NT 10.0; Win64; x64) AppleWebKit/537.36 (KHTML, like Gecko) Chrome/126.0.6478.36 Electron/31.0.0 Safari/537.36"
::1 - - [13/Jun/2024:07:19:29 +0000] "GET /proxy?url=https%3A%2F%2Fabs.twimg.com%2Fresponsive-web%2Fclient-web-legacy%2Fpolyfills.7a06a8da.js HTTP/1.1" 200 3676 "-" "axios/1.7.2"
::1 - - [13/Jun/2024:07:19:29 +0000] "GET /proxy?url=https%3A%2F%2Fabs.twimg.com%2Fresponsive-web%2Fclient-web-legacy%2Fvendor.c062106a.js HTTP/1.1" 200 667054 "-" "axios/1.7.2"
::1 - - [13/Jun/2024:07:19:29 +0000] "GET /proxy?url=https%3A%2F%2Fabs.twimg.com%2Fresponsive-web%2Fclient-web-legacy%2Fi18n%2Fen.f517610a.js HTTP/1.1" 200 420382 "-" "axios/1.7.2"
::1 - - [13/Jun/2024:07:19:29 +0000] "GET /proxy?url=https%3A%2F%2Fabs.twimg.com%2Fresponsive-web%2Fclient-web-legacy%2Fmain.5f441b5a.js HTTP/1.1" 200 2969862 "-" "axios/1.7.2"
::1 - - [13/Jun/2024:07:23:28 +0000] "GET /index.html HTTP/1.1" 304 - "-" "Mozilla/5.0 (Windows NT 10.0; Win64; x64) AppleWebKit/537.36 (KHTML, like Gecko) Chrome/126.0.6478.36 Electron/31.0.0 Safari/537.36"
::1 - - [13/Jun/2024:07:23:29 +0000] "GET /proxy?url=https%3A%2F%2Fabs.twimg.com%2Fresponsive-web%2Fclient-web-legacy%2Fpolyfills.7a06a8da.js HTTP/1.1" 200 3676 "-" "axios/1.7.2"
::1 - - [13/Jun/2024:07:23:29 +0000] "GET /proxy?url=https%3A%2F%2Fabs.twimg.com%2Fresponsive-web%2Fclient-web-legacy%2Fi18n%2Fen.f517610a.js HTTP/1.1" 200 420382 "-" "axios/1.7.2"
::1 - - [13/Jun/2024:07:23:29 +0000] "GET /proxy?url=https%3A%2F%2Fabs.twimg.com%2Fresponsive-web%2Fclient-web-legacy%2Fvendor.c062106a.js HTTP/1.1" 200 667054 "-" "axios/1.7.2"
::1 - - [13/Jun/2024:07:23:29 +0000] "GET /proxy?url=https%3A%2F%2Fabs.twimg.com%2Fresponsive-web%2Fclient-web-legacy%2Fmain.5f441b5a.js HTTP/1.1" 200 2969862 "-" "axios/1.7.2"
::1 - - [13/Jun/2024:08:08:36 +0000] "GET /index.html HTTP/1.1" 304 - "-" "Mozilla/5.0 (Windows NT 10.0; Win64; x64) AppleWebKit/537.36 (KHTML, like Gecko) Chrome/126.0.6478.36 Electron/31.0.0 Safari/537.36"
::1 - - [13/Jun/2024:08:08:37 +0000] "GET /proxy?url=https%3A%2F%2Fabs.twimg.com%2Fresponsive-web%2Fclient-web-legacy%2Fpolyfills.7a06a8da.js HTTP/1.1" 200 3676 "-" "axios/1.7.2"
::1 - - [13/Jun/2024:08:08:37 +0000] "GET /proxy?url=https%3A%2F%2Fabs.twimg.com%2Fresponsive-web%2Fclient-web-legacy%2Fi18n%2Fen.f517610a.js HTTP/1.1" 200 420382 "-" "axios/1.7.2"
::1 - - [13/Jun/2024:08:08:37 +0000] "GET /proxy?url=https%3A%2F%2Fabs.twimg.com%2Fresponsive-web%2Fclient-web-legacy%2Fvendor.c062106a.js HTTP/1.1" 200 667054 "-" "axios/1.7.2"
::1 - - [13/Jun/2024:08:08:38 +0000] "GET /proxy?url=https%3A%2F%2Fabs.twimg.com%2Fresponsive-web%2Fclient-web-legacy%2Fmain.5f441b5a.js HTTP/1.1" 200 2969862 "-" "axios/1.7.2"
::1 - - [13/Jun/2024:08:09:55 +0000] "GET /index.html HTTP/1.1" 200 194665 "-" "Mozilla/5.0 (Windows NT 10.0; Win64; x64) AppleWebKit/537.36 (KHTML, like Gecko) Chrome/126.0.6478.36 Electron/31.0.0 Safari/537.36"
::1 - - [13/Jun/2024:08:09:56 +0000] "GET /proxy?url=https%3A%2F%2Fabs.twimg.com%2Fresponsive-web%2Fclient-web-legacy%2Fpolyfills.7a06a8da.js HTTP/1.1" 200 3676 "-" "axios/1.7.2"
::1 - - [13/Jun/2024:08:09:56 +0000] "GET /proxy?url=https%3A%2F%2Fabs.twimg.com%2Fresponsive-web%2Fclient-web-legacy%2Fi18n%2Fen.f517610a.js HTTP/1.1" 200 420382 "-" "axios/1.7.2"
::1 - - [13/Jun/2024:08:09:56 +0000] "GET /proxy?url=https%3A%2F%2Fabs.twimg.com%2Fresponsive-web%2Fclient-web-legacy%2Fvendor.c062106a.js HTTP/1.1" 200 667054 "-" "axios/1.7.2"
::1 - - [13/Jun/2024:08:09:56 +0000] "GET /proxy?url=https%3A%2F%2Fabs.twimg.com%2Fresponsive-web%2Fclient-web-legacy%2Fmain.5f441b5a.js HTTP/1.1" 200 2969862 "-" "axios/1.7.2"
::1 - - [13/Jun/2024:08:13:43 +0000] "GET /index.html HTTP/1.1" 304 - "-" "Mozilla/5.0 (Windows NT 10.0; Win64; x64) AppleWebKit/537.36 (KHTML, like Gecko) Chrome/126.0.6478.36 Electron/31.0.0 Safari/537.36"
::1 - - [13/Jun/2024:08:13:44 +0000] "GET /proxy?url=https%3A%2F%2Fabs.twimg.com%2Fresponsive-web%2Fclient-web-legacy%2Fpolyfills.7a06a8da.js HTTP/1.1" 200 3676 "-" "axios/1.7.2"
::1 - - [13/Jun/2024:08:13:44 +0000] "GET /proxy?url=https%3A%2F%2Fabs.twimg.com%2Fresponsive-web%2Fclient-web-legacy%2Fvendor.c062106a.js HTTP/1.1" 200 667054 "-" "axios/1.7.2"
::1 - - [13/Jun/2024:08:13:44 +0000] "GET /proxy?url=https%3A%2F%2Fabs.twimg.com%2Fresponsive-web%2Fclient-web-legacy%2Fi18n%2Fen.f517610a.js HTTP/1.1" 200 420382 "-" "axios/1.7.2"
::1 - - [13/Jun/2024:08:13:44 +0000] "GET /proxy?url=https%3A%2F%2Fabs.twimg.com%2Fresponsive-web%2Fclient-web-legacy%2Fmain.5f441b5a.js HTTP/1.1" 200 2969862 "-" "axios/1.7.2"
::1 - - [13/Jun/2024:09:48:23 +0000] "GET / HTTP/1.1" 304 - "-" "Mozilla/5.0 (Windows NT 10.0; Win64; x64) AppleWebKit/537.36 (KHTML, like Gecko) Chrome/126.0.6478.36 Electron/31.0.0 Safari/537.36"
::1 - - [13/Jun/2024:09:48:23 +0000] "GET /script.js HTTP/1.1" 304 - "http://localhost:3000/" "Mozilla/5.0 (Windows NT 10.0; Win64; x64) AppleWebKit/537.36 (KHTML, like Gecko) Chrome/126.0.6478.36 Electron/31.0.0 Safari/537.36"
::1 - - [13/Jun/2024:09:48:23 +0000] "GET /style.css HTTP/1.1" 304 - "http://localhost:3000/" "Mozilla/5.0 (Windows NT 10.0; Win64; x64) AppleWebKit/537.36 (KHTML, like Gecko) Chrome/126.0.6478.36 Electron/31.0.0 Safari/537.36"
::1 - - [13/Jun/2024:09:50:04 +0000] "GET / HTTP/1.1" 304 - "-" "Mozilla/5.0 (Windows NT 10.0; Win64; x64) AppleWebKit/537.36 (KHTML, like Gecko) Chrome/126.0.6478.36 Electron/31.0.0 Safari/537.36"
::1 - - [13/Jun/2024:09:50:04 +0000] "GET /style.css HTTP/1.1" 304 - "http://localhost:3000/" "Mozilla/5.0 (Windows NT 10.0; Win64; x64) AppleWebKit/537.36 (KHTML, like Gecko) Chrome/126.0.6478.36 Electron/31.0.0 Safari/537.36"
::1 - - [13/Jun/2024:09:50:04 +0000] "GET /script.js HTTP/1.1" 304 - "http://localhost:3000/" "Mozilla/5.0 (Windows NT 10.0; Win64; x64) AppleWebKit/537.36 (KHTML, like Gecko) Chrome/126.0.6478.36 Electron/31.0.0 Safari/537.36"
::1 - - [13/Jun/2024:09:50:49 +0000] "GET /style.css HTTP/1.1" 304 - "http://localhost:3000/" "Mozilla/5.0 (Windows NT 10.0; Win64; x64) AppleWebKit/537.36 (KHTML, like Gecko) Chrome/126.0.6478.36 Electron/31.0.0 Safari/537.36"
::1 - - [13/Jun/2024:09:53:55 +0000] "GET / HTTP/1.1" 304 - "-" "Mozilla/5.0 (Windows NT 10.0; Win64; x64) AppleWebKit/537.36 (KHTML, like Gecko) Chrome/126.0.6478.36 Electron/31.0.0 Safari/537.36"
::1 - - [13/Jun/2024:09:53:55 +0000] "GET /style.css HTTP/1.1" 304 - "http://localhost:3000/" "Mozilla/5.0 (Windows NT 10.0; Win64; x64) AppleWebKit/537.36 (KHTML, like Gecko) Chrome/126.0.6478.36 Electron/31.0.0 Safari/537.36"
::1 - - [13/Jun/2024:09:53:55 +0000] "GET /script.js HTTP/1.1" 304 - "http://localhost:3000/" "Mozilla/5.0 (Windows NT 10.0; Win64; x64) AppleWebKit/537.36 (KHTML, like Gecko) Chrome/126.0.6478.36 Electron/31.0.0 Safari/537.36"
::1 - - [13/Jun/2024:09:56:39 +0000] "GET / HTTP/1.1" 304 - "-" "Mozilla/5.0 (Windows NT 10.0; Win64; x64) AppleWebKit/537.36 (KHTML, like Gecko) Chrome/126.0.6478.36 Electron/31.0.0 Safari/537.36"
::1 - - [13/Jun/2024:09:56:40 +0000] "GET /style.css HTTP/1.1" 304 - "http://localhost:3000/" "Mozilla/5.0 (Windows NT 10.0; Win64; x64) AppleWebKit/537.36 (KHTML, like Gecko) Chrome/126.0.6478.36 Electron/31.0.0 Safari/537.36"
::1 - - [13/Jun/2024:09:56:40 +0000] "GET /script.js HTTP/1.1" 304 - "http://localhost:3000/" "Mozilla/5.0 (Windows NT 10.0; Win64; x64) AppleWebKit/537.36 (KHTML, like Gecko) Chrome/126.0.6478.36 Electron/31.0.0 Safari/537.36"
::1 - - [13/Jun/2024:09:57:34 +0000] "GET / HTTP/1.1" 304 - "-" "Mozilla/5.0 (Windows NT 10.0; Win64; x64) AppleWebKit/537.36 (KHTML, like Gecko) Chrome/126.0.6478.36 Electron/31.0.0 Safari/537.36"
::1 - - [13/Jun/2024:09:57:34 +0000] "GET /style.css HTTP/1.1" 304 - "http://localhost:3000/" "Mozilla/5.0 (Windows NT 10.0; Win64; x64) AppleWebKit/537.36 (KHTML, like Gecko) Chrome/126.0.6478.36 Electron/31.0.0 Safari/537.36"
::1 - - [13/Jun/2024:09:57:34 +0000] "GET /script.js HTTP/1.1" 304 - "http://localhost:3000/" "Mozilla/5.0 (Windows NT 10.0; Win64; x64) AppleWebKit/537.36 (KHTML, like Gecko) Chrome/126.0.6478.36 Electron/31.0.0 Safari/537.36"
::1 - - [13/Jun/2024:10:01:10 +0000] "GET / HTTP/1.1" 304 - "-" "Mozilla/5.0 (Windows NT 10.0; Win64; x64) AppleWebKit/537.36 (KHTML, like Gecko) Chrome/126.0.6478.36 Electron/31.0.0 Safari/537.36"
::1 - - [13/Jun/2024:10:01:10 +0000] "GET /style.css HTTP/1.1" 304 - "http://localhost:3000/" "Mozilla/5.0 (Windows NT 10.0; Win64; x64) AppleWebKit/537.36 (KHTML, like Gecko) Chrome/126.0.6478.36 Electron/31.0.0 Safari/537.36"
::1 - - [13/Jun/2024:10:01:10 +0000] "GET /script.js HTTP/1.1" 304 - "http://localhost:3000/" "Mozilla/5.0 (Windows NT 10.0; Win64; x64) AppleWebKit/537.36 (KHTML, like Gecko) Chrome/126.0.6478.36 Electron/31.0.0 Safari/537.36"
::1 - - [13/Jun/2024:10:03:29 +0000] "GET / HTTP/1.1" 304 - "-" "Mozilla/5.0 (Windows NT 10.0; Win64; x64) AppleWebKit/537.36 (KHTML, like Gecko) Chrome/126.0.6478.36 Electron/31.0.0 Safari/537.36"
::1 - - [13/Jun/2024:10:03:29 +0000] "GET /style.css HTTP/1.1" 304 - "http://localhost:3000/" "Mozilla/5.0 (Windows NT 10.0; Win64; x64) AppleWebKit/537.36 (KHTML, like Gecko) Chrome/126.0.6478.36 Electron/31.0.0 Safari/537.36"
::1 - - [13/Jun/2024:10:03:29 +0000] "GET /script.js HTTP/1.1" 304 - "http://localhost:3000/" "Mozilla/5.0 (Windows NT 10.0; Win64; x64) AppleWebKit/537.36 (KHTML, like Gecko) Chrome/126.0.6478.36 Electron/31.0.0 Safari/537.36"
::1 - - [13/Jun/2024:10:03:36 +0000] "GET / HTTP/1.1" 304 - "-" "Mozilla/5.0 (Windows NT 10.0; Win64; x64) AppleWebKit/537.36 (KHTML, like Gecko) Chrome/126.0.6478.36 Electron/31.0.0 Safari/537.36"
::1 - - [13/Jun/2024:10:03:39 +0000] "GET / HTTP/1.1" 304 - "-" "Mozilla/5.0 (Windows NT 10.0; Win64; x64) AppleWebKit/537.36 (KHTML, like Gecko) Chrome/126.0.6478.36 Electron/31.0.0 Safari/537.36"
::1 - - [13/Jun/2024:10:03:39 +0000] "GET /style.css HTTP/1.1" 304 - "http://localhost:3000/" "Mozilla/5.0 (Windows NT 10.0; Win64; x64) AppleWebKit/537.36 (KHTML, like Gecko) Chrome/126.0.6478.36 Electron/31.0.0 Safari/537.36"
::1 - - [13/Jun/2024:10:03:39 +0000] "GET /script.js HTTP/1.1" 304 - "http://localhost:3000/" "Mozilla/5.0 (Windows NT 10.0; Win64; x64) AppleWebKit/537.36 (KHTML, like Gecko) Chrome/126.0.6478.36 Electron/31.0.0 Safari/537.36"
::1 - - [13/Jun/2024:10:04:03 +0000] "GET / HTTP/1.1" 304 - "-" "Mozilla/5.0 (Windows NT 10.0; Win64; x64) AppleWebKit/537.36 (KHTML, like Gecko) Chrome/126.0.6478.36 Electron/31.0.0 Safari/537.36"
::1 - - [13/Jun/2024:10:04:03 +0000] "GET /style.css HTTP/1.1" 304 - "http://localhost:3000/" "Mozilla/5.0 (Windows NT 10.0; Win64; x64) AppleWebKit/537.36 (KHTML, like Gecko) Chrome/126.0.6478.36 Electron/31.0.0 Safari/537.36"
::1 - - [13/Jun/2024:10:04:03 +0000] "GET /script.js HTTP/1.1" 304 - "http://localhost:3000/" "Mozilla/5.0 (Windows NT 10.0; Win64; x64) AppleWebKit/537.36 (KHTML, like Gecko) Chrome/126.0.6478.36 Electron/31.0.0 Safari/537.36"
::1 - - [13/Jun/2024:10:08:09 +0000] "GET / HTTP/1.1" 304 - "-" "Mozilla/5.0 (Windows NT 10.0; Win64; x64) AppleWebKit/537.36 (KHTML, like Gecko) Chrome/126.0.6478.36 Electron/31.0.0 Safari/537.36"
::1 - - [13/Jun/2024:10:08:09 +0000] "GET /style.css HTTP/1.1" 304 - "http://localhost:3000/" "Mozilla/5.0 (Windows NT 10.0; Win64; x64) AppleWebKit/537.36 (KHTML, like Gecko) Chrome/126.0.6478.36 Electron/31.0.0 Safari/537.36"
::1 - - [13/Jun/2024:10:08:09 +0000] "GET /script.js HTTP/1.1" 304 - "http://localhost:3000/" "Mozilla/5.0 (Windows NT 10.0; Win64; x64) AppleWebKit/537.36 (KHTML, like Gecko) Chrome/126.0.6478.36 Electron/31.0.0 Safari/537.36"
::1 - - [13/Jun/2024:10:12:04 +0000] "GET / HTTP/1.1" 304 - "-" "Mozilla/5.0 (Windows NT 10.0; Win64; x64) AppleWebKit/537.36 (KHTML, like Gecko) Chrome/126.0.6478.36 Electron/31.0.0 Safari/537.36"
::1 - - [13/Jun/2024:10:12:05 +0000] "GET /style.css HTTP/1.1" 304 - "http://localhost:3000/" "Mozilla/5.0 (Windows NT 10.0; Win64; x64) AppleWebKit/537.36 (KHTML, like Gecko) Chrome/126.0.6478.36 Electron/31.0.0 Safari/537.36"
::1 - - [13/Jun/2024:10:12:05 +0000] "GET /script.js HTTP/1.1" 304 - "http://localhost:3000/" "Mozilla/5.0 (Windows NT 10.0; Win64; x64) AppleWebKit/537.36 (KHTML, like Gecko) Chrome/126.0.6478.36 Electron/31.0.0 Safari/537.36"
::1 - - [13/Jun/2024:10:12:08 +0000] "GET / HTTP/1.1" 304 - "-" "Mozilla/5.0 (Windows NT 10.0; Win64; x64) AppleWebKit/537.36 (KHTML, like Gecko) Chrome/126.0.6478.36 Electron/31.0.0 Safari/537.36"
::1 - - [13/Jun/2024:10:12:09 +0000] "GET /style.css HTTP/1.1" 304 - "http://localhost:3000/" "Mozilla/5.0 (Windows NT 10.0; Win64; x64) AppleWebKit/537.36 (KHTML, like Gecko) Chrome/126.0.6478.36 Electron/31.0.0 Safari/537.36"
::1 - - [13/Jun/2024:10:12:09 +0000] "GET /script.js HTTP/1.1" 304 - "http://localhost:3000/" "Mozilla/5.0 (Windows NT 10.0; Win64; x64) AppleWebKit/537.36 (KHTML, like Gecko) Chrome/126.0.6478.36 Electron/31.0.0 Safari/537.36"
::1 - - [13/Jun/2024:10:12:15 +0000] "GET / HTTP/1.1" 304 - "-" "Mozilla/5.0 (Windows NT 10.0; Win64; x64) AppleWebKit/537.36 (KHTML, like Gecko) Chrome/126.0.6478.36 Electron/31.0.0 Safari/537.36"
::1 - - [13/Jun/2024:10:12:17 +0000] "GET / HTTP/1.1" 304 - "-" "Mozilla/5.0 (Windows NT 10.0; Win64; x64) AppleWebKit/537.36 (KHTML, like Gecko) Chrome/126.0.6478.36 Electron/31.0.0 Safari/537.36"
::1 - - [13/Jun/2024:10:12:17 +0000] "GET /script.js HTTP/1.1" 304 - "http://localhost:3000/" "Mozilla/5.0 (Windows NT 10.0; Win64; x64) AppleWebKit/537.36 (KHTML, like Gecko) Chrome/126.0.6478.36 Electron/31.0.0 Safari/537.36"
::1 - - [13/Jun/2024:10:12:17 +0000] "GET /style.css HTTP/1.1" 304 - "http://localhost:3000/" "Mozilla/5.0 (Windows NT 10.0; Win64; x64) AppleWebKit/537.36 (KHTML, like Gecko) Chrome/126.0.6478.36 Electron/31.0.0 Safari/537.36"
::1 - - [13/Jun/2024:10:12:36 +0000] "GET /wiki/Annie_Genevard HTTP/1.1" 404 158 "-" "Mozilla/5.0 (Windows NT 10.0; Win64; x64) AppleWebKit/537.36 (KHTML, like Gecko) Chrome/126.0.6478.36 Electron/31.0.0 Safari/537.36"
::1 - - [13/Jun/2024:10:13:11 +0000] "GET / HTTP/1.1" 304 - "-" "Mozilla/5.0 (Windows NT 10.0; Win64; x64) AppleWebKit/537.36 (KHTML, like Gecko) Chrome/126.0.6478.36 Electron/31.0.0 Safari/537.36"
::1 - - [13/Jun/2024:10:13:12 +0000] "GET /style.css HTTP/1.1" 304 - "http://localhost:3000/" "Mozilla/5.0 (Windows NT 10.0; Win64; x64) AppleWebKit/537.36 (KHTML, like Gecko) Chrome/126.0.6478.36 Electron/31.0.0 Safari/537.36"
::1 - - [13/Jun/2024:10:13:12 +0000] "GET /script.js HTTP/1.1" 304 - "http://localhost:3000/" "Mozilla/5.0 (Windows NT 10.0; Win64; x64) AppleWebKit/537.36 (KHTML, like Gecko) Chrome/126.0.6478.36 Electron/31.0.0 Safari/537.36"
::1 - - [13/Jun/2024:10:15:30 +0000] "GET / HTTP/1.1" 304 - "-" "Mozilla/5.0 (Windows NT 10.0; Win64; x64) AppleWebKit/537.36 (KHTML, like Gecko) Chrome/126.0.6478.36 Electron/31.0.0 Safari/537.36"
::1 - - [13/Jun/2024:10:15:30 +0000] "GET /script.js HTTP/1.1" 304 - "http://localhost:3000/" "Mozilla/5.0 (Windows NT 10.0; Win64; x64) AppleWebKit/537.36 (KHTML, like Gecko) Chrome/126.0.6478.36 Electron/31.0.0 Safari/537.36"
::1 - - [13/Jun/2024:10:15:30 +0000] "GET /style.css HTTP/1.1" 304 - "http://localhost:3000/" "Mozilla/5.0 (Windows NT 10.0; Win64; x64) AppleWebKit/537.36 (KHTML, like Gecko) Chrome/126.0.6478.36 Electron/31.0.0 Safari/537.36"
::1 - - [13/Jun/2024:10:15:48 +0000] "GET / HTTP/1.1" 304 - "-" "Mozilla/5.0 (Windows NT 10.0; Win64; x64) AppleWebKit/537.36 (KHTML, like Gecko) Chrome/126.0.6478.36 Electron/31.0.0 Safari/537.36"
::1 - - [13/Jun/2024:10:15:49 +0000] "GET /script.js HTTP/1.1" 304 - "http://localhost:3000/" "Mozilla/5.0 (Windows NT 10.0; Win64; x64) AppleWebKit/537.36 (KHTML, like Gecko) Chrome/126.0.6478.36 Electron/31.0.0 Safari/537.36"
::1 - - [13/Jun/2024:10:15:49 +0000] "GET /style.css HTTP/1.1" 304 - "http://localhost:3000/" "Mozilla/5.0 (Windows NT 10.0; Win64; x64) AppleWebKit/537.36 (KHTML, like Gecko) Chrome/126.0.6478.36 Electron/31.0.0 Safari/537.36"
::1 - - [13/Jun/2024:10:16:43 +0000] "GET / HTTP/1.1" 304 - "-" "Mozilla/5.0 (Windows NT 10.0; Win64; x64) AppleWebKit/537.36 (KHTML, like Gecko) Chrome/126.0.6478.36 Electron/31.0.0 Safari/537.36"
::1 - - [13/Jun/2024:10:16:43 +0000] "GET /script.js HTTP/1.1" 304 - "http://localhost:3000/" "Mozilla/5.0 (Windows NT 10.0; Win64; x64) AppleWebKit/537.36 (KHTML, like Gecko) Chrome/126.0.6478.36 Electron/31.0.0 Safari/537.36"
::1 - - [13/Jun/2024:10:16:43 +0000] "GET /style.css HTTP/1.1" 304 - "http://localhost:3000/" "Mozilla/5.0 (Windows NT 10.0; Win64; x64) AppleWebKit/537.36 (KHTML, like Gecko) Chrome/126.0.6478.36 Electron/31.0.0 Safari/537.36"
::1 - - [13/Jun/2024:10:17:57 +0000] "GET /proxyhttp%3A%2F%2Flocalhost%3A3000%2F HTTP/1.1" 404 176 "-" "Mozilla/5.0 (Windows NT 10.0; Win64; x64) AppleWebKit/537.36 (KHTML, like Gecko) Chrome/126.0.6478.36 Electron/31.0.0 Safari/537.36"
::1 - - [13/Jun/2024:10:18:00 +0000] "GET /proxy?url=http%3A%2F%2Flocalhost%3A3000%2F HTTP/1.1" 500 23 "-" "Mozilla/5.0 (Windows NT 10.0; Win64; x64) AppleWebKit/537.36 (KHTML, like Gecko) Chrome/126.0.6478.36 Electron/31.0.0 Safari/537.36"
::1 - - [13/Jun/2024:10:18:18 +0000] "GET / HTTP/1.1" 304 - "-" "Mozilla/5.0 (Windows NT 10.0; Win64; x64) AppleWebKit/537.36 (KHTML, like Gecko) Chrome/126.0.6478.36 Electron/31.0.0 Safari/537.36"
::1 - - [13/Jun/2024:10:18:19 +0000] "GET /style.css HTTP/1.1" 304 - "http://localhost:3000/" "Mozilla/5.0 (Windows NT 10.0; Win64; x64) AppleWebKit/537.36 (KHTML, like Gecko) Chrome/126.0.6478.36 Electron/31.0.0 Safari/537.36"
::1 - - [13/Jun/2024:10:18:19 +0000] "GET /script.js HTTP/1.1" 304 - "http://localhost:3000/" "Mozilla/5.0 (Windows NT 10.0; Win64; x64) AppleWebKit/537.36 (KHTML, like Gecko) Chrome/126.0.6478.36 Electron/31.0.0 Safari/537.36"
::1 - - [13/Jun/2024:10:18:29 +0000] "GET / HTTP/1.1" 304 - "-" "Mozilla/5.0 (Windows NT 10.0; Win64; x64) AppleWebKit/537.36 (KHTML, like Gecko) Chrome/126.0.6478.36 Electron/31.0.0 Safari/537.36"
::1 - - [13/Jun/2024:10:18:31 +0000] "GET / HTTP/1.1" 304 - "-" "Mozilla/5.0 (Windows NT 10.0; Win64; x64) AppleWebKit/537.36 (KHTML, like Gecko) Chrome/126.0.6478.36 Electron/31.0.0 Safari/537.36"
::1 - - [13/Jun/2024:10:18:33 +0000] "GET / HTTP/1.1" 304 - "-" "Mozilla/5.0 (Windows NT 10.0; Win64; x64) AppleWebKit/537.36 (KHTML, like Gecko) Chrome/126.0.6478.36 Electron/31.0.0 Safari/537.36"
::1 - - [13/Jun/2024:10:18:34 +0000] "GET /style.css HTTP/1.1" 304 - "http://localhost:3000/" "Mozilla/5.0 (Windows NT 10.0; Win64; x64) AppleWebKit/537.36 (KHTML, like Gecko) Chrome/126.0.6478.36 Electron/31.0.0 Safari/537.36"
::1 - - [13/Jun/2024:10:18:34 +0000] "GET /script.js HTTP/1.1" 304 - "http://localhost:3000/" "Mozilla/5.0 (Windows NT 10.0; Win64; x64) AppleWebKit/537.36 (KHTML, like Gecko) Chrome/126.0.6478.36 Electron/31.0.0 Safari/537.36"
::1 - - [13/Jun/2024:10:18:44 +0000] "GET /proxy?url=http%3A%2F%2Flocalhost%3A3000%2F HTTP/1.1" 500 23 "-" "Mozilla/5.0 (Windows NT 10.0; Win64; x64) AppleWebKit/537.36 (KHTML, like Gecko) Chrome/126.0.6478.36 Electron/31.0.0 Safari/537.36"
::1 - - [13/Jun/2024:10:19:11 +0000] "GET / HTTP/1.1" 304 - "-" "Mozilla/5.0 (Windows NT 10.0; Win64; x64) AppleWebKit/537.36 (KHTML, like Gecko) Chrome/126.0.6478.36 Electron/31.0.0 Safari/537.36"
::1 - - [13/Jun/2024:10:19:11 +0000] "GET /script.js HTTP/1.1" 304 - "http://localhost:3000/" "Mozilla/5.0 (Windows NT 10.0; Win64; x64) AppleWebKit/537.36 (KHTML, like Gecko) Chrome/126.0.6478.36 Electron/31.0.0 Safari/537.36"
::1 - - [13/Jun/2024:10:19:11 +0000] "GET /style.css HTTP/1.1" 304 - "http://localhost:3000/" "Mozilla/5.0 (Windows NT 10.0; Win64; x64) AppleWebKit/537.36 (KHTML, like Gecko) Chrome/126.0.6478.36 Electron/31.0.0 Safari/537.36"
::1 - - [13/Jun/2024:10:19:42 +0000] "GET /proxy?url=https%3A%2F%2Fdeveloper.mozilla.org%2Fen-us%2Fdocs%2Fweb%2Fjavascript%2Freference%2Fglobal_objects%2Fdecodeuricomponent%23syntax HTTP/1.1" 500 23 "-" "Mozilla/5.0 (Windows NT 10.0; Win64; x64) AppleWebKit/537.36 (KHTML, like Gecko) Chrome/126.0.6478.36 Electron/31.0.0 Safari/537.36"
::1 - - [13/Jun/2024:10:20:51 +0000] "GET / HTTP/1.1" 304 - "-" "Mozilla/5.0 (Windows NT 10.0; Win64; x64) AppleWebKit/537.36 (KHTML, like Gecko) Chrome/126.0.6478.36 Electron/31.0.0 Safari/537.36"
::1 - - [13/Jun/2024:10:20:53 +0000] "GET / HTTP/1.1" 304 - "-" "Mozilla/5.0 (Windows NT 10.0; Win64; x64) AppleWebKit/537.36 (KHTML, like Gecko) Chrome/126.0.6478.36 Electron/31.0.0 Safari/537.36"
::1 - - [13/Jun/2024:10:20:54 +0000] "GET /style.css HTTP/1.1" 304 - "http://localhost:3000/" "Mozilla/5.0 (Windows NT 10.0; Win64; x64) AppleWebKit/537.36 (KHTML, like Gecko) Chrome/126.0.6478.36 Electron/31.0.0 Safari/537.36"
::1 - - [13/Jun/2024:10:20:54 +0000] "GET /script.js HTTP/1.1" 304 - "http://localhost:3000/" "Mozilla/5.0 (Windows NT 10.0; Win64; x64) AppleWebKit/537.36 (KHTML, like Gecko) Chrome/126.0.6478.36 Electron/31.0.0 Safari/537.36"
::1 - - [13/Jun/2024:10:21:07 +0000] "GET /proxy?url=https%3A%2F%2Fgoogle.com%2F HTTP/1.1" 500 23 "-" "Mozilla/5.0 (Windows NT 10.0; Win64; x64) AppleWebKit/537.36 (KHTML, like Gecko) Chrome/126.0.6478.36 Electron/31.0.0 Safari/537.36"
::1 - - [13/Jun/2024:10:21:38 +0000] "GET / HTTP/1.1" 304 - "-" "Mozilla/5.0 (Windows NT 10.0; Win64; x64) AppleWebKit/537.36 (KHTML, like Gecko) Chrome/126.0.6478.36 Electron/31.0.0 Safari/537.36"
::1 - - [13/Jun/2024:10:21:38 +0000] "GET /style.css HTTP/1.1" 304 - "http://localhost:3000/" "Mozilla/5.0 (Windows NT 10.0; Win64; x64) AppleWebKit/537.36 (KHTML, like Gecko) Chrome/126.0.6478.36 Electron/31.0.0 Safari/537.36"
::1 - - [13/Jun/2024:10:21:38 +0000] "GET /script.js HTTP/1.1" 304 - "http://localhost:3000/" "Mozilla/5.0 (Windows NT 10.0; Win64; x64) AppleWebKit/537.36 (KHTML, like Gecko) Chrome/126.0.6478.36 Electron/31.0.0 Safari/537.36"
::1 - - [13/Jun/2024:10:22:26 +0000] "GET /proxy?url=https%3A%2F%2Fgoogle.com%2F HTTP/1.1" 500 23 "-" "Mozilla/5.0 (Windows NT 10.0; Win64; x64) AppleWebKit/537.36 (KHTML, like Gecko) Chrome/126.0.6478.36 Electron/31.0.0 Safari/537.36"
::1 - - [13/Jun/2024:10:23:55 +0000] "GET / HTTP/1.1" 304 - "-" "Mozilla/5.0 (Windows NT 10.0; Win64; x64) AppleWebKit/537.36 (KHTML, like Gecko) Chrome/126.0.6478.36 Electron/31.0.0 Safari/537.36"
::1 - - [13/Jun/2024:10:23:57 +0000] "GET / HTTP/1.1" 304 - "-" "Mozilla/5.0 (Windows NT 10.0; Win64; x64) AppleWebKit/537.36 (KHTML, like Gecko) Chrome/126.0.6478.36 Electron/31.0.0 Safari/537.36"
::1 - - [13/Jun/2024:10:23:57 +0000] "GET /style.css HTTP/1.1" 304 - "http://localhost:3000/" "Mozilla/5.0 (Windows NT 10.0; Win64; x64) AppleWebKit/537.36 (KHTML, like Gecko) Chrome/126.0.6478.36 Electron/31.0.0 Safari/537.36"
::1 - - [13/Jun/2024:10:23:57 +0000] "GET /script.js HTTP/1.1" 304 - "http://localhost:3000/" "Mozilla/5.0 (Windows NT 10.0; Win64; x64) AppleWebKit/537.36 (KHTML, like Gecko) Chrome/126.0.6478.36 Electron/31.0.0 Safari/537.36"
::1 - - [13/Jun/2024:10:24:01 +0000] "GET / HTTP/1.1" 304 - "-" "Mozilla/5.0 (Windows NT 10.0; Win64; x64) AppleWebKit/537.36 (KHTML, like Gecko) Chrome/126.0.6478.36 Electron/31.0.0 Safari/537.36"
::1 - - [13/Jun/2024:10:24:01 +0000] "GET /style.css HTTP/1.1" 304 - "http://localhost:3000/" "Mozilla/5.0 (Windows NT 10.0; Win64; x64) AppleWebKit/537.36 (KHTML, like Gecko) Chrome/126.0.6478.36 Electron/31.0.0 Safari/537.36"
::1 - - [13/Jun/2024:10:24:01 +0000] "GET /script.js HTTP/1.1" 304 - "http://localhost:3000/" "Mozilla/5.0 (Windows NT 10.0; Win64; x64) AppleWebKit/537.36 (KHTML, like Gecko) Chrome/126.0.6478.36 Electron/31.0.0 Safari/537.36"
::1 - - [13/Jun/2024:10:24:03 +0000] "GET / HTTP/1.1" 304 - "-" "Mozilla/5.0 (Windows NT 10.0; Win64; x64) AppleWebKit/537.36 (KHTML, like Gecko) Chrome/126.0.6478.36 Electron/31.0.0 Safari/537.36"
::1 - - [13/Jun/2024:10:24:04 +0000] "GET /script.js HTTP/1.1" 304 - "http://localhost:3000/" "Mozilla/5.0 (Windows NT 10.0; Win64; x64) AppleWebKit/537.36 (KHTML, like Gecko) Chrome/126.0.6478.36 Electron/31.0.0 Safari/537.36"
::1 - - [13/Jun/2024:10:24:04 +0000] "GET /style.css HTTP/1.1" 304 - "http://localhost:3000/" "Mozilla/5.0 (Windows NT 10.0; Win64; x64) AppleWebKit/537.36 (KHTML, like Gecko) Chrome/126.0.6478.36 Electron/31.0.0 Safari/537.36"
::1 - - [13/Jun/2024:10:24:15 +0000] "GET /proxy?url=https%3A%2F%2Fdeveloper.mozilla.org%2Fen-us%2Fdocs%2Fweb%2Fjavascript%2Freference%2Fglobal_objects%2Fdecodeuricomponent%23syntax HTTP/1.1" 500 23 "-" "Mozilla/5.0 (Windows NT 10.0; Win64; x64) AppleWebKit/537.36 (KHTML, like Gecko) Chrome/126.0.6478.36 Electron/31.0.0 Safari/537.36"
::1 - - [13/Jun/2024:10:25:47 +0000] "GET / HTTP/1.1" 304 - "-" "Mozilla/5.0 (Windows NT 10.0; Win64; x64) AppleWebKit/537.36 (KHTML, like Gecko) Chrome/126.0.6478.36 Electron/31.0.0 Safari/537.36"
::1 - - [13/Jun/2024:10:25:48 +0000] "GET /style.css HTTP/1.1" 304 - "http://localhost:3000/" "Mozilla/5.0 (Windows NT 10.0; Win64; x64) AppleWebKit/537.36 (KHTML, like Gecko) Chrome/126.0.6478.36 Electron/31.0.0 Safari/537.36"
::1 - - [13/Jun/2024:10:25:48 +0000] "GET /script.js HTTP/1.1" 304 - "http://localhost:3000/" "Mozilla/5.0 (Windows NT 10.0; Win64; x64) AppleWebKit/537.36 (KHTML, like Gecko) Chrome/126.0.6478.36 Electron/31.0.0 Safari/537.36"
::1 - - [13/Jun/2024:10:25:59 +0000] "GET / HTTP/1.1" 304 - "-" "Mozilla/5.0 (Windows NT 10.0; Win64; x64) AppleWebKit/537.36 (KHTML, like Gecko) Chrome/126.0.6478.36 Electron/31.0.0 Safari/537.36"
::1 - - [13/Jun/2024:10:26:00 +0000] "GET /style.css HTTP/1.1" 304 - "http://localhost:3000/" "Mozilla/5.0 (Windows NT 10.0; Win64; x64) AppleWebKit/537.36 (KHTML, like Gecko) Chrome/126.0.6478.36 Electron/31.0.0 Safari/537.36"
::1 - - [13/Jun/2024:10:26:00 +0000] "GET /script.js HTTP/1.1" 304 - "http://localhost:3000/" "Mozilla/5.0 (Windows NT 10.0; Win64; x64) AppleWebKit/537.36 (KHTML, like Gecko) Chrome/126.0.6478.36 Electron/31.0.0 Safari/537.36"
::1 - - [13/Jun/2024:10:26:40 +0000] "GET /proxy?url=https%3A%2F%2Fgoogle.com%2F HTTP/1.1" 500 23 "-" "Mozilla/5.0 (Windows NT 10.0; Win64; x64) AppleWebKit/537.36 (KHTML, like Gecko) Chrome/126.0.6478.36 Electron/31.0.0 Safari/537.36"
::1 - - [13/Jun/2024:10:27:12 +0000] "GET / HTTP/1.1" 304 - "-" "Mozilla/5.0 (Windows NT 10.0; Win64; x64) AppleWebKit/537.36 (KHTML, like Gecko) Chrome/126.0.6478.36 Electron/31.0.0 Safari/537.36"
::1 - - [13/Jun/2024:10:27:12 +0000] "GET /script.js HTTP/1.1" 304 - "http://localhost:3000/" "Mozilla/5.0 (Windows NT 10.0; Win64; x64) AppleWebKit/537.36 (KHTML, like Gecko) Chrome/126.0.6478.36 Electron/31.0.0 Safari/537.36"
::1 - - [13/Jun/2024:10:27:12 +0000] "GET /style.css HTTP/1.1" 304 - "http://localhost:3000/" "Mozilla/5.0 (Windows NT 10.0; Win64; x64) AppleWebKit/537.36 (KHTML, like Gecko) Chrome/126.0.6478.36 Electron/31.0.0 Safari/537.36"
::1 - - [13/Jun/2024:10:27:19 +0000] "GET / HTTP/1.1" 304 - "-" "Mozilla/5.0 (Windows NT 10.0; Win64; x64) AppleWebKit/537.36 (KHTML, like Gecko) Chrome/126.0.6478.36 Electron/31.0.0 Safari/537.36"
::1 - - [13/Jun/2024:10:27:19 +0000] "GET /style.css HTTP/1.1" 304 - "http://localhost:3000/" "Mozilla/5.0 (Windows NT 10.0; Win64; x64) AppleWebKit/537.36 (KHTML, like Gecko) Chrome/126.0.6478.36 Electron/31.0.0 Safari/537.36"
::1 - - [13/Jun/2024:10:27:19 +0000] "GET /script.js HTTP/1.1" 304 - "http://localhost:3000/" "Mozilla/5.0 (Windows NT 10.0; Win64; x64) AppleWebKit/537.36 (KHTML, like Gecko) Chrome/126.0.6478.36 Electron/31.0.0 Safari/537.36"
::1 - - [13/Jun/2024:10:27:23 +0000] "GET / HTTP/1.1" 304 - "-" "Mozilla/5.0 (Windows NT 10.0; Win64; x64) AppleWebKit/537.36 (KHTML, like Gecko) Chrome/126.0.6478.36 Electron/31.0.0 Safari/537.36"
::1 - - [13/Jun/2024:10:27:23 +0000] "GET /style.css HTTP/1.1" 304 - "http://localhost:3000/" "Mozilla/5.0 (Windows NT 10.0; Win64; x64) AppleWebKit/537.36 (KHTML, like Gecko) Chrome/126.0.6478.36 Electron/31.0.0 Safari/537.36"
::1 - - [13/Jun/2024:10:27:23 +0000] "GET /script.js HTTP/1.1" 304 - "http://localhost:3000/" "Mozilla/5.0 (Windows NT 10.0; Win64; x64) AppleWebKit/537.36 (KHTML, like Gecko) Chrome/126.0.6478.36 Electron/31.0.0 Safari/537.36"
::1 - - [13/Jun/2024:10:27:35 +0000] "GET / HTTP/1.1" 304 - "-" "Mozilla/5.0 (Windows NT 10.0; Win64; x64) AppleWebKit/537.36 (KHTML, like Gecko) Chrome/126.0.6478.36 Electron/31.0.0 Safari/537.36"
::1 - - [13/Jun/2024:10:27:38 +0000] "GET / HTTP/1.1" 304 - "-" "Mozilla/5.0 (Windows NT 10.0; Win64; x64) AppleWebKit/537.36 (KHTML, like Gecko) Chrome/126.0.6478.36 Electron/31.0.0 Safari/537.36"
::1 - - [13/Jun/2024:10:27:42 +0000] "GET / HTTP/1.1" 304 - "-" "Mozilla/5.0 (Windows NT 10.0; Win64; x64) AppleWebKit/537.36 (KHTML, like Gecko) Chrome/126.0.6478.36 Electron/31.0.0 Safari/537.36"
::1 - - [13/Jun/2024:10:27:51 +0000] "GET / HTTP/1.1" 304 - "-" "Mozilla/5.0 (Windows NT 10.0; Win64; x64) AppleWebKit/537.36 (KHTML, like Gecko) Chrome/126.0.6478.36 Electron/31.0.0 Safari/537.36"
::1 - - [13/Jun/2024:10:27:51 +0000] "GET /style.css HTTP/1.1" 304 - "http://localhost:3000/" "Mozilla/5.0 (Windows NT 10.0; Win64; x64) AppleWebKit/537.36 (KHTML, like Gecko) Chrome/126.0.6478.36 Electron/31.0.0 Safari/537.36"
::1 - - [13/Jun/2024:10:27:51 +0000] "GET /script.js HTTP/1.1" 304 - "http://localhost:3000/" "Mozilla/5.0 (Windows NT 10.0; Win64; x64) AppleWebKit/537.36 (KHTML, like Gecko) Chrome/126.0.6478.36 Electron/31.0.0 Safari/537.36"
::1 - - [13/Jun/2024:10:28:04 +0000] "GET /proxy?url=https%3A%2F%2Fgoogle.com%2F HTTP/1.1" 500 23 "-" "Mozilla/5.0 (Windows NT 10.0; Win64; x64) AppleWebKit/537.36 (KHTML, like Gecko) Chrome/126.0.6478.36 Electron/31.0.0 Safari/537.36"
::1 - - [13/Jun/2024:10:28:27 +0000] "GET / HTTP/1.1" 304 - "-" "Mozilla/5.0 (Windows NT 10.0; Win64; x64) AppleWebKit/537.36 (KHTML, like Gecko) Chrome/126.0.6478.36 Electron/31.0.0 Safari/537.36"
::1 - - [13/Jun/2024:10:28:27 +0000] "GET /style.css HTTP/1.1" 304 - "http://localhost:3000/" "Mozilla/5.0 (Windows NT 10.0; Win64; x64) AppleWebKit/537.36 (KHTML, like Gecko) Chrome/126.0.6478.36 Electron/31.0.0 Safari/537.36"
::1 - - [13/Jun/2024:10:28:27 +0000] "GET /script.js HTTP/1.1" 304 - "http://localhost:3000/" "Mozilla/5.0 (Windows NT 10.0; Win64; x64) AppleWebKit/537.36 (KHTML, like Gecko) Chrome/126.0.6478.36 Electron/31.0.0 Safari/537.36"
::1 - - [13/Jun/2024:10:28:48 +0000] "GET /proxy?url=https%3A%2F%2Fgoogle.com%2F HTTP/1.1" 500 23 "-" "Mozilla/5.0 (Windows NT 10.0; Win64; x64) AppleWebKit/537.36 (KHTML, like Gecko) Chrome/126.0.6478.36 Electron/31.0.0 Safari/537.36"
::1 - - [13/Jun/2024:10:29:01 +0000] "GET / HTTP/1.1" 304 - "-" "Mozilla/5.0 (Windows NT 10.0; Win64; x64) AppleWebKit/537.36 (KHTML, like Gecko) Chrome/126.0.6478.36 Electron/31.0.0 Safari/537.36"
::1 - - [13/Jun/2024:10:29:01 +0000] "GET /style.css HTTP/1.1" 304 - "http://localhost:3000/" "Mozilla/5.0 (Windows NT 10.0; Win64; x64) AppleWebKit/537.36 (KHTML, like Gecko) Chrome/126.0.6478.36 Electron/31.0.0 Safari/537.36"
::1 - - [13/Jun/2024:10:29:01 +0000] "GET /script.js HTTP/1.1" 304 - "http://localhost:3000/" "Mozilla/5.0 (Windows NT 10.0; Win64; x64) AppleWebKit/537.36 (KHTML, like Gecko) Chrome/126.0.6478.36 Electron/31.0.0 Safari/537.36"
::1 - - [13/Jun/2024:10:29:12 +0000] "GET / HTTP/1.1" 304 - "-" "Mozilla/5.0 (Windows NT 10.0; Win64; x64) AppleWebKit/537.36 (KHTML, like Gecko) Chrome/126.0.6478.36 Electron/31.0.0 Safari/537.36"
::1 - - [13/Jun/2024:10:29:12 +0000] "GET /style.css HTTP/1.1" 304 - "http://localhost:3000/" "Mozilla/5.0 (Windows NT 10.0; Win64; x64) AppleWebKit/537.36 (KHTML, like Gecko) Chrome/126.0.6478.36 Electron/31.0.0 Safari/537.36"
::1 - - [13/Jun/2024:10:29:12 +0000] "GET /script.js HTTP/1.1" 304 - "http://localhost:3000/" "Mozilla/5.0 (Windows NT 10.0; Win64; x64) AppleWebKit/537.36 (KHTML, like Gecko) Chrome/126.0.6478.36 Electron/31.0.0 Safari/537.36"
::1 - - [13/Jun/2024:10:29:25 +0000] "GET /proxy?url=https%3A%2F%2Fgoogle.com%2F HTTP/1.1" 500 23 "-" "Mozilla/5.0 (Windows NT 10.0; Win64; x64) AppleWebKit/537.36 (KHTML, like Gecko) Chrome/126.0.6478.36 Electron/31.0.0 Safari/537.36"
::1 - - [13/Jun/2024:10:30:06 +0000] "GET / HTTP/1.1" 304 - "-" "Mozilla/5.0 (Windows NT 10.0; Win64; x64) AppleWebKit/537.36 (KHTML, like Gecko) Chrome/126.0.6478.36 Electron/31.0.0 Safari/537.36"
::1 - - [13/Jun/2024:10:30:08 +0000] "GET /script.js HTTP/1.1" 304 - "http://localhost:3000/" "Mozilla/5.0 (Windows NT 10.0; Win64; x64) AppleWebKit/537.36 (KHTML, like Gecko) Chrome/126.0.6478.36 Electron/31.0.0 Safari/537.36"
::1 - - [13/Jun/2024:10:30:08 +0000] "GET /style.css HTTP/1.1" 304 - "http://localhost:3000/" "Mozilla/5.0 (Windows NT 10.0; Win64; x64) AppleWebKit/537.36 (KHTML, like Gecko) Chrome/126.0.6478.36 Electron/31.0.0 Safari/537.36"
::1 - - [13/Jun/2024:10:30:15 +0000] "GET / HTTP/1.1" 304 - "-" "Mozilla/5.0 (Windows NT 10.0; Win64; x64) AppleWebKit/537.36 (KHTML, like Gecko) Chrome/126.0.6478.36 Electron/31.0.0 Safari/537.36"
::1 - - [13/Jun/2024:10:30:18 +0000] "GET / HTTP/1.1" 304 - "-" "Mozilla/5.0 (Windows NT 10.0; Win64; x64) AppleWebKit/537.36 (KHTML, like Gecko) Chrome/126.0.6478.36 Electron/31.0.0 Safari/537.36"
::1 - - [13/Jun/2024:10:30:20 +0000] "GET / HTTP/1.1" 304 - "-" "Mozilla/5.0 (Windows NT 10.0; Win64; x64) AppleWebKit/537.36 (KHTML, like Gecko) Chrome/126.0.6478.36 Electron/31.0.0 Safari/537.36"
::1 - - [13/Jun/2024:10:30:22 +0000] "GET /style.css HTTP/1.1" 304 - "http://localhost:3000/" "Mozilla/5.0 (Windows NT 10.0; Win64; x64) AppleWebKit/537.36 (KHTML, like Gecko) Chrome/126.0.6478.36 Electron/31.0.0 Safari/537.36"
::1 - - [13/Jun/2024:10:30:22 +0000] "GET /script.js HTTP/1.1" 304 - "http://localhost:3000/" "Mozilla/5.0 (Windows NT 10.0; Win64; x64) AppleWebKit/537.36 (KHTML, like Gecko) Chrome/126.0.6478.36 Electron/31.0.0 Safari/537.36"
::1 - - [13/Jun/2024:10:30:26 +0000] "GET / HTTP/1.1" 200 884 "-" "Mozilla/5.0 (Windows NT 10.0; Win64; x64) AppleWebKit/537.36 (KHTML, like Gecko) Chrome/126.0.6478.36 Electron/31.0.0 Safari/537.36"
::1 - - [13/Jun/2024:10:30:27 +0000] "GET /style.css HTTP/1.1" 200 1627 "http://localhost:3000/" "Mozilla/5.0 (Windows NT 10.0; Win64; x64) AppleWebKit/537.36 (KHTML, like Gecko) Chrome/126.0.6478.36 Electron/31.0.0 Safari/537.36"
::1 - - [13/Jun/2024:10:30:27 +0000] "GET /script.js HTTP/1.1" 200 2727 "http://localhost:3000/" "Mozilla/5.0 (Windows NT 10.0; Win64; x64) AppleWebKit/537.36 (KHTML, like Gecko) Chrome/126.0.6478.36 Electron/31.0.0 Safari/537.36"
::1 - - [13/Jun/2024:10:30:44 +0000] "GET /proxy?url=https%3A%2F%2Fgoogle.com%2F HTTP/1.1" 500 23 "-" "Mozilla/5.0 (Windows NT 10.0; Win64; x64) AppleWebKit/537.36 (KHTML, like Gecko) Chrome/126.0.6478.36 Electron/31.0.0 Safari/537.36"
::1 - - [13/Jun/2024:10:31:06 +0000] "GET / HTTP/1.1" 304 - "-" "Mozilla/5.0 (Windows NT 10.0; Win64; x64) AppleWebKit/537.36 (KHTML, like Gecko) Chrome/126.0.6478.36 Electron/31.0.0 Safari/537.36"
::1 - - [13/Jun/2024:10:31:10 +0000] "GET / HTTP/1.1" 200 884 "-" "Mozilla/5.0 (Windows NT 10.0; Win64; x64) AppleWebKit/537.36 (KHTML, like Gecko) Chrome/126.0.6478.36 Electron/31.0.0 Safari/537.36"
::1 - - [13/Jun/2024:10:31:10 +0000] "GET /style.css HTTP/1.1" 200 1627 "http://localhost:3000/" "Mozilla/5.0 (Windows NT 10.0; Win64; x64) AppleWebKit/537.36 (KHTML, like Gecko) Chrome/126.0.6478.36 Electron/31.0.0 Safari/537.36"
::1 - - [13/Jun/2024:10:31:10 +0000] "GET /script.js HTTP/1.1" 200 2727 "http://localhost:3000/" "Mozilla/5.0 (Windows NT 10.0; Win64; x64) AppleWebKit/537.36 (KHTML, like Gecko) Chrome/126.0.6478.36 Electron/31.0.0 Safari/537.36"
::1 - - [13/Jun/2024:10:31:22 +0000] "GET /proxy?url=https%3A%2F%2Fgoogle.com%2F HTTP/1.1" 500 23 "-" "Mozilla/5.0 (Windows NT 10.0; Win64; x64) AppleWebKit/537.36 (KHTML, like Gecko) Chrome/126.0.6478.36 Electron/31.0.0 Safari/537.36"
::1 - - [13/Jun/2024:10:33:03 +0000] "GET / HTTP/1.1" 304 - "-" "Mozilla/5.0 (Windows NT 10.0; Win64; x64) AppleWebKit/537.36 (KHTML, like Gecko) Chrome/126.0.6478.36 Electron/31.0.0 Safari/537.36"
::1 - - [13/Jun/2024:10:33:07 +0000] "GET / HTTP/1.1" 304 - "-" "Mozilla/5.0 (Windows NT 10.0; Win64; x64) AppleWebKit/537.36 (KHTML, like Gecko) Chrome/126.0.6478.36 Electron/31.0.0 Safari/537.36"
::1 - - [13/Jun/2024:10:33:08 +0000] "GET /script.js HTTP/1.1" 304 - "http://localhost:3000/" "Mozilla/5.0 (Windows NT 10.0; Win64; x64) AppleWebKit/537.36 (KHTML, like Gecko) Chrome/126.0.6478.36 Electron/31.0.0 Safari/537.36"
::1 - - [13/Jun/2024:10:33:08 +0000] "GET /style.css HTTP/1.1" 304 - "http://localhost:3000/" "Mozilla/5.0 (Windows NT 10.0; Win64; x64) AppleWebKit/537.36 (KHTML, like Gecko) Chrome/126.0.6478.36 Electron/31.0.0 Safari/537.36"
::1 - - [13/Jun/2024:10:33:22 +0000] "GET /proxy?url=https%3A%2F%2Fgoogle.com%2F HTTP/1.1" 500 23 "-" "Mozilla/5.0 (Windows NT 10.0; Win64; x64) AppleWebKit/537.36 (KHTML, like Gecko) Chrome/126.0.6478.36 Electron/31.0.0 Safari/537.36"
::1 - - [13/Jun/2024:10:34:33 +0000] "GET / HTTP/1.1" 304 - "-" "Mozilla/5.0 (Windows NT 10.0; Win64; x64) AppleWebKit/537.36 (KHTML, like Gecko) Chrome/126.0.6478.36 Electron/31.0.0 Safari/537.36"
::1 - - [13/Jun/2024:10:34:34 +0000] "GET /style.css HTTP/1.1" 304 - "http://localhost:3000/" "Mozilla/5.0 (Windows NT 10.0; Win64; x64) AppleWebKit/537.36 (KHTML, like Gecko) Chrome/126.0.6478.36 Electron/31.0.0 Safari/537.36"
::1 - - [13/Jun/2024:10:34:34 +0000] "GET /script.js HTTP/1.1" 304 - "http://localhost:3000/" "Mozilla/5.0 (Windows NT 10.0; Win64; x64) AppleWebKit/537.36 (KHTML, like Gecko) Chrome/126.0.6478.36 Electron/31.0.0 Safari/537.36"
::1 - - [13/Jun/2024:10:35:10 +0000] "GET / HTTP/1.1" 304 - "-" "Mozilla/5.0 (Windows NT 10.0; Win64; x64) AppleWebKit/537.36 (KHTML, like Gecko) Chrome/126.0.6478.36 Electron/31.0.0 Safari/537.36"
::1 - - [13/Jun/2024:10:35:10 +0000] "GET /style.css HTTP/1.1" 304 - "http://localhost:3000/" "Mozilla/5.0 (Windows NT 10.0; Win64; x64) AppleWebKit/537.36 (KHTML, like Gecko) Chrome/126.0.6478.36 Electron/31.0.0 Safari/537.36"
::1 - - [13/Jun/2024:10:35:10 +0000] "GET /script.js HTTP/1.1" 304 - "http://localhost:3000/" "Mozilla/5.0 (Windows NT 10.0; Win64; x64) AppleWebKit/537.36 (KHTML, like Gecko) Chrome/126.0.6478.36 Electron/31.0.0 Safari/537.36"
::1 - - [13/Jun/2024:10:35:59 +0000] "GET /proxy?url=https%3A%2F%2Fgoogle.com%2F HTTP/1.1" 500 23 "-" "Mozilla/5.0 (Windows NT 10.0; Win64; x64) AppleWebKit/537.36 (KHTML, like Gecko) Chrome/126.0.6478.36 Electron/31.0.0 Safari/537.36"
::1 - - [13/Jun/2024:10:36:59 +0000] "GET / HTTP/1.1" 304 - "-" "Mozilla/5.0 (Windows NT 10.0; Win64; x64) AppleWebKit/537.36 (KHTML, like Gecko) Chrome/126.0.6478.36 Electron/31.0.0 Safari/537.36"
::1 - - [13/Jun/2024:10:37:00 +0000] "GET /style.css HTTP/1.1" 304 - "http://localhost:3000/" "Mozilla/5.0 (Windows NT 10.0; Win64; x64) AppleWebKit/537.36 (KHTML, like Gecko) Chrome/126.0.6478.36 Electron/31.0.0 Safari/537.36"
::1 - - [13/Jun/2024:10:37:00 +0000] "GET /script.js HTTP/1.1" 304 - "http://localhost:3000/" "Mozilla/5.0 (Windows NT 10.0; Win64; x64) AppleWebKit/537.36 (KHTML, like Gecko) Chrome/126.0.6478.36 Electron/31.0.0 Safari/537.36"
::1 - - [13/Jun/2024:10:37:30 +0000] "GET / HTTP/1.1" 304 - "-" "Mozilla/5.0 (Windows NT 10.0; Win64; x64) AppleWebKit/537.36 (KHTML, like Gecko) Chrome/126.0.6478.36 Electron/31.0.0 Safari/537.36"
::1 - - [13/Jun/2024:10:37:31 +0000] "GET /script.js HTTP/1.1" 304 - "http://localhost:3000/" "Mozilla/5.0 (Windows NT 10.0; Win64; x64) AppleWebKit/537.36 (KHTML, like Gecko) Chrome/126.0.6478.36 Electron/31.0.0 Safari/537.36"
::1 - - [13/Jun/2024:10:37:31 +0000] "GET /style.css HTTP/1.1" 304 - "http://localhost:3000/" "Mozilla/5.0 (Windows NT 10.0; Win64; x64) AppleWebKit/537.36 (KHTML, like Gecko) Chrome/126.0.6478.36 Electron/31.0.0 Safari/537.36"
::1 - - [13/Jun/2024:10:37:49 +0000] "GET /proxy?url=https%3A%2F%2Fgoogle.com%2F HTTP/1.1" 500 23 "-" "Mozilla/5.0 (Windows NT 10.0; Win64; x64) AppleWebKit/537.36 (KHTML, like Gecko) Chrome/126.0.6478.36 Electron/31.0.0 Safari/537.36"
::1 - - [13/Jun/2024:10:38:30 +0000] "GET / HTTP/1.1" 304 - "-" "Mozilla/5.0 (Windows NT 10.0; Win64; x64) AppleWebKit/537.36 (KHTML, like Gecko) Chrome/126.0.6478.36 Electron/31.0.0 Safari/537.36"
::1 - - [13/Jun/2024:10:38:31 +0000] "GET /style.css HTTP/1.1" 304 - "http://localhost:3000/" "Mozilla/5.0 (Windows NT 10.0; Win64; x64) AppleWebKit/537.36 (KHTML, like Gecko) Chrome/126.0.6478.36 Electron/31.0.0 Safari/537.36"
::1 - - [13/Jun/2024:10:38:31 +0000] "GET /script.js HTTP/1.1" 304 - "http://localhost:3000/" "Mozilla/5.0 (Windows NT 10.0; Win64; x64) AppleWebKit/537.36 (KHTML, like Gecko) Chrome/126.0.6478.36 Electron/31.0.0 Safari/537.36"
::1 - - [13/Jun/2024:10:39:03 +0000] "GET /proxy?url=https%3A%2F%2Fgoogle.com%2F HTTP/1.1" 500 23 "-" "Mozilla/5.0 (Windows NT 10.0; Win64; x64) AppleWebKit/537.36 (KHTML, like Gecko) Chrome/126.0.6478.36 Electron/31.0.0 Safari/537.36"
::1 - - [13/Jun/2024:10:40:27 +0000] "GET / HTTP/1.1" 304 - "-" "Mozilla/5.0 (Windows NT 10.0; Win64; x64) AppleWebKit/537.36 (KHTML, like Gecko) Chrome/126.0.6478.36 Electron/31.0.0 Safari/537.36"
::1 - - [13/Jun/2024:10:40:28 +0000] "GET /style.css HTTP/1.1" 304 - "http://localhost:3000/" "Mozilla/5.0 (Windows NT 10.0; Win64; x64) AppleWebKit/537.36 (KHTML, like Gecko) Chrome/126.0.6478.36 Electron/31.0.0 Safari/537.36"
::1 - - [13/Jun/2024:10:40:28 +0000] "GET /script.js HTTP/1.1" 304 - "http://localhost:3000/" "Mozilla/5.0 (Windows NT 10.0; Win64; x64) AppleWebKit/537.36 (KHTML, like Gecko) Chrome/126.0.6478.36 Electron/31.0.0 Safari/537.36"
::1 - - [13/Jun/2024:10:40:45 +0000] "GET /proxy?url=https%3A%2F%2Fgoogle.com%2F HTTP/1.1" 500 23 "-" "Mozilla/5.0 (Windows NT 10.0; Win64; x64) AppleWebKit/537.36 (KHTML, like Gecko) Chrome/126.0.6478.36 Electron/31.0.0 Safari/537.36"
::1 - - [13/Jun/2024:10:41:48 +0000] "GET / HTTP/1.1" 304 - "-" "Mozilla/5.0 (Windows NT 10.0; Win64; x64) AppleWebKit/537.36 (KHTML, like Gecko) Chrome/126.0.6478.36 Electron/31.0.0 Safari/537.36"
::1 - - [13/Jun/2024:10:41:49 +0000] "GET /style.css HTTP/1.1" 304 - "http://localhost:3000/" "Mozilla/5.0 (Windows NT 10.0; Win64; x64) AppleWebKit/537.36 (KHTML, like Gecko) Chrome/126.0.6478.36 Electron/31.0.0 Safari/537.36"
::1 - - [13/Jun/2024:10:41:49 +0000] "GET /script.js HTTP/1.1" 304 - "http://localhost:3000/" "Mozilla/5.0 (Windows NT 10.0; Win64; x64) AppleWebKit/537.36 (KHTML, like Gecko) Chrome/126.0.6478.36 Electron/31.0.0 Safari/537.36"
::1 - - [13/Jun/2024:10:42:15 +0000] "GET /proxy?url=https%3A%2F%2Fgoogle.com%2F HTTP/1.1" 500 23 "-" "Mozilla/5.0 (Windows NT 10.0; Win64; x64) AppleWebKit/537.36 (KHTML, like Gecko) Chrome/126.0.6478.36 Electron/31.0.0 Safari/537.36"
::1 - - [13/Jun/2024:10:43:41 +0000] "GET /proxy?url=https%3A%2F%2Fgoogle.com%2F HTTP/1.1" 500 23 "-" "Mozilla/5.0 (Windows NT 10.0; Win64; x64) AppleWebKit/537.36 (KHTML, like Gecko) Chrome/126.0.6478.36 Electron/31.0.0 Safari/537.36"
::1 - - [13/Jun/2024:10:44:43 +0000] "GET / HTTP/1.1" 200 884 "-" "Mozilla/5.0 (Windows NT 10.0; Win64; x64) AppleWebKit/537.36 (KHTML, like Gecko) Chrome/126.0.6478.36 Electron/31.0.0 Safari/537.36"
::1 - - [13/Jun/2024:10:44:43 +0000] "GET /style.css HTTP/1.1" 304 - "http://localhost:3000/" "Mozilla/5.0 (Windows NT 10.0; Win64; x64) AppleWebKit/537.36 (KHTML, like Gecko) Chrome/126.0.6478.36 Electron/31.0.0 Safari/537.36"
::1 - - [13/Jun/2024:10:44:43 +0000] "GET /script.js HTTP/1.1" 304 - "http://localhost:3000/" "Mozilla/5.0 (Windows NT 10.0; Win64; x64) AppleWebKit/537.36 (KHTML, like Gecko) Chrome/126.0.6478.36 Electron/31.0.0 Safari/537.36"
::1 - - [13/Jun/2024:10:44:56 +0000] "GET /proxy?url=https%3A%2F%2Fgoogle.com%2F HTTP/1.1" 500 23 "-" "Mozilla/5.0 (Windows NT 10.0; Win64; x64) AppleWebKit/537.36 (KHTML, like Gecko) Chrome/126.0.6478.36 Electron/31.0.0 Safari/537.36"
::1 - - [13/Jun/2024:10:45:11 +0000] "GET / HTTP/1.1" 304 - "-" "Mozilla/5.0 (Windows NT 10.0; Win64; x64) AppleWebKit/537.36 (KHTML, like Gecko) Chrome/126.0.6478.36 Electron/31.0.0 Safari/537.36"
::1 - - [13/Jun/2024:10:45:12 +0000] "GET /style.css HTTP/1.1" 304 - "http://localhost:3000/" "Mozilla/5.0 (Windows NT 10.0; Win64; x64) AppleWebKit/537.36 (KHTML, like Gecko) Chrome/126.0.6478.36 Electron/31.0.0 Safari/537.36"
::1 - - [13/Jun/2024:10:45:12 +0000] "GET /script.js HTTP/1.1" 304 - "http://localhost:3000/" "Mozilla/5.0 (Windows NT 10.0; Win64; x64) AppleWebKit/537.36 (KHTML, like Gecko) Chrome/126.0.6478.36 Electron/31.0.0 Safari/537.36"
::1 - - [13/Jun/2024:10:45:33 +0000] "GET / HTTP/1.1" 304 - "-" "Mozilla/5.0 (Windows NT 10.0; Win64; x64) AppleWebKit/537.36 (KHTML, like Gecko) Chrome/126.0.6478.36 Electron/31.0.0 Safari/537.36"
::1 - - [13/Jun/2024:10:45:33 +0000] "GET /script.js HTTP/1.1" 304 - "http://localhost:3000/" "Mozilla/5.0 (Windows NT 10.0; Win64; x64) AppleWebKit/537.36 (KHTML, like Gecko) Chrome/126.0.6478.36 Electron/31.0.0 Safari/537.36"
::1 - - [13/Jun/2024:10:45:33 +0000] "GET /style.css HTTP/1.1" 304 - "http://localhost:3000/" "Mozilla/5.0 (Windows NT 10.0; Win64; x64) AppleWebKit/537.36 (KHTML, like Gecko) Chrome/126.0.6478.36 Electron/31.0.0 Safari/537.36"
::1 - - [13/Jun/2024:10:45:54 +0000] "GET /proxy?url=https%3A%2F%2Fgoogle.com%2F HTTP/1.1" 500 23 "-" "Mozilla/5.0 (Windows NT 10.0; Win64; x64) AppleWebKit/537.36 (KHTML, like Gecko) Chrome/126.0.6478.36 Electron/31.0.0 Safari/537.36"
::1 - - [13/Jun/2024:10:47:06 +0000] "GET / HTTP/1.1" 304 - "-" "Mozilla/5.0 (Windows NT 10.0; Win64; x64) AppleWebKit/537.36 (KHTML, like Gecko) Chrome/126.0.6478.36 Electron/31.0.0 Safari/537.36"
::1 - - [13/Jun/2024:10:47:08 +0000] "GET /style.css HTTP/1.1" 304 - "http://localhost:3000/" "Mozilla/5.0 (Windows NT 10.0; Win64; x64) AppleWebKit/537.36 (KHTML, like Gecko) Chrome/126.0.6478.36 Electron/31.0.0 Safari/537.36"
::1 - - [13/Jun/2024:10:47:08 +0000] "GET /script.js HTTP/1.1" 304 - "http://localhost:3000/" "Mozilla/5.0 (Windows NT 10.0; Win64; x64) AppleWebKit/537.36 (KHTML, like Gecko) Chrome/126.0.6478.36 Electron/31.0.0 Safari/537.36"
::1 - - [13/Jun/2024:10:47:43 +0000] "GET /proxy?url=https%3A%2F%2Fgoogle.com%2F HTTP/1.1" 500 23 "-" "Mozilla/5.0 (Windows NT 10.0; Win64; x64) AppleWebKit/537.36 (KHTML, like Gecko) Chrome/126.0.6478.36 Electron/31.0.0 Safari/537.36"
::1 - - [13/Jun/2024:10:48:37 +0000] "GET / HTTP/1.1" 304 - "-" "Mozilla/5.0 (Windows NT 10.0; Win64; x64) AppleWebKit/537.36 (KHTML, like Gecko) Chrome/126.0.6478.36 Electron/31.0.0 Safari/537.36"
::1 - - [13/Jun/2024:10:48:40 +0000] "GET / HTTP/1.1" 304 - "-" "Mozilla/5.0 (Windows NT 10.0; Win64; x64) AppleWebKit/537.36 (KHTML, like Gecko) Chrome/126.0.6478.36 Electron/31.0.0 Safari/537.36"
::1 - - [13/Jun/2024:10:48:42 +0000] "GET / HTTP/1.1" 304 - "-" "Mozilla/5.0 (Windows NT 10.0; Win64; x64) AppleWebKit/537.36 (KHTML, like Gecko) Chrome/126.0.6478.36 Electron/31.0.0 Safari/537.36"
::1 - - [13/Jun/2024:10:48:46 +0000] "GET /script.js HTTP/1.1" 304 - "http://localhost:3000/" "Mozilla/5.0 (Windows NT 10.0; Win64; x64) AppleWebKit/537.36 (KHTML, like Gecko) Chrome/126.0.6478.36 Electron/31.0.0 Safari/537.36"
::1 - - [13/Jun/2024:10:48:46 +0000] "GET /style.css HTTP/1.1" 304 - "http://localhost:3000/" "Mozilla/5.0 (Windows NT 10.0; Win64; x64) AppleWebKit/537.36 (KHTML, like Gecko) Chrome/126.0.6478.36 Electron/31.0.0 Safari/537.36"
::1 - - [13/Jun/2024:10:48:52 +0000] "GET / HTTP/1.1" 304 - "-" "Mozilla/5.0 (Windows NT 10.0; Win64; x64) AppleWebKit/537.36 (KHTML, like Gecko) Chrome/126.0.6478.36 Electron/31.0.0 Safari/537.36"
::1 - - [13/Jun/2024:10:48:53 +0000] "GET /style.css HTTP/1.1" 304 - "http://localhost:3000/" "Mozilla/5.0 (Windows NT 10.0; Win64; x64) AppleWebKit/537.36 (KHTML, like Gecko) Chrome/126.0.6478.36 Electron/31.0.0 Safari/537.36"
::1 - - [13/Jun/2024:10:48:53 +0000] "GET /script.js HTTP/1.1" 304 - "http://localhost:3000/" "Mozilla/5.0 (Windows NT 10.0; Win64; x64) AppleWebKit/537.36 (KHTML, like Gecko) Chrome/126.0.6478.36 Electron/31.0.0 Safari/537.36"
::1 - - [13/Jun/2024:11:29:18 +0000] "GET / HTTP/1.1" 304 - "-" "Mozilla/5.0 (Windows NT 10.0; Win64; x64) AppleWebKit/537.36 (KHTML, like Gecko) Chrome/126.0.6478.36 Electron/31.0.0 Safari/537.36"
::1 - - [13/Jun/2024:11:29:19 +0000] "GET /style.css HTTP/1.1" 304 - "http://localhost:3000/" "Mozilla/5.0 (Windows NT 10.0; Win64; x64) AppleWebKit/537.36 (KHTML, like Gecko) Chrome/126.0.6478.36 Electron/31.0.0 Safari/537.36"
::1 - - [13/Jun/2024:11:29:19 +0000] "GET /script.js HTTP/1.1" 304 - "http://localhost:3000/" "Mozilla/5.0 (Windows NT 10.0; Win64; x64) AppleWebKit/537.36 (KHTML, like Gecko) Chrome/126.0.6478.36 Electron/31.0.0 Safari/537.36"
::1 - - [13/Jun/2024:11:30:15 +0000] "GET /proxy?url=https%3A%2F%2Fgoogle.com%2F HTTP/1.1" 500 23 "-" "Mozilla/5.0 (Windows NT 10.0; Win64; x64) AppleWebKit/537.36 (KHTML, like Gecko) Chrome/126.0.6478.36 Electron/31.0.0 Safari/537.36"
::1 - - [13/Jun/2024:11:30:17 +0000] "GET /proxy?url=https%3A%2F%2Fgoogle.com%2F HTTP/1.1" 500 23 "-" "Mozilla/5.0 (Windows NT 10.0; Win64; x64) AppleWebKit/537.36 (KHTML, like Gecko) Chrome/126.0.6478.36 Electron/31.0.0 Safari/537.36"
::1 - - [13/Jun/2024:11:30:18 +0000] "GET /proxy?url=https%3A%2F%2Fgoogle.com%2F HTTP/1.1" 500 23 "-" "Mozilla/5.0 (Windows NT 10.0; Win64; x64) AppleWebKit/537.36 (KHTML, like Gecko) Chrome/126.0.6478.36 Electron/31.0.0 Safari/537.36"
::1 - - [13/Jun/2024:11:39:33 +0000] "GET / HTTP/1.1" 304 - "-" "Mozilla/5.0 (Windows NT 10.0; Win64; x64) AppleWebKit/537.36 (KHTML, like Gecko) Chrome/126.0.6478.36 Electron/31.0.0 Safari/537.36"
::1 - - [13/Jun/2024:11:39:35 +0000] "GET /style.css HTTP/1.1" 304 - "http://localhost:3000/" "Mozilla/5.0 (Windows NT 10.0; Win64; x64) AppleWebKit/537.36 (KHTML, like Gecko) Chrome/126.0.6478.36 Electron/31.0.0 Safari/537.36"
::1 - - [13/Jun/2024:11:39:35 +0000] "GET /script.js HTTP/1.1" 304 - "http://localhost:3000/" "Mozilla/5.0 (Windows NT 10.0; Win64; x64) AppleWebKit/537.36 (KHTML, like Gecko) Chrome/126.0.6478.36 Electron/31.0.0 Safari/537.36"
::1 - - [13/Jun/2024:11:39:48 +0000] "GET /proxy?url=https%3A%2F%2Fgoogle.com%2F HTTP/1.1" 500 23 "-" "Mozilla/5.0 (Windows NT 10.0; Win64; x64) AppleWebKit/537.36 (KHTML, like Gecko) Chrome/126.0.6478.36 Electron/31.0.0 Safari/537.36"
::1 - - [13/Jun/2024:11:52:21 +0000] "GET /proxy?url=https%3A%2F%2Fwww.google.com%2F HTTP/1.1" 500 23 "-" "Mozilla/5.0 (Windows NT 10.0; Win64; x64) AppleWebKit/537.36 (KHTML, like Gecko) Chrome/126.0.6478.36 Electron/31.0.0 Safari/537.36"
::1 - - [16/Jun/2024:08:18:32 +0000] "GET / HTTP/1.1" 304 - "-" "Mozilla/5.0 (Windows NT 10.0; Win64; x64) AppleWebKit/537.36 (KHTML, like Gecko) Chrome/126.0.6478.36 Electron/31.0.1 Safari/537.36"
::1 - - [16/Jun/2024:08:18:32 +0000] "GET /style.css HTTP/1.1" 304 - "http://localhost:3000/" "Mozilla/5.0 (Windows NT 10.0; Win64; x64) AppleWebKit/537.36 (KHTML, like Gecko) Chrome/126.0.6478.36 Electron/31.0.1 Safari/537.36"
::1 - - [16/Jun/2024:08:18:32 +0000] "GET /script.js HTTP/1.1" 304 - "http://localhost:3000/" "Mozilla/5.0 (Windows NT 10.0; Win64; x64) AppleWebKit/537.36 (KHTML, like Gecko) Chrome/126.0.6478.36 Electron/31.0.1 Safari/537.36"
::1 - - [16/Jun/2024:08:19:30 +0000] "GET / HTTP/1.1" 304 - "-" "Mozilla/5.0 (Windows NT 10.0; Win64; x64) AppleWebKit/537.36 (KHTML, like Gecko) Chrome/126.0.6478.36 Electron/31.0.1 Safari/537.36"
::1 - - [16/Jun/2024:08:19:30 +0000] "GET /style.css HTTP/1.1" 304 - "http://localhost:3000/" "Mozilla/5.0 (Windows NT 10.0; Win64; x64) AppleWebKit/537.36 (KHTML, like Gecko) Chrome/126.0.6478.36 Electron/31.0.1 Safari/537.36"
::1 - - [16/Jun/2024:08:19:30 +0000] "GET /script.js HTTP/1.1" 304 - "http://localhost:3000/" "Mozilla/5.0 (Windows NT 10.0; Win64; x64) AppleWebKit/537.36 (KHTML, like Gecko) Chrome/126.0.6478.36 Electron/31.0.1 Safari/537.36"
::1 - - [16/Jun/2024:08:21:50 +0000] "GET /style.css HTTP/1.1" 304 - "http://localhost:3000/" "Mozilla/5.0 (Windows NT 10.0; Win64; x64) AppleWebKit/537.36 (KHTML, like Gecko) Chrome/126.0.6478.36 Electron/31.0.1 Safari/537.36"
::1 - - [16/Jun/2024:08:22:17 +0000] "GET / HTTP/1.1" 200 884 "-" "Mozilla/5.0 (Windows NT 10.0; Win64; x64) AppleWebKit/537.36 (KHTML, like Gecko) Chrome/126.0.6478.36 Electron/31.0.1 Safari/537.36"
::1 - - [16/Jun/2024:08:22:17 +0000] "GET /script.js HTTP/1.1" 200 2351 "http://localhost:3000/" "Mozilla/5.0 (Windows NT 10.0; Win64; x64) AppleWebKit/537.36 (KHTML, like Gecko) Chrome/126.0.6478.36 Electron/31.0.1 Safari/537.36"
::1 - - [16/Jun/2024:08:22:17 +0000] "GET /style.css HTTP/1.1" 200 1627 "http://localhost:3000/" "Mozilla/5.0 (Windows NT 10.0; Win64; x64) AppleWebKit/537.36 (KHTML, like Gecko) Chrome/126.0.6478.36 Electron/31.0.1 Safari/537.36"
::1 - - [16/Jun/2024:08:22:26 +0000] "GET /x.com HTTP/1.1" 404 144 "-" "Mozilla/5.0 (Windows NT 10.0; Win64; x64) AppleWebKit/537.36 (KHTML, like Gecko) Chrome/126.0.6478.36 Electron/31.0.1 Safari/537.36"
::1 - - [16/Jun/2024:08:58:55 +0000] "GET / HTTP/1.1" 304 - "-" "Mozilla/5.0 (Windows NT 10.0; Win64; x64) AppleWebKit/537.36 (KHTML, like Gecko) Chrome/126.0.6478.36 Electron/31.0.1 Safari/537.36"
::1 - - [16/Jun/2024:08:58:55 +0000] "GET /style.css HTTP/1.1" 304 - "http://localhost:3000/" "Mozilla/5.0 (Windows NT 10.0; Win64; x64) AppleWebKit/537.36 (KHTML, like Gecko) Chrome/126.0.6478.36 Electron/31.0.1 Safari/537.36"
::1 - - [16/Jun/2024:08:58:55 +0000] "GET /script.js HTTP/1.1" 200 3824 "http://localhost:3000/" "Mozilla/5.0 (Windows NT 10.0; Win64; x64) AppleWebKit/537.36 (KHTML, like Gecko) Chrome/126.0.6478.36 Electron/31.0.1 Safari/537.36"
::1 - - [16/Jun/2024:08:59:48 +0000] "GET /style.css HTTP/1.1" 304 - "http://localhost:3000/" "Mozilla/5.0 (Windows NT 10.0; Win64; x64) AppleWebKit/537.36 (KHTML, like Gecko) Chrome/126.0.6478.36 Electron/31.0.1 Safari/537.36"
::1 - - [16/Jun/2024:09:00:34 +0000] "GET / HTTP/1.1" 200 884 "-" "Mozilla/5.0 (Windows NT 10.0; Win64; x64) AppleWebKit/537.36 (KHTML, like Gecko) Chrome/126.0.6478.36 Electron/31.0.1 Safari/537.36"
::1 - - [16/Jun/2024:09:00:34 +0000] "GET /style.css HTTP/1.1" 200 1627 "http://localhost:3000/" "Mozilla/5.0 (Windows NT 10.0; Win64; x64) AppleWebKit/537.36 (KHTML, like Gecko) Chrome/126.0.6478.36 Electron/31.0.1 Safari/537.36"
::1 - - [16/Jun/2024:09:00:34 +0000] "GET /script.js HTTP/1.1" 200 3763 "http://localhost:3000/" "Mozilla/5.0 (Windows NT 10.0; Win64; x64) AppleWebKit/537.36 (KHTML, like Gecko) Chrome/126.0.6478.36 Electron/31.0.1 Safari/537.36"
::1 - - [16/Jun/2024:09:03:31 +0000] "GET / HTTP/1.1" 200 884 "-" "Mozilla/5.0 (Windows NT 10.0; Win64; x64) AppleWebKit/537.36 (KHTML, like Gecko) Chrome/126.0.6478.36 Electron/31.0.1 Safari/537.36"
::1 - - [16/Jun/2024:09:03:31 +0000] "GET /script.js HTTP/1.1" 200 3976 "http://localhost:3000/" "Mozilla/5.0 (Windows NT 10.0; Win64; x64) AppleWebKit/537.36 (KHTML, like Gecko) Chrome/126.0.6478.36 Electron/31.0.1 Safari/537.36"
::1 - - [16/Jun/2024:09:03:31 +0000] "GET /style.css HTTP/1.1" 200 1627 "http://localhost:3000/" "Mozilla/5.0 (Windows NT 10.0; Win64; x64) AppleWebKit/537.36 (KHTML, like Gecko) Chrome/126.0.6478.36 Electron/31.0.1 Safari/537.36"
::1 - - [16/Jun/2024:09:03:53 +0000] "GET /style.css HTTP/1.1" 304 - "http://localhost:3000/" "Mozilla/5.0 (Windows NT 10.0; Win64; x64) AppleWebKit/537.36 (KHTML, like Gecko) Chrome/126.0.6478.36 Electron/31.0.1 Safari/537.36"
::1 - - [16/Jun/2024:09:04:15 +0000] "GET / HTTP/1.1" 304 - "-" "Mozilla/5.0 (Windows NT 10.0; Win64; x64) AppleWebKit/537.36 (KHTML, like Gecko) Chrome/126.0.6478.36 Electron/31.0.1 Safari/537.36"
::1 - - [16/Jun/2024:09:04:15 +0000] "GET /style.css HTTP/1.1" 304 - "http://localhost:3000/" "Mozilla/5.0 (Windows NT 10.0; Win64; x64) AppleWebKit/537.36 (KHTML, like Gecko) Chrome/126.0.6478.36 Electron/31.0.1 Safari/537.36"
::1 - - [16/Jun/2024:09:04:15 +0000] "GET /script.js HTTP/1.1" 200 3915 "http://localhost:3000/" "Mozilla/5.0 (Windows NT 10.0; Win64; x64) AppleWebKit/537.36 (KHTML, like Gecko) Chrome/126.0.6478.36 Electron/31.0.1 Safari/537.36"
::1 - - [16/Jun/2024:09:04:27 +0000] "GET /[object%20PointerEvent] HTTP/1.1" 404 162 "-" "Mozilla/5.0 (Windows NT 10.0; Win64; x64) AppleWebKit/537.36 (KHTML, like Gecko) Chrome/126.0.6478.36 Electron/31.0.1 Safari/537.36"
::1 - - [16/Jun/2024:09:07:21 +0000] "GET / HTTP/1.1" 304 - "-" "Mozilla/5.0 (Windows NT 10.0; Win64; x64) AppleWebKit/537.36 (KHTML, like Gecko) Chrome/126.0.6478.36 Electron/31.0.1 Safari/537.36"
::1 - - [16/Jun/2024:09:07:22 +0000] "GET /style.css HTTP/1.1" 304 - "http://localhost:3000/" "Mozilla/5.0 (Windows NT 10.0; Win64; x64) AppleWebKit/537.36 (KHTML, like Gecko) Chrome/126.0.6478.36 Electron/31.0.1 Safari/537.36"
::1 - - [16/Jun/2024:09:07:22 +0000] "GET /script.js HTTP/1.1" 200 3950 "http://localhost:3000/" "Mozilla/5.0 (Windows NT 10.0; Win64; x64) AppleWebKit/537.36 (KHTML, like Gecko) Chrome/126.0.6478.36 Electron/31.0.1 Safari/537.36"
::1 - - [16/Jun/2024:09:09:28 +0000] "GET /style.css HTTP/1.1" 304 - "http://localhost:3000/" "Mozilla/5.0 (Windows NT 10.0; Win64; x64) AppleWebKit/537.36 (KHTML, like Gecko) Chrome/126.0.6478.36 Electron/31.0.1 Safari/537.36"
