::1 - - [13/Jun/2024:07:08:56 +0000] "GET /proxy?url=file%3A%2F%2F%2FD%3A%2Fbrowser%2Ffront-end%2Findex.html HTTP/1.1" 500 29 "-" "axios/1.7.2"
::1 - - [13/Jun/2024:07:10:18 +0000] "GET /public HTTP/1.1" 404 145 "-" "Mozilla/5.0 (Windows NT 10.0; Win64; x64) AppleWebKit/537.36 (KHTML, like Gecko) Chrome/126.0.6478.36 Electron/31.0.0 Safari/537.36"
::1 - - [13/Jun/2024:07:10:25 +0000] "GET /public/index HTTP/1.1" 404 151 "-" "Mozilla/5.0 (Windows NT 10.0; Win64; x64) AppleWebKit/537.36 (KHTML, like Gecko) Chrome/126.0.6478.36 Electron/31.0.0 Safari/537.36"
::1 - - [13/Jun/2024:07:10:28 +0000] "GET /public/index.html HTTP/1.1" 404 156 "-" "Mozilla/5.0 (Windows NT 10.0; Win64; x64) AppleWebKit/537.36 (KHTML, like Gecko) Chrome/126.0.6478.36 Electron/31.0.0 Safari/537.36"
::1 - - [13/Jun/2024:07:10:58 +0000] "GET /public/index.html HTTP/1.1" 404 156 "-" "Mozilla/5.0 (Windows NT 10.0; Win64; x64) AppleWebKit/537.36 (KHTML, like Gecko) Chrome/126.0.6478.36 Electron/31.0.0 Safari/537.36"
::1 - - [13/Jun/2024:07:11:16 +0000] "GET /public/index.html HTTP/1.1" 404 156 "-" "Mozilla/5.0 (Windows NT 10.0; Win64; x64) AppleWebKit/537.36 (KHTML, like Gecko) Chrome/126.0.6478.36 Electron/31.0.0 Safari/537.36"
::1 - - [13/Jun/2024:07:12:38 +0000] "GET /public/index.html HTTP/1.1" 404 156 "-" "Mozilla/5.0 (Windows NT 10.0; Win64; x64) AppleWebKit/537.36 (KHTML, like Gecko) Chrome/126.0.6478.36 Electron/31.0.0 Safari/537.36"
::1 - - [13/Jun/2024:07:13:11 +0000] "GET /public/index.html HTTP/1.1" 404 156 "-" "Mozilla/5.0 (Windows NT 10.0; Win64; x64) AppleWebKit/537.36 (KHTML, like Gecko) Chrome/126.0.6478.36 Electron/31.0.0 Safari/537.36"
::1 - - [13/Jun/2024:07:13:16 +0000] "GET /public/index.html HTTP/1.1" 404 156 "-" "Mozilla/5.0 (Windows NT 10.0; Win64; x64) AppleWebKit/537.36 (KHTML, like Gecko) Chrome/126.0.6478.36 Electron/31.0.0 Safari/537.36"
::1 - - [13/Jun/2024:07:13:18 +0000] "GET /public/index.html HTTP/1.1" 404 156 "-" "Mozilla/5.0 (Windows NT 10.0; Win64; x64) AppleWebKit/537.36 (KHTML, like Gecko) Chrome/126.0.6478.36 Electron/31.0.0 Safari/537.36"
::1 - - [13/Jun/2024:07:13:20 +0000] "GET /public/index.html HTTP/1.1" 404 156 "-" "Mozilla/5.0 (Windows NT 10.0; Win64; x64) AppleWebKit/537.36 (KHTML, like Gecko) Chrome/126.0.6478.36 Electron/31.0.0 Safari/537.36"
::1 - - [13/Jun/2024:07:13:25 +0000] "GET /public/index.html HTTP/1.1" 404 156 "-" "Mozilla/5.0 (Windows NT 10.0; Win64; x64) AppleWebKit/537.36 (KHTML, like Gecko) Chrome/126.0.6478.36 Electron/31.0.0 Safari/537.36"
::1 - - [13/Jun/2024:07:13:30 +0000] "GET /public/index.html HTTP/1.1" 404 156 "-" "Mozilla/5.0 (Windows NT 10.0; Win64; x64) AppleWebKit/537.36 (KHTML, like Gecko) Chrome/126.0.6478.36 Electron/31.0.0 Safari/537.36"
::1 - - [13/Jun/2024:07:13:53 +0000] "GET /public/index.html HTTP/1.1" 404 156 "-" "Mozilla/5.0 (Windows NT 10.0; Win64; x64) AppleWebKit/537.36 (KHTML, like Gecko) Chrome/126.0.6478.36 Electron/31.0.0 Safari/537.36"
::1 - - [13/Jun/2024:07:13:57 +0000] "GET /public/index.html HTTP/1.1" 404 156 "-" "Mozilla/5.0 (Windows NT 10.0; Win64; x64) AppleWebKit/537.36 (KHTML, like Gecko) Chrome/126.0.6478.36 Electron/31.0.0 Safari/537.36"
::1 - - [13/Jun/2024:07:13:58 +0000] "GET /public/index.html HTTP/1.1" 404 156 "-" "Mozilla/5.0 (Windows NT 10.0; Win64; x64) AppleWebKit/537.36 (KHTML, like Gecko) Chrome/126.0.6478.36 Electron/31.0.0 Safari/537.36"
::1 - - [13/Jun/2024:07:14:00 +0000] "GET /public/index.html HTTP/1.1" 404 156 "-" "Mozilla/5.0 (Windows NT 10.0; Win64; x64) AppleWebKit/537.36 (KHTML, like Gecko) Chrome/126.0.6478.36 Electron/31.0.0 Safari/537.36"
::1 - - [13/Jun/2024:07:14:02 +0000] "GET /public/index.html HTTP/1.1" 404 156 "-" "Mozilla/5.0 (Windows NT 10.0; Win64; x64) AppleWebKit/537.36 (KHTML, like Gecko) Chrome/126.0.6478.36 Electron/31.0.0 Safari/537.36"
::1 - - [13/Jun/2024:07:14:26 +0000] "GET /public/index.html HTTP/1.1" 404 156 "-" "Mozilla/5.0 (Windows NT 10.0; Win64; x64) AppleWebKit/537.36 (KHTML, like Gecko) Chrome/126.0.6478.36 Electron/31.0.0 Safari/537.36"
::1 - - [13/Jun/2024:07:16:32 +0000] "GET /proxy?url=devtools%3A%2F%2Fdevtools%2Fbundled%2Fdevtools_app.html%3FremoteBase%3Dhttps%3A%2F%2Fchrome-devtools-frontend.appspot.com%2Fserve_file%2F%400a1a1d83444b540ed34849d6e92ceea1cc9f3868%2F%26can_dock%3Dtrue%26toolbarColor%3Drgba(223%2C223%2C223%2C1)%26textColor%3Drgba(0%2C0%2C0%2C1)%26experiments%3Dtrue HTTP/1.1" 500 42 "-" "axios/1.7.2"
::1 - - [13/Jun/2024:07:18:17 +0000] "GET /proxy?url=devtools%3A%2F%2Fdevtools%2Fbundled%2Fdevtools_app.html%3FremoteBase%3Dhttps%3A%2F%2Fchrome-devtools-frontend.appspot.com%2Fserve_file%2F%400a1a1d83444b540ed34849d6e92ceea1cc9f3868%2F%26can_dock%3Dtrue%26toolbarColor%3Drgba(223%2C223%2C223%2C1)%26textColor%3Drgba(0%2C0%2C0%2C1)%26experiments%3Dtrue HTTP/1.1" 500 42 "-" "axios/1.7.2"
::1 - - [13/Jun/2024:10:12:36 +0000] "GET /wiki/Annie_Genevard HTTP/1.1" 404 158 "-" "Mozilla/5.0 (Windows NT 10.0; Win64; x64) AppleWebKit/537.36 (KHTML, like Gecko) Chrome/126.0.6478.36 Electron/31.0.0 Safari/537.36"
::1 - - [13/Jun/2024:10:17:57 +0000] "GET /proxyhttp%3A%2F%2Flocalhost%3A3000%2F HTTP/1.1" 404 176 "-" "Mozilla/5.0 (Windows NT 10.0; Win64; x64) AppleWebKit/537.36 (KHTML, like Gecko) Chrome/126.0.6478.36 Electron/31.0.0 Safari/537.36"
::1 - - [13/Jun/2024:10:18:00 +0000] "GET /proxy?url=http%3A%2F%2Flocalhost%3A3000%2F HTTP/1.1" 500 23 "-" "Mozilla/5.0 (Windows NT 10.0; Win64; x64) AppleWebKit/537.36 (KHTML, like Gecko) Chrome/126.0.6478.36 Electron/31.0.0 Safari/537.36"
::1 - - [13/Jun/2024:10:18:44 +0000] "GET /proxy?url=http%3A%2F%2Flocalhost%3A3000%2F HTTP/1.1" 500 23 "-" "Mozilla/5.0 (Windows NT 10.0; Win64; x64) AppleWebKit/537.36 (KHTML, like Gecko) Chrome/126.0.6478.36 Electron/31.0.0 Safari/537.36"
::1 - - [13/Jun/2024:10:19:42 +0000] "GET /proxy?url=https%3A%2F%2Fdeveloper.mozilla.org%2Fen-us%2Fdocs%2Fweb%2Fjavascript%2Freference%2Fglobal_objects%2Fdecodeuricomponent%23syntax HTTP/1.1" 500 23 "-" "Mozilla/5.0 (Windows NT 10.0; Win64; x64) AppleWebKit/537.36 (KHTML, like Gecko) Chrome/126.0.6478.36 Electron/31.0.0 Safari/537.36"
::1 - - [13/Jun/2024:10:21:07 +0000] "GET /proxy?url=https%3A%2F%2Fgoogle.com%2F HTTP/1.1" 500 23 "-" "Mozilla/5.0 (Windows NT 10.0; Win64; x64) AppleWebKit/537.36 (KHTML, like Gecko) Chrome/126.0.6478.36 Electron/31.0.0 Safari/537.36"
::1 - - [13/Jun/2024:10:22:26 +0000] "GET /proxy?url=https%3A%2F%2Fgoogle.com%2F HTTP/1.1" 500 23 "-" "Mozilla/5.0 (Windows NT 10.0; Win64; x64) AppleWebKit/537.36 (KHTML, like Gecko) Chrome/126.0.6478.36 Electron/31.0.0 Safari/537.36"
::1 - - [13/Jun/2024:10:24:15 +0000] "GET /proxy?url=https%3A%2F%2Fdeveloper.mozilla.org%2Fen-us%2Fdocs%2Fweb%2Fjavascript%2Freference%2Fglobal_objects%2Fdecodeuricomponent%23syntax HTTP/1.1" 500 23 "-" "Mozilla/5.0 (Windows NT 10.0; Win64; x64) AppleWebKit/537.36 (KHTML, like Gecko) Chrome/126.0.6478.36 Electron/31.0.0 Safari/537.36"
::1 - - [13/Jun/2024:10:26:40 +0000] "GET /proxy?url=https%3A%2F%2Fgoogle.com%2F HTTP/1.1" 500 23 "-" "Mozilla/5.0 (Windows NT 10.0; Win64; x64) AppleWebKit/537.36 (KHTML, like Gecko) Chrome/126.0.6478.36 Electron/31.0.0 Safari/537.36"
::1 - - [13/Jun/2024:10:28:04 +0000] "GET /proxy?url=https%3A%2F%2Fgoogle.com%2F HTTP/1.1" 500 23 "-" "Mozilla/5.0 (Windows NT 10.0; Win64; x64) AppleWebKit/537.36 (KHTML, like Gecko) Chrome/126.0.6478.36 Electron/31.0.0 Safari/537.36"
::1 - - [13/Jun/2024:10:28:48 +0000] "GET /proxy?url=https%3A%2F%2Fgoogle.com%2F HTTP/1.1" 500 23 "-" "Mozilla/5.0 (Windows NT 10.0; Win64; x64) AppleWebKit/537.36 (KHTML, like Gecko) Chrome/126.0.6478.36 Electron/31.0.0 Safari/537.36"
::1 - - [13/Jun/2024:10:29:25 +0000] "GET /proxy?url=https%3A%2F%2Fgoogle.com%2F HTTP/1.1" 500 23 "-" "Mozilla/5.0 (Windows NT 10.0; Win64; x64) AppleWebKit/537.36 (KHTML, like Gecko) Chrome/126.0.6478.36 Electron/31.0.0 Safari/537.36"
::1 - - [13/Jun/2024:10:30:44 +0000] "GET /proxy?url=https%3A%2F%2Fgoogle.com%2F HTTP/1.1" 500 23 "-" "Mozilla/5.0 (Windows NT 10.0; Win64; x64) AppleWebKit/537.36 (KHTML, like Gecko) Chrome/126.0.6478.36 Electron/31.0.0 Safari/537.36"
::1 - - [13/Jun/2024:10:31:22 +0000] "GET /proxy?url=https%3A%2F%2Fgoogle.com%2F HTTP/1.1" 500 23 "-" "Mozilla/5.0 (Windows NT 10.0; Win64; x64) AppleWebKit/537.36 (KHTML, like Gecko) Chrome/126.0.6478.36 Electron/31.0.0 Safari/537.36"
::1 - - [13/Jun/2024:10:33:22 +0000] "GET /proxy?url=https%3A%2F%2Fgoogle.com%2F HTTP/1.1" 500 23 "-" "Mozilla/5.0 (Windows NT 10.0; Win64; x64) AppleWebKit/537.36 (KHTML, like Gecko) Chrome/126.0.6478.36 Electron/31.0.0 Safari/537.36"
::1 - - [13/Jun/2024:10:35:59 +0000] "GET /proxy?url=https%3A%2F%2Fgoogle.com%2F HTTP/1.1" 500 23 "-" "Mozilla/5.0 (Windows NT 10.0; Win64; x64) AppleWebKit/537.36 (KHTML, like Gecko) Chrome/126.0.6478.36 Electron/31.0.0 Safari/537.36"
::1 - - [13/Jun/2024:10:37:49 +0000] "GET /proxy?url=https%3A%2F%2Fgoogle.com%2F HTTP/1.1" 500 23 "-" "Mozilla/5.0 (Windows NT 10.0; Win64; x64) AppleWebKit/537.36 (KHTML, like Gecko) Chrome/126.0.6478.36 Electron/31.0.0 Safari/537.36"
::1 - - [13/Jun/2024:10:39:03 +0000] "GET /proxy?url=https%3A%2F%2Fgoogle.com%2F HTTP/1.1" 500 23 "-" "Mozilla/5.0 (Windows NT 10.0; Win64; x64) AppleWebKit/537.36 (KHTML, like Gecko) Chrome/126.0.6478.36 Electron/31.0.0 Safari/537.36"
::1 - - [13/Jun/2024:10:40:45 +0000] "GET /proxy?url=https%3A%2F%2Fgoogle.com%2F HTTP/1.1" 500 23 "-" "Mozilla/5.0 (Windows NT 10.0; Win64; x64) AppleWebKit/537.36 (KHTML, like Gecko) Chrome/126.0.6478.36 Electron/31.0.0 Safari/537.36"
::1 - - [13/Jun/2024:10:42:15 +0000] "GET /proxy?url=https%3A%2F%2Fgoogle.com%2F HTTP/1.1" 500 23 "-" "Mozilla/5.0 (Windows NT 10.0; Win64; x64) AppleWebKit/537.36 (KHTML, like Gecko) Chrome/126.0.6478.36 Electron/31.0.0 Safari/537.36"
::1 - - [13/Jun/2024:10:43:41 +0000] "GET /proxy?url=https%3A%2F%2Fgoogle.com%2F HTTP/1.1" 500 23 "-" "Mozilla/5.0 (Windows NT 10.0; Win64; x64) AppleWebKit/537.36 (KHTML, like Gecko) Chrome/126.0.6478.36 Electron/31.0.0 Safari/537.36"
::1 - - [13/Jun/2024:10:44:56 +0000] "GET /proxy?url=https%3A%2F%2Fgoogle.com%2F HTTP/1.1" 500 23 "-" "Mozilla/5.0 (Windows NT 10.0; Win64; x64) AppleWebKit/537.36 (KHTML, like Gecko) Chrome/126.0.6478.36 Electron/31.0.0 Safari/537.36"
::1 - - [13/Jun/2024:10:45:54 +0000] "GET /proxy?url=https%3A%2F%2Fgoogle.com%2F HTTP/1.1" 500 23 "-" "Mozilla/5.0 (Windows NT 10.0; Win64; x64) AppleWebKit/537.36 (KHTML, like Gecko) Chrome/126.0.6478.36 Electron/31.0.0 Safari/537.36"
::1 - - [13/Jun/2024:10:47:43 +0000] "GET /proxy?url=https%3A%2F%2Fgoogle.com%2F HTTP/1.1" 500 23 "-" "Mozilla/5.0 (Windows NT 10.0; Win64; x64) AppleWebKit/537.36 (KHTML, like Gecko) Chrome/126.0.6478.36 Electron/31.0.0 Safari/537.36"
::1 - - [13/Jun/2024:11:30:15 +0000] "GET /proxy?url=https%3A%2F%2Fgoogle.com%2F HTTP/1.1" 500 23 "-" "Mozilla/5.0 (Windows NT 10.0; Win64; x64) AppleWebKit/537.36 (KHTML, like Gecko) Chrome/126.0.6478.36 Electron/31.0.0 Safari/537.36"
::1 - - [13/Jun/2024:11:30:17 +0000] "GET /proxy?url=https%3A%2F%2Fgoogle.com%2F HTTP/1.1" 500 23 "-" "Mozilla/5.0 (Windows NT 10.0; Win64; x64) AppleWebKit/537.36 (KHTML, like Gecko) Chrome/126.0.6478.36 Electron/31.0.0 Safari/537.36"
::1 - - [13/Jun/2024:11:30:18 +0000] "GET /proxy?url=https%3A%2F%2Fgoogle.com%2F HTTP/1.1" 500 23 "-" "Mozilla/5.0 (Windows NT 10.0; Win64; x64) AppleWebKit/537.36 (KHTML, like Gecko) Chrome/126.0.6478.36 Electron/31.0.0 Safari/537.36"
